ARM GAS  /tmp/ccpl2F6O.s 			page 1


   1              		.syntax unified
   2              		.cpu cortex-m4
   3              		.eabi_attribute 27, 1
   4              		.eabi_attribute 28, 1
   5              		.fpu fpv4-sp-d16
   6              		.eabi_attribute 20, 1
   7              		.eabi_attribute 21, 1
   8              		.eabi_attribute 23, 3
   9              		.eabi_attribute 24, 1
  10              		.eabi_attribute 25, 1
  11              		.eabi_attribute 26, 1
  12              		.eabi_attribute 30, 1
  13              		.eabi_attribute 34, 1
  14              		.eabi_attribute 18, 4
  15              		.thumb
  16              		.file	"stm32f4xx_hal.c"
  17              		.text
  18              	.Ltext0:
  19              		.cfi_sections	.debug_frame
  20              		.section	.text.HAL_MspInit,"ax",%progbits
  21              		.align	2
  22              		.weak	HAL_MspInit
  23              		.thumb
  24              		.thumb_func
  26              	HAL_MspInit:
  27              	.LFB114:
  28              		.file 1 "../Drivers/STM32F4xx_HAL_Driver/Src/stm32f4xx_hal.c"
   1:../Drivers/STM32F4xx_HAL_Driver/Src/stm32f4xx_hal.c **** /**
   2:../Drivers/STM32F4xx_HAL_Driver/Src/stm32f4xx_hal.c ****   ******************************************************************************
   3:../Drivers/STM32F4xx_HAL_Driver/Src/stm32f4xx_hal.c ****   * @file    stm32f4xx_hal.c
   4:../Drivers/STM32F4xx_HAL_Driver/Src/stm32f4xx_hal.c ****   * @author  MCD Application Team
   5:../Drivers/STM32F4xx_HAL_Driver/Src/stm32f4xx_hal.c ****   * @version V1.1.0
   6:../Drivers/STM32F4xx_HAL_Driver/Src/stm32f4xx_hal.c ****   * @date    19-June-2014
   7:../Drivers/STM32F4xx_HAL_Driver/Src/stm32f4xx_hal.c ****   * @brief   HAL module driver.
   8:../Drivers/STM32F4xx_HAL_Driver/Src/stm32f4xx_hal.c ****   *          This is the common part of the HAL initialization
   9:../Drivers/STM32F4xx_HAL_Driver/Src/stm32f4xx_hal.c ****   *
  10:../Drivers/STM32F4xx_HAL_Driver/Src/stm32f4xx_hal.c ****   @verbatim
  11:../Drivers/STM32F4xx_HAL_Driver/Src/stm32f4xx_hal.c ****   ==============================================================================
  12:../Drivers/STM32F4xx_HAL_Driver/Src/stm32f4xx_hal.c ****                      ##### How to use this driver #####
  13:../Drivers/STM32F4xx_HAL_Driver/Src/stm32f4xx_hal.c ****   ==============================================================================
  14:../Drivers/STM32F4xx_HAL_Driver/Src/stm32f4xx_hal.c ****     [..]
  15:../Drivers/STM32F4xx_HAL_Driver/Src/stm32f4xx_hal.c ****     The common HAL driver contains a set of generic and common APIs that can be
  16:../Drivers/STM32F4xx_HAL_Driver/Src/stm32f4xx_hal.c ****     used by the PPP peripheral drivers and the user to start using the HAL. 
  17:../Drivers/STM32F4xx_HAL_Driver/Src/stm32f4xx_hal.c ****     [..]
  18:../Drivers/STM32F4xx_HAL_Driver/Src/stm32f4xx_hal.c ****     The HAL contains two APIs' categories: 
  19:../Drivers/STM32F4xx_HAL_Driver/Src/stm32f4xx_hal.c ****          (+) Common HAL APIs
  20:../Drivers/STM32F4xx_HAL_Driver/Src/stm32f4xx_hal.c ****          (+) Services HAL APIs
  21:../Drivers/STM32F4xx_HAL_Driver/Src/stm32f4xx_hal.c **** 
  22:../Drivers/STM32F4xx_HAL_Driver/Src/stm32f4xx_hal.c ****   @endverbatim
  23:../Drivers/STM32F4xx_HAL_Driver/Src/stm32f4xx_hal.c ****   ******************************************************************************
  24:../Drivers/STM32F4xx_HAL_Driver/Src/stm32f4xx_hal.c ****   * @attention
  25:../Drivers/STM32F4xx_HAL_Driver/Src/stm32f4xx_hal.c ****   *
  26:../Drivers/STM32F4xx_HAL_Driver/Src/stm32f4xx_hal.c ****   * <h2><center>&copy; COPYRIGHT(c) 2014 STMicroelectronics</center></h2>
  27:../Drivers/STM32F4xx_HAL_Driver/Src/stm32f4xx_hal.c ****   *
  28:../Drivers/STM32F4xx_HAL_Driver/Src/stm32f4xx_hal.c ****   * Redistribution and use in source and binary forms, with or without modification,
  29:../Drivers/STM32F4xx_HAL_Driver/Src/stm32f4xx_hal.c ****   * are permitted provided that the following conditions are met:
  30:../Drivers/STM32F4xx_HAL_Driver/Src/stm32f4xx_hal.c ****   *   1. Redistributions of source code must retain the above copyright notice,
ARM GAS  /tmp/ccpl2F6O.s 			page 2


  31:../Drivers/STM32F4xx_HAL_Driver/Src/stm32f4xx_hal.c ****   *      this list of conditions and the following disclaimer.
  32:../Drivers/STM32F4xx_HAL_Driver/Src/stm32f4xx_hal.c ****   *   2. Redistributions in binary form must reproduce the above copyright notice,
  33:../Drivers/STM32F4xx_HAL_Driver/Src/stm32f4xx_hal.c ****   *      this list of conditions and the following disclaimer in the documentation
  34:../Drivers/STM32F4xx_HAL_Driver/Src/stm32f4xx_hal.c ****   *      and/or other materials provided with the distribution.
  35:../Drivers/STM32F4xx_HAL_Driver/Src/stm32f4xx_hal.c ****   *   3. Neither the name of STMicroelectronics nor the names of its contributors
  36:../Drivers/STM32F4xx_HAL_Driver/Src/stm32f4xx_hal.c ****   *      may be used to endorse or promote products derived from this software
  37:../Drivers/STM32F4xx_HAL_Driver/Src/stm32f4xx_hal.c ****   *      without specific prior written permission.
  38:../Drivers/STM32F4xx_HAL_Driver/Src/stm32f4xx_hal.c ****   *
  39:../Drivers/STM32F4xx_HAL_Driver/Src/stm32f4xx_hal.c ****   * THIS SOFTWARE IS PROVIDED BY THE COPYRIGHT HOLDERS AND CONTRIBUTORS "AS IS"
  40:../Drivers/STM32F4xx_HAL_Driver/Src/stm32f4xx_hal.c ****   * AND ANY EXPRESS OR IMPLIED WARRANTIES, INCLUDING, BUT NOT LIMITED TO, THE
  41:../Drivers/STM32F4xx_HAL_Driver/Src/stm32f4xx_hal.c ****   * IMPLIED WARRANTIES OF MERCHANTABILITY AND FITNESS FOR A PARTICULAR PURPOSE ARE
  42:../Drivers/STM32F4xx_HAL_Driver/Src/stm32f4xx_hal.c ****   * DISCLAIMED. IN NO EVENT SHALL THE COPYRIGHT HOLDER OR CONTRIBUTORS BE LIABLE
  43:../Drivers/STM32F4xx_HAL_Driver/Src/stm32f4xx_hal.c ****   * FOR ANY DIRECT, INDIRECT, INCIDENTAL, SPECIAL, EXEMPLARY, OR CONSEQUENTIAL
  44:../Drivers/STM32F4xx_HAL_Driver/Src/stm32f4xx_hal.c ****   * DAMAGES (INCLUDING, BUT NOT LIMITED TO, PROCUREMENT OF SUBSTITUTE GOODS OR
  45:../Drivers/STM32F4xx_HAL_Driver/Src/stm32f4xx_hal.c ****   * SERVICES; LOSS OF USE, DATA, OR PROFITS; OR BUSINESS INTERRUPTION) HOWEVER
  46:../Drivers/STM32F4xx_HAL_Driver/Src/stm32f4xx_hal.c ****   * CAUSED AND ON ANY THEORY OF LIABILITY, WHETHER IN CONTRACT, STRICT LIABILITY,
  47:../Drivers/STM32F4xx_HAL_Driver/Src/stm32f4xx_hal.c ****   * OR TORT (INCLUDING NEGLIGENCE OR OTHERWISE) ARISING IN ANY WAY OUT OF THE USE
  48:../Drivers/STM32F4xx_HAL_Driver/Src/stm32f4xx_hal.c ****   * OF THIS SOFTWARE, EVEN IF ADVISED OF THE POSSIBILITY OF SUCH DAMAGE.
  49:../Drivers/STM32F4xx_HAL_Driver/Src/stm32f4xx_hal.c ****   *
  50:../Drivers/STM32F4xx_HAL_Driver/Src/stm32f4xx_hal.c ****   ******************************************************************************
  51:../Drivers/STM32F4xx_HAL_Driver/Src/stm32f4xx_hal.c ****   */ 
  52:../Drivers/STM32F4xx_HAL_Driver/Src/stm32f4xx_hal.c **** 
  53:../Drivers/STM32F4xx_HAL_Driver/Src/stm32f4xx_hal.c **** /* Includes ------------------------------------------------------------------*/
  54:../Drivers/STM32F4xx_HAL_Driver/Src/stm32f4xx_hal.c **** #include "stm32f4xx_hal.h"
  55:../Drivers/STM32F4xx_HAL_Driver/Src/stm32f4xx_hal.c **** 
  56:../Drivers/STM32F4xx_HAL_Driver/Src/stm32f4xx_hal.c **** /** @addtogroup STM32F4xx_HAL_Driver
  57:../Drivers/STM32F4xx_HAL_Driver/Src/stm32f4xx_hal.c ****   * @{
  58:../Drivers/STM32F4xx_HAL_Driver/Src/stm32f4xx_hal.c ****   */
  59:../Drivers/STM32F4xx_HAL_Driver/Src/stm32f4xx_hal.c **** 
  60:../Drivers/STM32F4xx_HAL_Driver/Src/stm32f4xx_hal.c **** /** @defgroup HAL 
  61:../Drivers/STM32F4xx_HAL_Driver/Src/stm32f4xx_hal.c ****   * @brief HAL module driver.
  62:../Drivers/STM32F4xx_HAL_Driver/Src/stm32f4xx_hal.c ****   * @{
  63:../Drivers/STM32F4xx_HAL_Driver/Src/stm32f4xx_hal.c ****   */
  64:../Drivers/STM32F4xx_HAL_Driver/Src/stm32f4xx_hal.c **** 
  65:../Drivers/STM32F4xx_HAL_Driver/Src/stm32f4xx_hal.c **** /* Private typedef -----------------------------------------------------------*/
  66:../Drivers/STM32F4xx_HAL_Driver/Src/stm32f4xx_hal.c **** /* Private define ------------------------------------------------------------*/
  67:../Drivers/STM32F4xx_HAL_Driver/Src/stm32f4xx_hal.c **** /**
  68:../Drivers/STM32F4xx_HAL_Driver/Src/stm32f4xx_hal.c ****  * @brief STM32F4xx HAL Driver version number V1.1.0
  69:../Drivers/STM32F4xx_HAL_Driver/Src/stm32f4xx_hal.c ****    */
  70:../Drivers/STM32F4xx_HAL_Driver/Src/stm32f4xx_hal.c **** #define __STM32F4xx_HAL_VERSION_MAIN   (0x01) /*!< [31:24] main version */
  71:../Drivers/STM32F4xx_HAL_Driver/Src/stm32f4xx_hal.c **** #define __STM32F4xx_HAL_VERSION_SUB1   (0x01) /*!< [23:16] sub1 version */
  72:../Drivers/STM32F4xx_HAL_Driver/Src/stm32f4xx_hal.c **** #define __STM32F4xx_HAL_VERSION_SUB2   (0x00) /*!< [15:8]  sub2 version */
  73:../Drivers/STM32F4xx_HAL_Driver/Src/stm32f4xx_hal.c **** #define __STM32F4xx_HAL_VERSION_RC     (0x00) /*!< [7:0]  release candidate */ 
  74:../Drivers/STM32F4xx_HAL_Driver/Src/stm32f4xx_hal.c **** #define __STM32F4xx_HAL_VERSION         ((__STM32F4xx_HAL_VERSION_MAIN << 24)\
  75:../Drivers/STM32F4xx_HAL_Driver/Src/stm32f4xx_hal.c ****                                         |(__STM32F4xx_HAL_VERSION_SUB1 << 16)\
  76:../Drivers/STM32F4xx_HAL_Driver/Src/stm32f4xx_hal.c ****                                         |(__STM32F4xx_HAL_VERSION_SUB2 << 8 )\
  77:../Drivers/STM32F4xx_HAL_Driver/Src/stm32f4xx_hal.c ****                                         |(__STM32F4xx_HAL_VERSION_RC))
  78:../Drivers/STM32F4xx_HAL_Driver/Src/stm32f4xx_hal.c ****                                         
  79:../Drivers/STM32F4xx_HAL_Driver/Src/stm32f4xx_hal.c **** #define IDCODE_DEVID_MASK    ((uint32_t)0x00000FFF)
  80:../Drivers/STM32F4xx_HAL_Driver/Src/stm32f4xx_hal.c **** 
  81:../Drivers/STM32F4xx_HAL_Driver/Src/stm32f4xx_hal.c **** /* ------------ RCC registers bit address in the alias region ----------- */
  82:../Drivers/STM32F4xx_HAL_Driver/Src/stm32f4xx_hal.c **** #define SYSCFG_OFFSET             (SYSCFG_BASE - PERIPH_BASE)
  83:../Drivers/STM32F4xx_HAL_Driver/Src/stm32f4xx_hal.c **** /* ---  MEMRMP Register ---*/ 
  84:../Drivers/STM32F4xx_HAL_Driver/Src/stm32f4xx_hal.c **** /* Alias word address of UFB_MODE bit */ 
  85:../Drivers/STM32F4xx_HAL_Driver/Src/stm32f4xx_hal.c **** #define MEMRMP_OFFSET             SYSCFG_OFFSET 
  86:../Drivers/STM32F4xx_HAL_Driver/Src/stm32f4xx_hal.c **** #define UFB_MODE_BitNumber        ((uint8_t)0x8) 
  87:../Drivers/STM32F4xx_HAL_Driver/Src/stm32f4xx_hal.c **** #define UFB_MODE_BB               (PERIPH_BB_BASE + (MEMRMP_OFFSET * 32) + (UFB_MODE_BitNumber * 4)
ARM GAS  /tmp/ccpl2F6O.s 			page 3


  88:../Drivers/STM32F4xx_HAL_Driver/Src/stm32f4xx_hal.c **** 
  89:../Drivers/STM32F4xx_HAL_Driver/Src/stm32f4xx_hal.c **** /* ---  CMPCR Register ---*/ 
  90:../Drivers/STM32F4xx_HAL_Driver/Src/stm32f4xx_hal.c **** /* Alias word address of CMP_PD bit */ 
  91:../Drivers/STM32F4xx_HAL_Driver/Src/stm32f4xx_hal.c **** #define CMPCR_OFFSET              (SYSCFG_OFFSET + 0x20) 
  92:../Drivers/STM32F4xx_HAL_Driver/Src/stm32f4xx_hal.c **** #define CMP_PD_BitNumber          ((uint8_t)0x00) 
  93:../Drivers/STM32F4xx_HAL_Driver/Src/stm32f4xx_hal.c **** #define CMPCR_CMP_PD_BB           (PERIPH_BB_BASE + (CMPCR_OFFSET * 32) + (CMP_PD_BitNumber * 4))
  94:../Drivers/STM32F4xx_HAL_Driver/Src/stm32f4xx_hal.c **** /* Private macro -------------------------------------------------------------*/
  95:../Drivers/STM32F4xx_HAL_Driver/Src/stm32f4xx_hal.c **** /* Private variables ---------------------------------------------------------*/
  96:../Drivers/STM32F4xx_HAL_Driver/Src/stm32f4xx_hal.c **** static __IO uint32_t uwTick;
  97:../Drivers/STM32F4xx_HAL_Driver/Src/stm32f4xx_hal.c **** 
  98:../Drivers/STM32F4xx_HAL_Driver/Src/stm32f4xx_hal.c **** /* Private function prototypes -----------------------------------------------*/
  99:../Drivers/STM32F4xx_HAL_Driver/Src/stm32f4xx_hal.c **** /* Private functions ---------------------------------------------------------*/
 100:../Drivers/STM32F4xx_HAL_Driver/Src/stm32f4xx_hal.c **** 
 101:../Drivers/STM32F4xx_HAL_Driver/Src/stm32f4xx_hal.c **** /** @defgroup HAL_Private_Functions
 102:../Drivers/STM32F4xx_HAL_Driver/Src/stm32f4xx_hal.c ****   * @{
 103:../Drivers/STM32F4xx_HAL_Driver/Src/stm32f4xx_hal.c ****   */
 104:../Drivers/STM32F4xx_HAL_Driver/Src/stm32f4xx_hal.c **** 
 105:../Drivers/STM32F4xx_HAL_Driver/Src/stm32f4xx_hal.c **** /** @defgroup HAL_Group1 Initialization and de-initialization Functions 
 106:../Drivers/STM32F4xx_HAL_Driver/Src/stm32f4xx_hal.c ****  *  @brief    Initialization and de-initialization functions
 107:../Drivers/STM32F4xx_HAL_Driver/Src/stm32f4xx_hal.c ****  *
 108:../Drivers/STM32F4xx_HAL_Driver/Src/stm32f4xx_hal.c **** @verbatim    
 109:../Drivers/STM32F4xx_HAL_Driver/Src/stm32f4xx_hal.c ****  ===============================================================================
 110:../Drivers/STM32F4xx_HAL_Driver/Src/stm32f4xx_hal.c ****               ##### Initialization and de-initialization functions #####
 111:../Drivers/STM32F4xx_HAL_Driver/Src/stm32f4xx_hal.c ****  ===============================================================================
 112:../Drivers/STM32F4xx_HAL_Driver/Src/stm32f4xx_hal.c ****     [..]  This section provides functions allowing to:
 113:../Drivers/STM32F4xx_HAL_Driver/Src/stm32f4xx_hal.c ****       (+) Initializes the Flash interface the NVIC allocation and initial clock 
 114:../Drivers/STM32F4xx_HAL_Driver/Src/stm32f4xx_hal.c ****           configuration. It initializes the systick also when timeout is needed 
 115:../Drivers/STM32F4xx_HAL_Driver/Src/stm32f4xx_hal.c ****           and the backup domain when enabled.
 116:../Drivers/STM32F4xx_HAL_Driver/Src/stm32f4xx_hal.c ****       (+) de-Initializes common part of the HAL
 117:../Drivers/STM32F4xx_HAL_Driver/Src/stm32f4xx_hal.c ****       (+) Configure The time base source to have 1ms time base with a dedicated 
 118:../Drivers/STM32F4xx_HAL_Driver/Src/stm32f4xx_hal.c ****           Tick interrupt priority. 
 119:../Drivers/STM32F4xx_HAL_Driver/Src/stm32f4xx_hal.c ****         (++) Systick timer is used by default as source of time base, but user 
 120:../Drivers/STM32F4xx_HAL_Driver/Src/stm32f4xx_hal.c ****              can eventually implement his proper time base source (a general purpose 
 121:../Drivers/STM32F4xx_HAL_Driver/Src/stm32f4xx_hal.c ****              timer for example or other time source), keeping in mind that Time base 
 122:../Drivers/STM32F4xx_HAL_Driver/Src/stm32f4xx_hal.c ****              duration should be kept 1ms since PPP_TIMEOUT_VALUEs are defined and 
 123:../Drivers/STM32F4xx_HAL_Driver/Src/stm32f4xx_hal.c ****              handled in milliseconds basis.
 124:../Drivers/STM32F4xx_HAL_Driver/Src/stm32f4xx_hal.c ****         (++) Time base configuration function (HAL_InitTick ()) is called automatically 
 125:../Drivers/STM32F4xx_HAL_Driver/Src/stm32f4xx_hal.c ****              at the beginning of the program after reset by HAL_Init() or at any time 
 126:../Drivers/STM32F4xx_HAL_Driver/Src/stm32f4xx_hal.c ****              when clock is configured, by HAL_RCC_ClockConfig(). 
 127:../Drivers/STM32F4xx_HAL_Driver/Src/stm32f4xx_hal.c ****         (++) Source of time base is configured  to generate interrupts at regular 
 128:../Drivers/STM32F4xx_HAL_Driver/Src/stm32f4xx_hal.c ****              time intervals. Care must be taken if HAL_Delay() is called from a 
 129:../Drivers/STM32F4xx_HAL_Driver/Src/stm32f4xx_hal.c ****              peripheral ISR process, the Tick interrupt line must have higher priority 
 130:../Drivers/STM32F4xx_HAL_Driver/Src/stm32f4xx_hal.c ****             (numerically lower) than the peripheral interrupt. Otherwise the caller 
 131:../Drivers/STM32F4xx_HAL_Driver/Src/stm32f4xx_hal.c ****             ISR process will be blocked. 
 132:../Drivers/STM32F4xx_HAL_Driver/Src/stm32f4xx_hal.c ****        (++) functions affecting time base configurations are declared as __weak  
 133:../Drivers/STM32F4xx_HAL_Driver/Src/stm32f4xx_hal.c ****              to make  override possible  in case of other  implementations in user file.
 134:../Drivers/STM32F4xx_HAL_Driver/Src/stm32f4xx_hal.c **** @endverbatim
 135:../Drivers/STM32F4xx_HAL_Driver/Src/stm32f4xx_hal.c ****   * @{
 136:../Drivers/STM32F4xx_HAL_Driver/Src/stm32f4xx_hal.c ****   */
 137:../Drivers/STM32F4xx_HAL_Driver/Src/stm32f4xx_hal.c **** 
 138:../Drivers/STM32F4xx_HAL_Driver/Src/stm32f4xx_hal.c **** /**
 139:../Drivers/STM32F4xx_HAL_Driver/Src/stm32f4xx_hal.c ****   * @brief  This function is used to initialize the HAL Library; it must be the first 
 140:../Drivers/STM32F4xx_HAL_Driver/Src/stm32f4xx_hal.c ****   *         instruction to be executed in the main program (before to call any other
 141:../Drivers/STM32F4xx_HAL_Driver/Src/stm32f4xx_hal.c ****   *         HAL function), it performs the following:
 142:../Drivers/STM32F4xx_HAL_Driver/Src/stm32f4xx_hal.c ****   *           Configure the Flash prefetch, instruction and Data caches.
 143:../Drivers/STM32F4xx_HAL_Driver/Src/stm32f4xx_hal.c ****   *           Configures the SysTick to generate an interrupt each 1 millisecond,
 144:../Drivers/STM32F4xx_HAL_Driver/Src/stm32f4xx_hal.c ****   *           which is clocked by the HSI (at this stage, the clock is not yet
ARM GAS  /tmp/ccpl2F6O.s 			page 4


 145:../Drivers/STM32F4xx_HAL_Driver/Src/stm32f4xx_hal.c ****   *           configured and thus the system is running from the internal HSI at 16 MHz).
 146:../Drivers/STM32F4xx_HAL_Driver/Src/stm32f4xx_hal.c ****   *           Set NVIC Group Priority to 4.
 147:../Drivers/STM32F4xx_HAL_Driver/Src/stm32f4xx_hal.c ****   *           Calls the HAL_MspInit() callback function defined in user file 
 148:../Drivers/STM32F4xx_HAL_Driver/Src/stm32f4xx_hal.c ****   *           "stm32f4xx_hal_msp.c" to do the global low level hardware initialization 
 149:../Drivers/STM32F4xx_HAL_Driver/Src/stm32f4xx_hal.c ****   *            
 150:../Drivers/STM32F4xx_HAL_Driver/Src/stm32f4xx_hal.c ****   * @note   SysTick is used as time base for the HAL_Delay() function, the application
 151:../Drivers/STM32F4xx_HAL_Driver/Src/stm32f4xx_hal.c ****   *         need to ensure that the SysTick time base is always set to 1 millisecond
 152:../Drivers/STM32F4xx_HAL_Driver/Src/stm32f4xx_hal.c ****   *         to have correct HAL operation.
 153:../Drivers/STM32F4xx_HAL_Driver/Src/stm32f4xx_hal.c ****   * @param  None
 154:../Drivers/STM32F4xx_HAL_Driver/Src/stm32f4xx_hal.c ****   * @retval HAL status
 155:../Drivers/STM32F4xx_HAL_Driver/Src/stm32f4xx_hal.c ****   */
 156:../Drivers/STM32F4xx_HAL_Driver/Src/stm32f4xx_hal.c **** HAL_StatusTypeDef HAL_Init(void)
 157:../Drivers/STM32F4xx_HAL_Driver/Src/stm32f4xx_hal.c **** {
 158:../Drivers/STM32F4xx_HAL_Driver/Src/stm32f4xx_hal.c ****   /* Configure Flash prefetch, Instruction cache, Data cache */ 
 159:../Drivers/STM32F4xx_HAL_Driver/Src/stm32f4xx_hal.c **** #if (INSTRUCTION_CACHE_ENABLE != 0)
 160:../Drivers/STM32F4xx_HAL_Driver/Src/stm32f4xx_hal.c ****    __HAL_FLASH_INSTRUCTION_CACHE_ENABLE();
 161:../Drivers/STM32F4xx_HAL_Driver/Src/stm32f4xx_hal.c **** #endif /* INSTRUCTION_CACHE_ENABLE */
 162:../Drivers/STM32F4xx_HAL_Driver/Src/stm32f4xx_hal.c **** 
 163:../Drivers/STM32F4xx_HAL_Driver/Src/stm32f4xx_hal.c **** #if (DATA_CACHE_ENABLE != 0)
 164:../Drivers/STM32F4xx_HAL_Driver/Src/stm32f4xx_hal.c ****    __HAL_FLASH_DATA_CACHE_ENABLE();
 165:../Drivers/STM32F4xx_HAL_Driver/Src/stm32f4xx_hal.c **** #endif /* DATA_CACHE_ENABLE */
 166:../Drivers/STM32F4xx_HAL_Driver/Src/stm32f4xx_hal.c **** 
 167:../Drivers/STM32F4xx_HAL_Driver/Src/stm32f4xx_hal.c **** #if (PREFETCH_ENABLE != 0)
 168:../Drivers/STM32F4xx_HAL_Driver/Src/stm32f4xx_hal.c ****   __HAL_FLASH_PREFETCH_BUFFER_ENABLE();
 169:../Drivers/STM32F4xx_HAL_Driver/Src/stm32f4xx_hal.c **** #endif /* PREFETCH_ENABLE */
 170:../Drivers/STM32F4xx_HAL_Driver/Src/stm32f4xx_hal.c **** 
 171:../Drivers/STM32F4xx_HAL_Driver/Src/stm32f4xx_hal.c ****   /* Set Interrupt Group Priority */
 172:../Drivers/STM32F4xx_HAL_Driver/Src/stm32f4xx_hal.c ****   HAL_NVIC_SetPriorityGrouping(NVIC_PRIORITYGROUP_4);
 173:../Drivers/STM32F4xx_HAL_Driver/Src/stm32f4xx_hal.c **** 
 174:../Drivers/STM32F4xx_HAL_Driver/Src/stm32f4xx_hal.c ****   /* Use systick as time base source and configure 1ms tick (default clock after Reset is HSI) */
 175:../Drivers/STM32F4xx_HAL_Driver/Src/stm32f4xx_hal.c ****   HAL_InitTick(TICK_INT_PRIORITY);
 176:../Drivers/STM32F4xx_HAL_Driver/Src/stm32f4xx_hal.c ****   
 177:../Drivers/STM32F4xx_HAL_Driver/Src/stm32f4xx_hal.c ****   /* Init the low level hardware */
 178:../Drivers/STM32F4xx_HAL_Driver/Src/stm32f4xx_hal.c ****   HAL_MspInit();
 179:../Drivers/STM32F4xx_HAL_Driver/Src/stm32f4xx_hal.c ****   
 180:../Drivers/STM32F4xx_HAL_Driver/Src/stm32f4xx_hal.c ****   /* Return function status */
 181:../Drivers/STM32F4xx_HAL_Driver/Src/stm32f4xx_hal.c ****   return HAL_OK;
 182:../Drivers/STM32F4xx_HAL_Driver/Src/stm32f4xx_hal.c **** }
 183:../Drivers/STM32F4xx_HAL_Driver/Src/stm32f4xx_hal.c **** 
 184:../Drivers/STM32F4xx_HAL_Driver/Src/stm32f4xx_hal.c **** /**
 185:../Drivers/STM32F4xx_HAL_Driver/Src/stm32f4xx_hal.c ****   * @brief  This function de-Initializes common part of the HAL and stops the systick.
 186:../Drivers/STM32F4xx_HAL_Driver/Src/stm32f4xx_hal.c ****   *         This function is optional.   
 187:../Drivers/STM32F4xx_HAL_Driver/Src/stm32f4xx_hal.c ****   * @param  None
 188:../Drivers/STM32F4xx_HAL_Driver/Src/stm32f4xx_hal.c ****   * @retval HAL status
 189:../Drivers/STM32F4xx_HAL_Driver/Src/stm32f4xx_hal.c ****   */
 190:../Drivers/STM32F4xx_HAL_Driver/Src/stm32f4xx_hal.c **** HAL_StatusTypeDef HAL_DeInit(void)
 191:../Drivers/STM32F4xx_HAL_Driver/Src/stm32f4xx_hal.c **** {
 192:../Drivers/STM32F4xx_HAL_Driver/Src/stm32f4xx_hal.c ****   /* Reset of all peripherals */
 193:../Drivers/STM32F4xx_HAL_Driver/Src/stm32f4xx_hal.c ****   __APB1_FORCE_RESET();
 194:../Drivers/STM32F4xx_HAL_Driver/Src/stm32f4xx_hal.c ****   __APB1_RELEASE_RESET();
 195:../Drivers/STM32F4xx_HAL_Driver/Src/stm32f4xx_hal.c **** 
 196:../Drivers/STM32F4xx_HAL_Driver/Src/stm32f4xx_hal.c ****   __APB2_FORCE_RESET();
 197:../Drivers/STM32F4xx_HAL_Driver/Src/stm32f4xx_hal.c ****   __APB2_RELEASE_RESET();
 198:../Drivers/STM32F4xx_HAL_Driver/Src/stm32f4xx_hal.c **** 
 199:../Drivers/STM32F4xx_HAL_Driver/Src/stm32f4xx_hal.c ****   __AHB1_FORCE_RESET();
 200:../Drivers/STM32F4xx_HAL_Driver/Src/stm32f4xx_hal.c ****   __AHB1_RELEASE_RESET();
 201:../Drivers/STM32F4xx_HAL_Driver/Src/stm32f4xx_hal.c **** 
ARM GAS  /tmp/ccpl2F6O.s 			page 5


 202:../Drivers/STM32F4xx_HAL_Driver/Src/stm32f4xx_hal.c ****   __AHB2_FORCE_RESET();
 203:../Drivers/STM32F4xx_HAL_Driver/Src/stm32f4xx_hal.c ****   __AHB2_RELEASE_RESET();
 204:../Drivers/STM32F4xx_HAL_Driver/Src/stm32f4xx_hal.c **** 
 205:../Drivers/STM32F4xx_HAL_Driver/Src/stm32f4xx_hal.c ****   __AHB3_FORCE_RESET();
 206:../Drivers/STM32F4xx_HAL_Driver/Src/stm32f4xx_hal.c ****   __AHB3_RELEASE_RESET();
 207:../Drivers/STM32F4xx_HAL_Driver/Src/stm32f4xx_hal.c **** 
 208:../Drivers/STM32F4xx_HAL_Driver/Src/stm32f4xx_hal.c ****   /* De-Init the low level hardware */
 209:../Drivers/STM32F4xx_HAL_Driver/Src/stm32f4xx_hal.c ****   HAL_MspDeInit();
 210:../Drivers/STM32F4xx_HAL_Driver/Src/stm32f4xx_hal.c ****     
 211:../Drivers/STM32F4xx_HAL_Driver/Src/stm32f4xx_hal.c ****   /* Return function status */
 212:../Drivers/STM32F4xx_HAL_Driver/Src/stm32f4xx_hal.c ****   return HAL_OK;
 213:../Drivers/STM32F4xx_HAL_Driver/Src/stm32f4xx_hal.c **** }
 214:../Drivers/STM32F4xx_HAL_Driver/Src/stm32f4xx_hal.c **** 
 215:../Drivers/STM32F4xx_HAL_Driver/Src/stm32f4xx_hal.c **** /**
 216:../Drivers/STM32F4xx_HAL_Driver/Src/stm32f4xx_hal.c ****   * @brief  Initializes the MSP.
 217:../Drivers/STM32F4xx_HAL_Driver/Src/stm32f4xx_hal.c ****   * @param  None
 218:../Drivers/STM32F4xx_HAL_Driver/Src/stm32f4xx_hal.c ****   * @retval None
 219:../Drivers/STM32F4xx_HAL_Driver/Src/stm32f4xx_hal.c ****   */
 220:../Drivers/STM32F4xx_HAL_Driver/Src/stm32f4xx_hal.c **** __weak void HAL_MspInit(void)
 221:../Drivers/STM32F4xx_HAL_Driver/Src/stm32f4xx_hal.c **** {
  29              		.loc 1 221 0
  30              		.cfi_startproc
  31              		@ args = 0, pretend = 0, frame = 0
  32              		@ frame_needed = 0, uses_anonymous_args = 0
  33              		@ link register save eliminated.
  34 0000 7047     		bx	lr
  35              		.cfi_endproc
  36              	.LFE114:
  38 0002 00BF     		.section	.text.HAL_MspDeInit,"ax",%progbits
  39              		.align	2
  40              		.weak	HAL_MspDeInit
  41              		.thumb
  42              		.thumb_func
  44              	HAL_MspDeInit:
  45              	.LFB115:
 222:../Drivers/STM32F4xx_HAL_Driver/Src/stm32f4xx_hal.c ****   /* NOTE : This function Should not be modified, when the callback is needed,
 223:../Drivers/STM32F4xx_HAL_Driver/Src/stm32f4xx_hal.c ****             the HAL_MspInit could be implemented in the user file
 224:../Drivers/STM32F4xx_HAL_Driver/Src/stm32f4xx_hal.c ****    */
 225:../Drivers/STM32F4xx_HAL_Driver/Src/stm32f4xx_hal.c **** }
 226:../Drivers/STM32F4xx_HAL_Driver/Src/stm32f4xx_hal.c **** 
 227:../Drivers/STM32F4xx_HAL_Driver/Src/stm32f4xx_hal.c **** /**
 228:../Drivers/STM32F4xx_HAL_Driver/Src/stm32f4xx_hal.c ****   * @brief  DeInitializes the MSP.
 229:../Drivers/STM32F4xx_HAL_Driver/Src/stm32f4xx_hal.c ****   * @param  None  
 230:../Drivers/STM32F4xx_HAL_Driver/Src/stm32f4xx_hal.c ****   * @retval None
 231:../Drivers/STM32F4xx_HAL_Driver/Src/stm32f4xx_hal.c ****   */
 232:../Drivers/STM32F4xx_HAL_Driver/Src/stm32f4xx_hal.c **** __weak void HAL_MspDeInit(void)
 233:../Drivers/STM32F4xx_HAL_Driver/Src/stm32f4xx_hal.c **** {
  46              		.loc 1 233 0
  47              		.cfi_startproc
  48              		@ args = 0, pretend = 0, frame = 0
  49              		@ frame_needed = 0, uses_anonymous_args = 0
  50              		@ link register save eliminated.
  51 0000 7047     		bx	lr
  52              		.cfi_endproc
  53              	.LFE115:
  55 0002 00BF     		.section	.text.HAL_DeInit,"ax",%progbits
  56              		.align	2
ARM GAS  /tmp/ccpl2F6O.s 			page 6


  57              		.global	HAL_DeInit
  58              		.thumb
  59              		.thumb_func
  61              	HAL_DeInit:
  62              	.LFB113:
 191:../Drivers/STM32F4xx_HAL_Driver/Src/stm32f4xx_hal.c ****   /* Reset of all peripherals */
  63              		.loc 1 191 0
  64              		.cfi_startproc
  65              		@ args = 0, pretend = 0, frame = 0
  66              		@ frame_needed = 0, uses_anonymous_args = 0
 191:../Drivers/STM32F4xx_HAL_Driver/Src/stm32f4xx_hal.c ****   /* Reset of all peripherals */
  67              		.loc 1 191 0
  68 0000 10B5     		push	{r4, lr}
  69              	.LCFI0:
  70              		.cfi_def_cfa_offset 8
  71              		.cfi_offset 4, -8
  72              		.cfi_offset 14, -4
 193:../Drivers/STM32F4xx_HAL_Driver/Src/stm32f4xx_hal.c ****   __APB1_RELEASE_RESET();
  73              		.loc 1 193 0
  74 0002 094B     		ldr	r3, .L5
  75 0004 4FF0FF32 		mov	r2, #-1
  76 0008 1A62     		str	r2, [r3, #32]
 194:../Drivers/STM32F4xx_HAL_Driver/Src/stm32f4xx_hal.c **** 
  77              		.loc 1 194 0
  78 000a 0024     		movs	r4, #0
  79 000c 1C62     		str	r4, [r3, #32]
 196:../Drivers/STM32F4xx_HAL_Driver/Src/stm32f4xx_hal.c ****   __APB2_RELEASE_RESET();
  80              		.loc 1 196 0
  81 000e 5A62     		str	r2, [r3, #36]
 197:../Drivers/STM32F4xx_HAL_Driver/Src/stm32f4xx_hal.c **** 
  82              		.loc 1 197 0
  83 0010 5C62     		str	r4, [r3, #36]
 199:../Drivers/STM32F4xx_HAL_Driver/Src/stm32f4xx_hal.c ****   __AHB1_RELEASE_RESET();
  84              		.loc 1 199 0
  85 0012 1A61     		str	r2, [r3, #16]
 200:../Drivers/STM32F4xx_HAL_Driver/Src/stm32f4xx_hal.c **** 
  86              		.loc 1 200 0
  87 0014 1C61     		str	r4, [r3, #16]
 202:../Drivers/STM32F4xx_HAL_Driver/Src/stm32f4xx_hal.c ****   __AHB2_RELEASE_RESET();
  88              		.loc 1 202 0
  89 0016 5A61     		str	r2, [r3, #20]
 203:../Drivers/STM32F4xx_HAL_Driver/Src/stm32f4xx_hal.c **** 
  90              		.loc 1 203 0
  91 0018 5C61     		str	r4, [r3, #20]
 205:../Drivers/STM32F4xx_HAL_Driver/Src/stm32f4xx_hal.c ****   __AHB3_RELEASE_RESET();
  92              		.loc 1 205 0
  93 001a 9A61     		str	r2, [r3, #24]
 206:../Drivers/STM32F4xx_HAL_Driver/Src/stm32f4xx_hal.c **** 
  94              		.loc 1 206 0
  95 001c 9C61     		str	r4, [r3, #24]
 209:../Drivers/STM32F4xx_HAL_Driver/Src/stm32f4xx_hal.c ****     
  96              		.loc 1 209 0
  97 001e FFF7FEFF 		bl	HAL_MspDeInit
  98              	.LVL0:
 213:../Drivers/STM32F4xx_HAL_Driver/Src/stm32f4xx_hal.c **** 
  99              		.loc 1 213 0
 100 0022 2046     		mov	r0, r4
ARM GAS  /tmp/ccpl2F6O.s 			page 7


 101 0024 10BD     		pop	{r4, pc}
 102              	.L6:
 103 0026 00BF     		.align	2
 104              	.L5:
 105 0028 00380240 		.word	1073887232
 106              		.cfi_endproc
 107              	.LFE113:
 109              		.section	.text.HAL_InitTick,"ax",%progbits
 110              		.align	2
 111              		.weak	HAL_InitTick
 112              		.thumb
 113              		.thumb_func
 115              	HAL_InitTick:
 116              	.LFB116:
 234:../Drivers/STM32F4xx_HAL_Driver/Src/stm32f4xx_hal.c ****   /* NOTE : This function Should not be modified, when the callback is needed,
 235:../Drivers/STM32F4xx_HAL_Driver/Src/stm32f4xx_hal.c ****             the HAL_MspDeInit could be implemented in the user file
 236:../Drivers/STM32F4xx_HAL_Driver/Src/stm32f4xx_hal.c ****    */ 
 237:../Drivers/STM32F4xx_HAL_Driver/Src/stm32f4xx_hal.c **** }
 238:../Drivers/STM32F4xx_HAL_Driver/Src/stm32f4xx_hal.c **** 
 239:../Drivers/STM32F4xx_HAL_Driver/Src/stm32f4xx_hal.c **** /**
 240:../Drivers/STM32F4xx_HAL_Driver/Src/stm32f4xx_hal.c ****   * @brief This function configures the source of the time base.
 241:../Drivers/STM32F4xx_HAL_Driver/Src/stm32f4xx_hal.c ****   *        The time source is configured  to have 1ms time base with a dedicated 
 242:../Drivers/STM32F4xx_HAL_Driver/Src/stm32f4xx_hal.c ****   *        Tick interrupt priority.
 243:../Drivers/STM32F4xx_HAL_Driver/Src/stm32f4xx_hal.c ****   * @note This function is called  automatically at the beginning of program after
 244:../Drivers/STM32F4xx_HAL_Driver/Src/stm32f4xx_hal.c ****   *       reset by HAL_Init() or at any time when clock is reconfigured  by HAL_RCC_ClockConfig().
 245:../Drivers/STM32F4xx_HAL_Driver/Src/stm32f4xx_hal.c ****   * @note In the default implementation, SysTick timer is the source of time base. 
 246:../Drivers/STM32F4xx_HAL_Driver/Src/stm32f4xx_hal.c ****   *       It is used to generate interrupts at regular time intervals. 
 247:../Drivers/STM32F4xx_HAL_Driver/Src/stm32f4xx_hal.c ****   *       Care must be taken if HAL_Delay() is called from a peripheral ISR process, 
 248:../Drivers/STM32F4xx_HAL_Driver/Src/stm32f4xx_hal.c ****   *       The the SysTick interrupt must have higher priority (numerically lower) 
 249:../Drivers/STM32F4xx_HAL_Driver/Src/stm32f4xx_hal.c ****   *       than the peripheral interrupt. Otherwise the caller ISR process will be blocked.
 250:../Drivers/STM32F4xx_HAL_Driver/Src/stm32f4xx_hal.c ****   *       The function is declared as __weak  to be overwritten  in case of other
 251:../Drivers/STM32F4xx_HAL_Driver/Src/stm32f4xx_hal.c ****   *       implementation  in user file.
 252:../Drivers/STM32F4xx_HAL_Driver/Src/stm32f4xx_hal.c ****   * @param TickPriority: Tick interrupt priority.
 253:../Drivers/STM32F4xx_HAL_Driver/Src/stm32f4xx_hal.c ****   * @retval HAL status
 254:../Drivers/STM32F4xx_HAL_Driver/Src/stm32f4xx_hal.c ****   */
 255:../Drivers/STM32F4xx_HAL_Driver/Src/stm32f4xx_hal.c **** __weak HAL_StatusTypeDef HAL_InitTick(uint32_t TickPriority)
 256:../Drivers/STM32F4xx_HAL_Driver/Src/stm32f4xx_hal.c **** {
 117              		.loc 1 256 0
 118              		.cfi_startproc
 119              		@ args = 0, pretend = 0, frame = 0
 120              		@ frame_needed = 0, uses_anonymous_args = 0
 121              	.LVL1:
 122 0000 10B5     		push	{r4, lr}
 123              	.LCFI1:
 124              		.cfi_def_cfa_offset 8
 125              		.cfi_offset 4, -8
 126              		.cfi_offset 14, -4
 127 0002 0446     		mov	r4, r0
 257:../Drivers/STM32F4xx_HAL_Driver/Src/stm32f4xx_hal.c ****   /*Configure the SysTick to have interrupt in 1ms time basis*/
 258:../Drivers/STM32F4xx_HAL_Driver/Src/stm32f4xx_hal.c ****   HAL_SYSTICK_Config(HAL_RCC_GetHCLKFreq()/1000);
 128              		.loc 1 258 0
 129 0004 FFF7FEFF 		bl	HAL_RCC_GetHCLKFreq
 130              	.LVL2:
 131 0008 064B     		ldr	r3, .L9
 132 000a A3FB0030 		umull	r3, r0, r3, r0
 133 000e 8009     		lsrs	r0, r0, #6
 134 0010 FFF7FEFF 		bl	HAL_SYSTICK_Config
ARM GAS  /tmp/ccpl2F6O.s 			page 8


 135              	.LVL3:
 259:../Drivers/STM32F4xx_HAL_Driver/Src/stm32f4xx_hal.c **** 
 260:../Drivers/STM32F4xx_HAL_Driver/Src/stm32f4xx_hal.c ****   /*Configure the SysTick IRQ priority */
 261:../Drivers/STM32F4xx_HAL_Driver/Src/stm32f4xx_hal.c ****   HAL_NVIC_SetPriority(SysTick_IRQn, TickPriority ,0);
 136              		.loc 1 261 0
 137 0014 4FF0FF30 		mov	r0, #-1
 138 0018 2146     		mov	r1, r4
 139 001a 0022     		movs	r2, #0
 140 001c FFF7FEFF 		bl	HAL_NVIC_SetPriority
 141              	.LVL4:
 262:../Drivers/STM32F4xx_HAL_Driver/Src/stm32f4xx_hal.c **** 
 263:../Drivers/STM32F4xx_HAL_Driver/Src/stm32f4xx_hal.c ****   /* Return function status */
 264:../Drivers/STM32F4xx_HAL_Driver/Src/stm32f4xx_hal.c ****   return HAL_OK;
 265:../Drivers/STM32F4xx_HAL_Driver/Src/stm32f4xx_hal.c **** }
 142              		.loc 1 265 0
 143 0020 0020     		movs	r0, #0
 144 0022 10BD     		pop	{r4, pc}
 145              	.LVL5:
 146              	.L10:
 147              		.align	2
 148              	.L9:
 149 0024 D34D6210 		.word	274877907
 150              		.cfi_endproc
 151              	.LFE116:
 153              		.section	.text.HAL_Init,"ax",%progbits
 154              		.align	2
 155              		.global	HAL_Init
 156              		.thumb
 157              		.thumb_func
 159              	HAL_Init:
 160              	.LFB112:
 157:../Drivers/STM32F4xx_HAL_Driver/Src/stm32f4xx_hal.c ****   /* Configure Flash prefetch, Instruction cache, Data cache */ 
 161              		.loc 1 157 0
 162              		.cfi_startproc
 163              		@ args = 0, pretend = 0, frame = 0
 164              		@ frame_needed = 0, uses_anonymous_args = 0
 165 0000 08B5     		push	{r3, lr}
 166              	.LCFI2:
 167              		.cfi_def_cfa_offset 8
 168              		.cfi_offset 3, -8
 169              		.cfi_offset 14, -4
 160:../Drivers/STM32F4xx_HAL_Driver/Src/stm32f4xx_hal.c **** #endif /* INSTRUCTION_CACHE_ENABLE */
 170              		.loc 1 160 0
 171 0002 0B4B     		ldr	r3, .L13
 172 0004 1A68     		ldr	r2, [r3]
 173 0006 42F40072 		orr	r2, r2, #512
 174 000a 1A60     		str	r2, [r3]
 164:../Drivers/STM32F4xx_HAL_Driver/Src/stm32f4xx_hal.c **** #endif /* DATA_CACHE_ENABLE */
 175              		.loc 1 164 0
 176 000c 1A68     		ldr	r2, [r3]
 177 000e 42F48062 		orr	r2, r2, #1024
 178 0012 1A60     		str	r2, [r3]
 168:../Drivers/STM32F4xx_HAL_Driver/Src/stm32f4xx_hal.c **** #endif /* PREFETCH_ENABLE */
 179              		.loc 1 168 0
 180 0014 1A68     		ldr	r2, [r3]
 181 0016 42F48072 		orr	r2, r2, #256
 182 001a 1A60     		str	r2, [r3]
ARM GAS  /tmp/ccpl2F6O.s 			page 9


 172:../Drivers/STM32F4xx_HAL_Driver/Src/stm32f4xx_hal.c **** 
 183              		.loc 1 172 0
 184 001c 0320     		movs	r0, #3
 185 001e FFF7FEFF 		bl	HAL_NVIC_SetPriorityGrouping
 186              	.LVL6:
 175:../Drivers/STM32F4xx_HAL_Driver/Src/stm32f4xx_hal.c ****   
 187              		.loc 1 175 0
 188 0022 0020     		movs	r0, #0
 189 0024 FFF7FEFF 		bl	HAL_InitTick
 190              	.LVL7:
 178:../Drivers/STM32F4xx_HAL_Driver/Src/stm32f4xx_hal.c ****   
 191              		.loc 1 178 0
 192 0028 FFF7FEFF 		bl	HAL_MspInit
 193              	.LVL8:
 182:../Drivers/STM32F4xx_HAL_Driver/Src/stm32f4xx_hal.c **** 
 194              		.loc 1 182 0
 195 002c 0020     		movs	r0, #0
 196 002e 08BD     		pop	{r3, pc}
 197              	.L14:
 198              		.align	2
 199              	.L13:
 200 0030 003C0240 		.word	1073888256
 201              		.cfi_endproc
 202              	.LFE112:
 204              		.section	.text.HAL_IncTick,"ax",%progbits
 205              		.align	2
 206              		.weak	HAL_IncTick
 207              		.thumb
 208              		.thumb_func
 210              	HAL_IncTick:
 211              	.LFB117:
 266:../Drivers/STM32F4xx_HAL_Driver/Src/stm32f4xx_hal.c **** 
 267:../Drivers/STM32F4xx_HAL_Driver/Src/stm32f4xx_hal.c **** /**
 268:../Drivers/STM32F4xx_HAL_Driver/Src/stm32f4xx_hal.c ****   * @}
 269:../Drivers/STM32F4xx_HAL_Driver/Src/stm32f4xx_hal.c ****   */
 270:../Drivers/STM32F4xx_HAL_Driver/Src/stm32f4xx_hal.c **** 
 271:../Drivers/STM32F4xx_HAL_Driver/Src/stm32f4xx_hal.c **** /** @defgroup HAL_Group2 HAL Control functions 
 272:../Drivers/STM32F4xx_HAL_Driver/Src/stm32f4xx_hal.c ****  *  @brief    HAL Control functions
 273:../Drivers/STM32F4xx_HAL_Driver/Src/stm32f4xx_hal.c ****  *
 274:../Drivers/STM32F4xx_HAL_Driver/Src/stm32f4xx_hal.c **** @verbatim
 275:../Drivers/STM32F4xx_HAL_Driver/Src/stm32f4xx_hal.c ****  ===============================================================================
 276:../Drivers/STM32F4xx_HAL_Driver/Src/stm32f4xx_hal.c ****                       ##### HAL Control functions #####
 277:../Drivers/STM32F4xx_HAL_Driver/Src/stm32f4xx_hal.c ****  ===============================================================================
 278:../Drivers/STM32F4xx_HAL_Driver/Src/stm32f4xx_hal.c ****     [..]  This section provides functions allowing to:
 279:../Drivers/STM32F4xx_HAL_Driver/Src/stm32f4xx_hal.c ****       (+) Provide a tick value in millisecond
 280:../Drivers/STM32F4xx_HAL_Driver/Src/stm32f4xx_hal.c ****       (+) Provide a blocking delay in millisecond
 281:../Drivers/STM32F4xx_HAL_Driver/Src/stm32f4xx_hal.c ****       (+) Suspend the time base source interrupt
 282:../Drivers/STM32F4xx_HAL_Driver/Src/stm32f4xx_hal.c ****       (+) Resume the time base source interrupt
 283:../Drivers/STM32F4xx_HAL_Driver/Src/stm32f4xx_hal.c ****       (+) Get the HAL API driver version
 284:../Drivers/STM32F4xx_HAL_Driver/Src/stm32f4xx_hal.c ****       (+) Get the device identifier
 285:../Drivers/STM32F4xx_HAL_Driver/Src/stm32f4xx_hal.c ****       (+) Get the device revision identifier
 286:../Drivers/STM32F4xx_HAL_Driver/Src/stm32f4xx_hal.c ****       (+) Enable/Disable Debug module during SLEEP mode
 287:../Drivers/STM32F4xx_HAL_Driver/Src/stm32f4xx_hal.c ****       (+) Enable/Disable Debug module during STOP mode
 288:../Drivers/STM32F4xx_HAL_Driver/Src/stm32f4xx_hal.c ****       (+) Enable/Disable Debug module during STANDBY mode
 289:../Drivers/STM32F4xx_HAL_Driver/Src/stm32f4xx_hal.c **** 
 290:../Drivers/STM32F4xx_HAL_Driver/Src/stm32f4xx_hal.c **** @endverbatim
 291:../Drivers/STM32F4xx_HAL_Driver/Src/stm32f4xx_hal.c ****   * @{
ARM GAS  /tmp/ccpl2F6O.s 			page 10


 292:../Drivers/STM32F4xx_HAL_Driver/Src/stm32f4xx_hal.c ****   */
 293:../Drivers/STM32F4xx_HAL_Driver/Src/stm32f4xx_hal.c **** 
 294:../Drivers/STM32F4xx_HAL_Driver/Src/stm32f4xx_hal.c **** /**
 295:../Drivers/STM32F4xx_HAL_Driver/Src/stm32f4xx_hal.c ****   * @brief This function is called to increment  a global variable "uwTick"
 296:../Drivers/STM32F4xx_HAL_Driver/Src/stm32f4xx_hal.c ****   *        used as application time base.
 297:../Drivers/STM32F4xx_HAL_Driver/Src/stm32f4xx_hal.c ****   * @note In the default implementation, this variable is incremented each 1ms
 298:../Drivers/STM32F4xx_HAL_Driver/Src/stm32f4xx_hal.c ****   *       in Systick ISR.
 299:../Drivers/STM32F4xx_HAL_Driver/Src/stm32f4xx_hal.c ****  * @note This function is declared as __weak to be overwritten in case of other 
 300:../Drivers/STM32F4xx_HAL_Driver/Src/stm32f4xx_hal.c ****   *      implementations in user file.
 301:../Drivers/STM32F4xx_HAL_Driver/Src/stm32f4xx_hal.c ****   * @param None
 302:../Drivers/STM32F4xx_HAL_Driver/Src/stm32f4xx_hal.c ****   * @retval None
 303:../Drivers/STM32F4xx_HAL_Driver/Src/stm32f4xx_hal.c ****   */
 304:../Drivers/STM32F4xx_HAL_Driver/Src/stm32f4xx_hal.c **** __weak void HAL_IncTick(void)
 305:../Drivers/STM32F4xx_HAL_Driver/Src/stm32f4xx_hal.c **** {
 212              		.loc 1 305 0
 213              		.cfi_startproc
 214              		@ args = 0, pretend = 0, frame = 0
 215              		@ frame_needed = 0, uses_anonymous_args = 0
 216              		@ link register save eliminated.
 306:../Drivers/STM32F4xx_HAL_Driver/Src/stm32f4xx_hal.c ****   uwTick++;
 217              		.loc 1 306 0
 218 0000 024A     		ldr	r2, .L16
 219 0002 1368     		ldr	r3, [r2]
 220 0004 0133     		adds	r3, r3, #1
 221 0006 1360     		str	r3, [r2]
 222 0008 7047     		bx	lr
 223              	.L17:
 224 000a 00BF     		.align	2
 225              	.L16:
 226 000c 00000000 		.word	.LANCHOR0
 227              		.cfi_endproc
 228              	.LFE117:
 230              		.section	.text.HAL_GetTick,"ax",%progbits
 231              		.align	2
 232              		.weak	HAL_GetTick
 233              		.thumb
 234              		.thumb_func
 236              	HAL_GetTick:
 237              	.LFB118:
 307:../Drivers/STM32F4xx_HAL_Driver/Src/stm32f4xx_hal.c **** }
 308:../Drivers/STM32F4xx_HAL_Driver/Src/stm32f4xx_hal.c **** 
 309:../Drivers/STM32F4xx_HAL_Driver/Src/stm32f4xx_hal.c **** /**
 310:../Drivers/STM32F4xx_HAL_Driver/Src/stm32f4xx_hal.c ****   * @brief Provides a tick value in millisecond.
 311:../Drivers/STM32F4xx_HAL_Driver/Src/stm32f4xx_hal.c ****   * @note This function is declared as __weak to be overwritten in case of other 
 312:../Drivers/STM32F4xx_HAL_Driver/Src/stm32f4xx_hal.c ****   *       implementations in user file.
 313:../Drivers/STM32F4xx_HAL_Driver/Src/stm32f4xx_hal.c ****   * @param None
 314:../Drivers/STM32F4xx_HAL_Driver/Src/stm32f4xx_hal.c ****   * @retval tick value
 315:../Drivers/STM32F4xx_HAL_Driver/Src/stm32f4xx_hal.c ****   */
 316:../Drivers/STM32F4xx_HAL_Driver/Src/stm32f4xx_hal.c **** __weak uint32_t HAL_GetTick(void)
 317:../Drivers/STM32F4xx_HAL_Driver/Src/stm32f4xx_hal.c **** {
 238              		.loc 1 317 0
 239              		.cfi_startproc
 240              		@ args = 0, pretend = 0, frame = 0
 241              		@ frame_needed = 0, uses_anonymous_args = 0
 242              		@ link register save eliminated.
 318:../Drivers/STM32F4xx_HAL_Driver/Src/stm32f4xx_hal.c ****   return uwTick;
 243              		.loc 1 318 0
ARM GAS  /tmp/ccpl2F6O.s 			page 11


 244 0000 014B     		ldr	r3, .L19
 245 0002 1868     		ldr	r0, [r3]
 319:../Drivers/STM32F4xx_HAL_Driver/Src/stm32f4xx_hal.c **** }
 246              		.loc 1 319 0
 247 0004 7047     		bx	lr
 248              	.L20:
 249 0006 00BF     		.align	2
 250              	.L19:
 251 0008 00000000 		.word	.LANCHOR0
 252              		.cfi_endproc
 253              	.LFE118:
 255              		.section	.text.HAL_Delay,"ax",%progbits
 256              		.align	2
 257              		.weak	HAL_Delay
 258              		.thumb
 259              		.thumb_func
 261              	HAL_Delay:
 262              	.LFB119:
 320:../Drivers/STM32F4xx_HAL_Driver/Src/stm32f4xx_hal.c **** 
 321:../Drivers/STM32F4xx_HAL_Driver/Src/stm32f4xx_hal.c **** /**
 322:../Drivers/STM32F4xx_HAL_Driver/Src/stm32f4xx_hal.c ****   * @brief This function provides accurate delay (in milliseconds) based 
 323:../Drivers/STM32F4xx_HAL_Driver/Src/stm32f4xx_hal.c ****   *        on variable incremented.
 324:../Drivers/STM32F4xx_HAL_Driver/Src/stm32f4xx_hal.c ****   * @note In the default implementation , SysTick timer is the source of time base.
 325:../Drivers/STM32F4xx_HAL_Driver/Src/stm32f4xx_hal.c ****   *       It is used to generate interrupts at regular time intervals where uwTick
 326:../Drivers/STM32F4xx_HAL_Driver/Src/stm32f4xx_hal.c ****   *       is incremented.
 327:../Drivers/STM32F4xx_HAL_Driver/Src/stm32f4xx_hal.c ****   * @note ThiS function is declared as __weak to be overwritten in case of other
 328:../Drivers/STM32F4xx_HAL_Driver/Src/stm32f4xx_hal.c ****   *       implementations in user file.
 329:../Drivers/STM32F4xx_HAL_Driver/Src/stm32f4xx_hal.c ****   * @param Delay: specifies the delay time length, in milliseconds.
 330:../Drivers/STM32F4xx_HAL_Driver/Src/stm32f4xx_hal.c ****   * @retval None
 331:../Drivers/STM32F4xx_HAL_Driver/Src/stm32f4xx_hal.c ****   */
 332:../Drivers/STM32F4xx_HAL_Driver/Src/stm32f4xx_hal.c **** __weak void HAL_Delay(__IO uint32_t Delay)
 333:../Drivers/STM32F4xx_HAL_Driver/Src/stm32f4xx_hal.c **** {
 263              		.loc 1 333 0
 264              		.cfi_startproc
 265              		@ args = 0, pretend = 0, frame = 8
 266              		@ frame_needed = 0, uses_anonymous_args = 0
 267              	.LVL9:
 268 0000 10B5     		push	{r4, lr}
 269              	.LCFI3:
 270              		.cfi_def_cfa_offset 8
 271              		.cfi_offset 4, -8
 272              		.cfi_offset 14, -4
 273 0002 82B0     		sub	sp, sp, #8
 274              	.LCFI4:
 275              		.cfi_def_cfa_offset 16
 276 0004 0190     		str	r0, [sp, #4]
 277              	.LVL10:
 334:../Drivers/STM32F4xx_HAL_Driver/Src/stm32f4xx_hal.c ****   uint32_t tickstart = 0;
 335:../Drivers/STM32F4xx_HAL_Driver/Src/stm32f4xx_hal.c ****   tickstart = HAL_GetTick();
 278              		.loc 1 335 0
 279 0006 FFF7FEFF 		bl	HAL_GetTick
 280              	.LVL11:
 281 000a 0446     		mov	r4, r0
 282              	.LVL12:
 283              	.L22:
 336:../Drivers/STM32F4xx_HAL_Driver/Src/stm32f4xx_hal.c ****   while((HAL_GetTick() - tickstart) < Delay)
 284              		.loc 1 336 0 discriminator 1
ARM GAS  /tmp/ccpl2F6O.s 			page 12


 285 000c FFF7FEFF 		bl	HAL_GetTick
 286              	.LVL13:
 287 0010 001B     		subs	r0, r0, r4
 288 0012 019B     		ldr	r3, [sp, #4]
 289 0014 9842     		cmp	r0, r3
 290 0016 F9D3     		bcc	.L22
 337:../Drivers/STM32F4xx_HAL_Driver/Src/stm32f4xx_hal.c ****   {
 338:../Drivers/STM32F4xx_HAL_Driver/Src/stm32f4xx_hal.c ****   }
 339:../Drivers/STM32F4xx_HAL_Driver/Src/stm32f4xx_hal.c **** }
 291              		.loc 1 339 0
 292 0018 02B0     		add	sp, sp, #8
 293              	.LCFI5:
 294              		.cfi_def_cfa_offset 8
 295              		@ sp needed
 296 001a 10BD     		pop	{r4, pc}
 297              		.cfi_endproc
 298              	.LFE119:
 300              		.section	.text.HAL_SuspendTick,"ax",%progbits
 301              		.align	2
 302              		.weak	HAL_SuspendTick
 303              		.thumb
 304              		.thumb_func
 306              	HAL_SuspendTick:
 307              	.LFB120:
 340:../Drivers/STM32F4xx_HAL_Driver/Src/stm32f4xx_hal.c **** 
 341:../Drivers/STM32F4xx_HAL_Driver/Src/stm32f4xx_hal.c **** /**
 342:../Drivers/STM32F4xx_HAL_Driver/Src/stm32f4xx_hal.c ****   * @brief Suspend Tick increment.
 343:../Drivers/STM32F4xx_HAL_Driver/Src/stm32f4xx_hal.c ****   * @note In the default implementation , SysTick timer is the source of time base. It is
 344:../Drivers/STM32F4xx_HAL_Driver/Src/stm32f4xx_hal.c ****   *       used to generate interrupts at regular time intervals. Once HAL_SuspendTick()
 345:../Drivers/STM32F4xx_HAL_Driver/Src/stm32f4xx_hal.c ****   *       is called, the the SysTick interrupt will be disabled and so Tick increment 
 346:../Drivers/STM32F4xx_HAL_Driver/Src/stm32f4xx_hal.c ****   *       is suspended.
 347:../Drivers/STM32F4xx_HAL_Driver/Src/stm32f4xx_hal.c ****   * @note This function is declared as __weak to be overwritten in case of other
 348:../Drivers/STM32F4xx_HAL_Driver/Src/stm32f4xx_hal.c ****   *       implementations in user file.
 349:../Drivers/STM32F4xx_HAL_Driver/Src/stm32f4xx_hal.c ****   * @param None
 350:../Drivers/STM32F4xx_HAL_Driver/Src/stm32f4xx_hal.c ****   * @retval None
 351:../Drivers/STM32F4xx_HAL_Driver/Src/stm32f4xx_hal.c ****   */
 352:../Drivers/STM32F4xx_HAL_Driver/Src/stm32f4xx_hal.c **** __weak void HAL_SuspendTick(void)
 353:../Drivers/STM32F4xx_HAL_Driver/Src/stm32f4xx_hal.c **** {
 308              		.loc 1 353 0
 309              		.cfi_startproc
 310              		@ args = 0, pretend = 0, frame = 0
 311              		@ frame_needed = 0, uses_anonymous_args = 0
 312              		@ link register save eliminated.
 354:../Drivers/STM32F4xx_HAL_Driver/Src/stm32f4xx_hal.c ****   /* Disable SysTick Interrupt */
 355:../Drivers/STM32F4xx_HAL_Driver/Src/stm32f4xx_hal.c ****   SysTick->CTRL &= ~SysTick_CTRL_TICKINT_Msk;
 313              		.loc 1 355 0
 314 0000 024A     		ldr	r2, .L25
 315 0002 1368     		ldr	r3, [r2]
 316 0004 23F00203 		bic	r3, r3, #2
 317 0008 1360     		str	r3, [r2]
 318 000a 7047     		bx	lr
 319              	.L26:
 320              		.align	2
 321              	.L25:
 322 000c 10E000E0 		.word	-536813552
 323              		.cfi_endproc
 324              	.LFE120:
ARM GAS  /tmp/ccpl2F6O.s 			page 13


 326              		.section	.text.HAL_ResumeTick,"ax",%progbits
 327              		.align	2
 328              		.weak	HAL_ResumeTick
 329              		.thumb
 330              		.thumb_func
 332              	HAL_ResumeTick:
 333              	.LFB121:
 356:../Drivers/STM32F4xx_HAL_Driver/Src/stm32f4xx_hal.c **** }
 357:../Drivers/STM32F4xx_HAL_Driver/Src/stm32f4xx_hal.c **** 
 358:../Drivers/STM32F4xx_HAL_Driver/Src/stm32f4xx_hal.c **** /**
 359:../Drivers/STM32F4xx_HAL_Driver/Src/stm32f4xx_hal.c ****   * @brief Resume Tick increment.
 360:../Drivers/STM32F4xx_HAL_Driver/Src/stm32f4xx_hal.c ****   * @note In the default implementation , SysTick timer is the source of time base. It is
 361:../Drivers/STM32F4xx_HAL_Driver/Src/stm32f4xx_hal.c ****   *       used to generate interrupts at regular time intervals. Once HAL_ResumeTick()
 362:../Drivers/STM32F4xx_HAL_Driver/Src/stm32f4xx_hal.c ****   *       is called, the the SysTick interrupt will be enabled and so Tick increment 
 363:../Drivers/STM32F4xx_HAL_Driver/Src/stm32f4xx_hal.c ****   *       is resumed.
 364:../Drivers/STM32F4xx_HAL_Driver/Src/stm32f4xx_hal.c ****   * @note This function is declared as __weak to be overwritten in case of other
 365:../Drivers/STM32F4xx_HAL_Driver/Src/stm32f4xx_hal.c ****   *       implementations in user file.
 366:../Drivers/STM32F4xx_HAL_Driver/Src/stm32f4xx_hal.c ****   * @param None
 367:../Drivers/STM32F4xx_HAL_Driver/Src/stm32f4xx_hal.c ****   * @retval None
 368:../Drivers/STM32F4xx_HAL_Driver/Src/stm32f4xx_hal.c ****   */
 369:../Drivers/STM32F4xx_HAL_Driver/Src/stm32f4xx_hal.c **** __weak void HAL_ResumeTick(void)
 370:../Drivers/STM32F4xx_HAL_Driver/Src/stm32f4xx_hal.c **** {
 334              		.loc 1 370 0
 335              		.cfi_startproc
 336              		@ args = 0, pretend = 0, frame = 0
 337              		@ frame_needed = 0, uses_anonymous_args = 0
 338              		@ link register save eliminated.
 371:../Drivers/STM32F4xx_HAL_Driver/Src/stm32f4xx_hal.c ****   /* Enable SysTick Interrupt */
 372:../Drivers/STM32F4xx_HAL_Driver/Src/stm32f4xx_hal.c ****   SysTick->CTRL  |= SysTick_CTRL_TICKINT_Msk;
 339              		.loc 1 372 0
 340 0000 024A     		ldr	r2, .L28
 341 0002 1368     		ldr	r3, [r2]
 342 0004 43F00203 		orr	r3, r3, #2
 343 0008 1360     		str	r3, [r2]
 344 000a 7047     		bx	lr
 345              	.L29:
 346              		.align	2
 347              	.L28:
 348 000c 10E000E0 		.word	-536813552
 349              		.cfi_endproc
 350              	.LFE121:
 352              		.section	.text.HAL_GetHalVersion,"ax",%progbits
 353              		.align	2
 354              		.global	HAL_GetHalVersion
 355              		.thumb
 356              		.thumb_func
 358              	HAL_GetHalVersion:
 359              	.LFB122:
 373:../Drivers/STM32F4xx_HAL_Driver/Src/stm32f4xx_hal.c **** }
 374:../Drivers/STM32F4xx_HAL_Driver/Src/stm32f4xx_hal.c **** 
 375:../Drivers/STM32F4xx_HAL_Driver/Src/stm32f4xx_hal.c **** /**
 376:../Drivers/STM32F4xx_HAL_Driver/Src/stm32f4xx_hal.c ****   * @brief  Returns the HAL revision
 377:../Drivers/STM32F4xx_HAL_Driver/Src/stm32f4xx_hal.c ****   * @param  None
 378:../Drivers/STM32F4xx_HAL_Driver/Src/stm32f4xx_hal.c ****   * @retval version : 0xXYZR (8bits for each decimal, R for RC)
 379:../Drivers/STM32F4xx_HAL_Driver/Src/stm32f4xx_hal.c ****   */
 380:../Drivers/STM32F4xx_HAL_Driver/Src/stm32f4xx_hal.c **** uint32_t HAL_GetHalVersion(void)
 381:../Drivers/STM32F4xx_HAL_Driver/Src/stm32f4xx_hal.c **** {
ARM GAS  /tmp/ccpl2F6O.s 			page 14


 360              		.loc 1 381 0
 361              		.cfi_startproc
 362              		@ args = 0, pretend = 0, frame = 0
 363              		@ frame_needed = 0, uses_anonymous_args = 0
 364              		@ link register save eliminated.
 382:../Drivers/STM32F4xx_HAL_Driver/Src/stm32f4xx_hal.c ****  return __STM32F4xx_HAL_VERSION;
 383:../Drivers/STM32F4xx_HAL_Driver/Src/stm32f4xx_hal.c **** }
 365              		.loc 1 383 0
 366 0000 0048     		ldr	r0, .L31
 367 0002 7047     		bx	lr
 368              	.L32:
 369              		.align	2
 370              	.L31:
 371 0004 00000101 		.word	16842752
 372              		.cfi_endproc
 373              	.LFE122:
 375              		.section	.text.HAL_GetREVID,"ax",%progbits
 376              		.align	2
 377              		.global	HAL_GetREVID
 378              		.thumb
 379              		.thumb_func
 381              	HAL_GetREVID:
 382              	.LFB123:
 384:../Drivers/STM32F4xx_HAL_Driver/Src/stm32f4xx_hal.c **** 
 385:../Drivers/STM32F4xx_HAL_Driver/Src/stm32f4xx_hal.c **** /**
 386:../Drivers/STM32F4xx_HAL_Driver/Src/stm32f4xx_hal.c ****   * @brief  Returns the device revision identifier.
 387:../Drivers/STM32F4xx_HAL_Driver/Src/stm32f4xx_hal.c ****   * @param  None
 388:../Drivers/STM32F4xx_HAL_Driver/Src/stm32f4xx_hal.c ****   * @retval Device revision identifier
 389:../Drivers/STM32F4xx_HAL_Driver/Src/stm32f4xx_hal.c ****   */
 390:../Drivers/STM32F4xx_HAL_Driver/Src/stm32f4xx_hal.c **** uint32_t HAL_GetREVID(void)
 391:../Drivers/STM32F4xx_HAL_Driver/Src/stm32f4xx_hal.c **** {
 383              		.loc 1 391 0
 384              		.cfi_startproc
 385              		@ args = 0, pretend = 0, frame = 0
 386              		@ frame_needed = 0, uses_anonymous_args = 0
 387              		@ link register save eliminated.
 392:../Drivers/STM32F4xx_HAL_Driver/Src/stm32f4xx_hal.c ****    return((DBGMCU->IDCODE) >> 16);
 388              		.loc 1 392 0
 389 0000 014B     		ldr	r3, .L34
 390 0002 1868     		ldr	r0, [r3]
 393:../Drivers/STM32F4xx_HAL_Driver/Src/stm32f4xx_hal.c **** }
 391              		.loc 1 393 0
 392 0004 000C     		lsrs	r0, r0, #16
 393 0006 7047     		bx	lr
 394              	.L35:
 395              		.align	2
 396              	.L34:
 397 0008 002004E0 		.word	-536600576
 398              		.cfi_endproc
 399              	.LFE123:
 401              		.section	.text.HAL_GetDEVID,"ax",%progbits
 402              		.align	2
 403              		.global	HAL_GetDEVID
 404              		.thumb
 405              		.thumb_func
 407              	HAL_GetDEVID:
 408              	.LFB124:
ARM GAS  /tmp/ccpl2F6O.s 			page 15


 394:../Drivers/STM32F4xx_HAL_Driver/Src/stm32f4xx_hal.c **** 
 395:../Drivers/STM32F4xx_HAL_Driver/Src/stm32f4xx_hal.c **** /**
 396:../Drivers/STM32F4xx_HAL_Driver/Src/stm32f4xx_hal.c ****   * @brief  Returns the device identifier.
 397:../Drivers/STM32F4xx_HAL_Driver/Src/stm32f4xx_hal.c ****   * @param  None
 398:../Drivers/STM32F4xx_HAL_Driver/Src/stm32f4xx_hal.c ****   * @retval Device identifier
 399:../Drivers/STM32F4xx_HAL_Driver/Src/stm32f4xx_hal.c ****   */
 400:../Drivers/STM32F4xx_HAL_Driver/Src/stm32f4xx_hal.c **** uint32_t HAL_GetDEVID(void)
 401:../Drivers/STM32F4xx_HAL_Driver/Src/stm32f4xx_hal.c **** {
 409              		.loc 1 401 0
 410              		.cfi_startproc
 411              		@ args = 0, pretend = 0, frame = 0
 412              		@ frame_needed = 0, uses_anonymous_args = 0
 413              		@ link register save eliminated.
 402:../Drivers/STM32F4xx_HAL_Driver/Src/stm32f4xx_hal.c ****    return((DBGMCU->IDCODE) & IDCODE_DEVID_MASK);
 414              		.loc 1 402 0
 415 0000 024B     		ldr	r3, .L37
 416 0002 1868     		ldr	r0, [r3]
 403:../Drivers/STM32F4xx_HAL_Driver/Src/stm32f4xx_hal.c **** }
 417              		.loc 1 403 0
 418 0004 C0F30B00 		ubfx	r0, r0, #0, #12
 419 0008 7047     		bx	lr
 420              	.L38:
 421 000a 00BF     		.align	2
 422              	.L37:
 423 000c 002004E0 		.word	-536600576
 424              		.cfi_endproc
 425              	.LFE124:
 427              		.section	.text.HAL_EnableDBGSleepMode,"ax",%progbits
 428              		.align	2
 429              		.global	HAL_EnableDBGSleepMode
 430              		.thumb
 431              		.thumb_func
 433              	HAL_EnableDBGSleepMode:
 434              	.LFB125:
 404:../Drivers/STM32F4xx_HAL_Driver/Src/stm32f4xx_hal.c **** 
 405:../Drivers/STM32F4xx_HAL_Driver/Src/stm32f4xx_hal.c **** /**
 406:../Drivers/STM32F4xx_HAL_Driver/Src/stm32f4xx_hal.c ****   * @brief  Enable the Debug Module during SLEEP mode
 407:../Drivers/STM32F4xx_HAL_Driver/Src/stm32f4xx_hal.c ****   * @param  None
 408:../Drivers/STM32F4xx_HAL_Driver/Src/stm32f4xx_hal.c ****   * @retval None
 409:../Drivers/STM32F4xx_HAL_Driver/Src/stm32f4xx_hal.c ****   */
 410:../Drivers/STM32F4xx_HAL_Driver/Src/stm32f4xx_hal.c **** void HAL_EnableDBGSleepMode(void)
 411:../Drivers/STM32F4xx_HAL_Driver/Src/stm32f4xx_hal.c **** {
 435              		.loc 1 411 0
 436              		.cfi_startproc
 437              		@ args = 0, pretend = 0, frame = 0
 438              		@ frame_needed = 0, uses_anonymous_args = 0
 439              		@ link register save eliminated.
 412:../Drivers/STM32F4xx_HAL_Driver/Src/stm32f4xx_hal.c ****   SET_BIT(DBGMCU->CR, DBGMCU_CR_DBG_SLEEP);
 440              		.loc 1 412 0
 441 0000 024A     		ldr	r2, .L40
 442 0002 5368     		ldr	r3, [r2, #4]
 443 0004 43F00103 		orr	r3, r3, #1
 444 0008 5360     		str	r3, [r2, #4]
 445 000a 7047     		bx	lr
 446              	.L41:
 447              		.align	2
 448              	.L40:
ARM GAS  /tmp/ccpl2F6O.s 			page 16


 449 000c 002004E0 		.word	-536600576
 450              		.cfi_endproc
 451              	.LFE125:
 453              		.section	.text.HAL_DisableDBGSleepMode,"ax",%progbits
 454              		.align	2
 455              		.global	HAL_DisableDBGSleepMode
 456              		.thumb
 457              		.thumb_func
 459              	HAL_DisableDBGSleepMode:
 460              	.LFB126:
 413:../Drivers/STM32F4xx_HAL_Driver/Src/stm32f4xx_hal.c **** }
 414:../Drivers/STM32F4xx_HAL_Driver/Src/stm32f4xx_hal.c **** 
 415:../Drivers/STM32F4xx_HAL_Driver/Src/stm32f4xx_hal.c **** /**
 416:../Drivers/STM32F4xx_HAL_Driver/Src/stm32f4xx_hal.c ****   * @brief  Disable the Debug Module during SLEEP mode
 417:../Drivers/STM32F4xx_HAL_Driver/Src/stm32f4xx_hal.c ****   * @param  None
 418:../Drivers/STM32F4xx_HAL_Driver/Src/stm32f4xx_hal.c ****   * @retval None
 419:../Drivers/STM32F4xx_HAL_Driver/Src/stm32f4xx_hal.c ****   */
 420:../Drivers/STM32F4xx_HAL_Driver/Src/stm32f4xx_hal.c **** void HAL_DisableDBGSleepMode(void)
 421:../Drivers/STM32F4xx_HAL_Driver/Src/stm32f4xx_hal.c **** {
 461              		.loc 1 421 0
 462              		.cfi_startproc
 463              		@ args = 0, pretend = 0, frame = 0
 464              		@ frame_needed = 0, uses_anonymous_args = 0
 465              		@ link register save eliminated.
 422:../Drivers/STM32F4xx_HAL_Driver/Src/stm32f4xx_hal.c ****   CLEAR_BIT(DBGMCU->CR, DBGMCU_CR_DBG_SLEEP);
 466              		.loc 1 422 0
 467 0000 024A     		ldr	r2, .L43
 468 0002 5368     		ldr	r3, [r2, #4]
 469 0004 23F00103 		bic	r3, r3, #1
 470 0008 5360     		str	r3, [r2, #4]
 471 000a 7047     		bx	lr
 472              	.L44:
 473              		.align	2
 474              	.L43:
 475 000c 002004E0 		.word	-536600576
 476              		.cfi_endproc
 477              	.LFE126:
 479              		.section	.text.HAL_EnableDBGStopMode,"ax",%progbits
 480              		.align	2
 481              		.global	HAL_EnableDBGStopMode
 482              		.thumb
 483              		.thumb_func
 485              	HAL_EnableDBGStopMode:
 486              	.LFB127:
 423:../Drivers/STM32F4xx_HAL_Driver/Src/stm32f4xx_hal.c **** }
 424:../Drivers/STM32F4xx_HAL_Driver/Src/stm32f4xx_hal.c **** 
 425:../Drivers/STM32F4xx_HAL_Driver/Src/stm32f4xx_hal.c **** /**
 426:../Drivers/STM32F4xx_HAL_Driver/Src/stm32f4xx_hal.c ****   * @brief  Enable the Debug Module during STOP mode
 427:../Drivers/STM32F4xx_HAL_Driver/Src/stm32f4xx_hal.c ****   * @param  None
 428:../Drivers/STM32F4xx_HAL_Driver/Src/stm32f4xx_hal.c ****   * @retval None
 429:../Drivers/STM32F4xx_HAL_Driver/Src/stm32f4xx_hal.c ****   */
 430:../Drivers/STM32F4xx_HAL_Driver/Src/stm32f4xx_hal.c **** void HAL_EnableDBGStopMode(void)
 431:../Drivers/STM32F4xx_HAL_Driver/Src/stm32f4xx_hal.c **** {
 487              		.loc 1 431 0
 488              		.cfi_startproc
 489              		@ args = 0, pretend = 0, frame = 0
 490              		@ frame_needed = 0, uses_anonymous_args = 0
ARM GAS  /tmp/ccpl2F6O.s 			page 17


 491              		@ link register save eliminated.
 432:../Drivers/STM32F4xx_HAL_Driver/Src/stm32f4xx_hal.c ****   SET_BIT(DBGMCU->CR, DBGMCU_CR_DBG_STOP);
 492              		.loc 1 432 0
 493 0000 024A     		ldr	r2, .L46
 494 0002 5368     		ldr	r3, [r2, #4]
 495 0004 43F00203 		orr	r3, r3, #2
 496 0008 5360     		str	r3, [r2, #4]
 497 000a 7047     		bx	lr
 498              	.L47:
 499              		.align	2
 500              	.L46:
 501 000c 002004E0 		.word	-536600576
 502              		.cfi_endproc
 503              	.LFE127:
 505              		.section	.text.HAL_DisableDBGStopMode,"ax",%progbits
 506              		.align	2
 507              		.global	HAL_DisableDBGStopMode
 508              		.thumb
 509              		.thumb_func
 511              	HAL_DisableDBGStopMode:
 512              	.LFB128:
 433:../Drivers/STM32F4xx_HAL_Driver/Src/stm32f4xx_hal.c **** }
 434:../Drivers/STM32F4xx_HAL_Driver/Src/stm32f4xx_hal.c **** 
 435:../Drivers/STM32F4xx_HAL_Driver/Src/stm32f4xx_hal.c **** /**
 436:../Drivers/STM32F4xx_HAL_Driver/Src/stm32f4xx_hal.c ****   * @brief  Disable the Debug Module during STOP mode
 437:../Drivers/STM32F4xx_HAL_Driver/Src/stm32f4xx_hal.c ****   * @param  None
 438:../Drivers/STM32F4xx_HAL_Driver/Src/stm32f4xx_hal.c ****   * @retval None
 439:../Drivers/STM32F4xx_HAL_Driver/Src/stm32f4xx_hal.c ****   */
 440:../Drivers/STM32F4xx_HAL_Driver/Src/stm32f4xx_hal.c **** void HAL_DisableDBGStopMode(void)
 441:../Drivers/STM32F4xx_HAL_Driver/Src/stm32f4xx_hal.c **** {
 513              		.loc 1 441 0
 514              		.cfi_startproc
 515              		@ args = 0, pretend = 0, frame = 0
 516              		@ frame_needed = 0, uses_anonymous_args = 0
 517              		@ link register save eliminated.
 442:../Drivers/STM32F4xx_HAL_Driver/Src/stm32f4xx_hal.c ****   CLEAR_BIT(DBGMCU->CR, DBGMCU_CR_DBG_STOP);
 518              		.loc 1 442 0
 519 0000 024A     		ldr	r2, .L49
 520 0002 5368     		ldr	r3, [r2, #4]
 521 0004 23F00203 		bic	r3, r3, #2
 522 0008 5360     		str	r3, [r2, #4]
 523 000a 7047     		bx	lr
 524              	.L50:
 525              		.align	2
 526              	.L49:
 527 000c 002004E0 		.word	-536600576
 528              		.cfi_endproc
 529              	.LFE128:
 531              		.section	.text.HAL_EnableDBGStandbyMode,"ax",%progbits
 532              		.align	2
 533              		.global	HAL_EnableDBGStandbyMode
 534              		.thumb
 535              		.thumb_func
 537              	HAL_EnableDBGStandbyMode:
 538              	.LFB129:
 443:../Drivers/STM32F4xx_HAL_Driver/Src/stm32f4xx_hal.c **** }
 444:../Drivers/STM32F4xx_HAL_Driver/Src/stm32f4xx_hal.c **** 
ARM GAS  /tmp/ccpl2F6O.s 			page 18


 445:../Drivers/STM32F4xx_HAL_Driver/Src/stm32f4xx_hal.c **** /**
 446:../Drivers/STM32F4xx_HAL_Driver/Src/stm32f4xx_hal.c ****   * @brief  Enable the Debug Module during STANDBY mode
 447:../Drivers/STM32F4xx_HAL_Driver/Src/stm32f4xx_hal.c ****   * @param  None
 448:../Drivers/STM32F4xx_HAL_Driver/Src/stm32f4xx_hal.c ****   * @retval None
 449:../Drivers/STM32F4xx_HAL_Driver/Src/stm32f4xx_hal.c ****   */
 450:../Drivers/STM32F4xx_HAL_Driver/Src/stm32f4xx_hal.c **** void HAL_EnableDBGStandbyMode(void)
 451:../Drivers/STM32F4xx_HAL_Driver/Src/stm32f4xx_hal.c **** {
 539              		.loc 1 451 0
 540              		.cfi_startproc
 541              		@ args = 0, pretend = 0, frame = 0
 542              		@ frame_needed = 0, uses_anonymous_args = 0
 543              		@ link register save eliminated.
 452:../Drivers/STM32F4xx_HAL_Driver/Src/stm32f4xx_hal.c ****   SET_BIT(DBGMCU->CR, DBGMCU_CR_DBG_STANDBY);
 544              		.loc 1 452 0
 545 0000 024A     		ldr	r2, .L52
 546 0002 5368     		ldr	r3, [r2, #4]
 547 0004 43F00403 		orr	r3, r3, #4
 548 0008 5360     		str	r3, [r2, #4]
 549 000a 7047     		bx	lr
 550              	.L53:
 551              		.align	2
 552              	.L52:
 553 000c 002004E0 		.word	-536600576
 554              		.cfi_endproc
 555              	.LFE129:
 557              		.section	.text.HAL_DisableDBGStandbyMode,"ax",%progbits
 558              		.align	2
 559              		.global	HAL_DisableDBGStandbyMode
 560              		.thumb
 561              		.thumb_func
 563              	HAL_DisableDBGStandbyMode:
 564              	.LFB130:
 453:../Drivers/STM32F4xx_HAL_Driver/Src/stm32f4xx_hal.c **** }
 454:../Drivers/STM32F4xx_HAL_Driver/Src/stm32f4xx_hal.c **** 
 455:../Drivers/STM32F4xx_HAL_Driver/Src/stm32f4xx_hal.c **** /**
 456:../Drivers/STM32F4xx_HAL_Driver/Src/stm32f4xx_hal.c ****   * @brief  Disable the Debug Module during STANDBY mode
 457:../Drivers/STM32F4xx_HAL_Driver/Src/stm32f4xx_hal.c ****   * @param  None
 458:../Drivers/STM32F4xx_HAL_Driver/Src/stm32f4xx_hal.c ****   * @retval None
 459:../Drivers/STM32F4xx_HAL_Driver/Src/stm32f4xx_hal.c ****   */
 460:../Drivers/STM32F4xx_HAL_Driver/Src/stm32f4xx_hal.c **** void HAL_DisableDBGStandbyMode(void)
 461:../Drivers/STM32F4xx_HAL_Driver/Src/stm32f4xx_hal.c **** {
 565              		.loc 1 461 0
 566              		.cfi_startproc
 567              		@ args = 0, pretend = 0, frame = 0
 568              		@ frame_needed = 0, uses_anonymous_args = 0
 569              		@ link register save eliminated.
 462:../Drivers/STM32F4xx_HAL_Driver/Src/stm32f4xx_hal.c ****   CLEAR_BIT(DBGMCU->CR, DBGMCU_CR_DBG_STANDBY);
 570              		.loc 1 462 0
 571 0000 024A     		ldr	r2, .L55
 572 0002 5368     		ldr	r3, [r2, #4]
 573 0004 23F00403 		bic	r3, r3, #4
 574 0008 5360     		str	r3, [r2, #4]
 575 000a 7047     		bx	lr
 576              	.L56:
 577              		.align	2
 578              	.L55:
 579 000c 002004E0 		.word	-536600576
ARM GAS  /tmp/ccpl2F6O.s 			page 19


 580              		.cfi_endproc
 581              	.LFE130:
 583              		.section	.text.HAL_EnableCompensationCell,"ax",%progbits
 584              		.align	2
 585              		.global	HAL_EnableCompensationCell
 586              		.thumb
 587              		.thumb_func
 589              	HAL_EnableCompensationCell:
 590              	.LFB131:
 463:../Drivers/STM32F4xx_HAL_Driver/Src/stm32f4xx_hal.c **** }
 464:../Drivers/STM32F4xx_HAL_Driver/Src/stm32f4xx_hal.c **** 
 465:../Drivers/STM32F4xx_HAL_Driver/Src/stm32f4xx_hal.c **** /**
 466:../Drivers/STM32F4xx_HAL_Driver/Src/stm32f4xx_hal.c ****   * @brief  Enables the I/O Compensation Cell.
 467:../Drivers/STM32F4xx_HAL_Driver/Src/stm32f4xx_hal.c ****   * @note   The I/O compensation cell can be used only when the device supply
 468:../Drivers/STM32F4xx_HAL_Driver/Src/stm32f4xx_hal.c ****   *         voltage ranges from 2.4 to 3.6 V.  
 469:../Drivers/STM32F4xx_HAL_Driver/Src/stm32f4xx_hal.c ****   * @retval None
 470:../Drivers/STM32F4xx_HAL_Driver/Src/stm32f4xx_hal.c ****   */
 471:../Drivers/STM32F4xx_HAL_Driver/Src/stm32f4xx_hal.c **** void HAL_EnableCompensationCell(void)
 472:../Drivers/STM32F4xx_HAL_Driver/Src/stm32f4xx_hal.c **** {
 591              		.loc 1 472 0
 592              		.cfi_startproc
 593              		@ args = 0, pretend = 0, frame = 0
 594              		@ frame_needed = 0, uses_anonymous_args = 0
 595              		@ link register save eliminated.
 473:../Drivers/STM32F4xx_HAL_Driver/Src/stm32f4xx_hal.c ****   *(__IO uint32_t *)CMPCR_CMP_PD_BB = (uint32_t)ENABLE;
 596              		.loc 1 473 0
 597 0000 0122     		movs	r2, #1
 598 0002 014B     		ldr	r3, .L58
 599 0004 1A60     		str	r2, [r3]
 600 0006 7047     		bx	lr
 601              	.L59:
 602              		.align	2
 603              	.L58:
 604 0008 00042742 		.word	1109853184
 605              		.cfi_endproc
 606              	.LFE131:
 608              		.section	.text.HAL_DisableCompensationCell,"ax",%progbits
 609              		.align	2
 610              		.global	HAL_DisableCompensationCell
 611              		.thumb
 612              		.thumb_func
 614              	HAL_DisableCompensationCell:
 615              	.LFB132:
 474:../Drivers/STM32F4xx_HAL_Driver/Src/stm32f4xx_hal.c **** }
 475:../Drivers/STM32F4xx_HAL_Driver/Src/stm32f4xx_hal.c **** 
 476:../Drivers/STM32F4xx_HAL_Driver/Src/stm32f4xx_hal.c **** /**
 477:../Drivers/STM32F4xx_HAL_Driver/Src/stm32f4xx_hal.c ****   * @brief  Power-down the I/O Compensation Cell.
 478:../Drivers/STM32F4xx_HAL_Driver/Src/stm32f4xx_hal.c ****   * @note   The I/O compensation cell can be used only when the device supply
 479:../Drivers/STM32F4xx_HAL_Driver/Src/stm32f4xx_hal.c ****   *         voltage ranges from 2.4 to 3.6 V.  
 480:../Drivers/STM32F4xx_HAL_Driver/Src/stm32f4xx_hal.c ****   * @retval None
 481:../Drivers/STM32F4xx_HAL_Driver/Src/stm32f4xx_hal.c ****   */
 482:../Drivers/STM32F4xx_HAL_Driver/Src/stm32f4xx_hal.c **** void HAL_DisableCompensationCell(void)
 483:../Drivers/STM32F4xx_HAL_Driver/Src/stm32f4xx_hal.c **** {
 616              		.loc 1 483 0
 617              		.cfi_startproc
 618              		@ args = 0, pretend = 0, frame = 0
 619              		@ frame_needed = 0, uses_anonymous_args = 0
ARM GAS  /tmp/ccpl2F6O.s 			page 20


 620              		@ link register save eliminated.
 484:../Drivers/STM32F4xx_HAL_Driver/Src/stm32f4xx_hal.c ****   *(__IO uint32_t *)CMPCR_CMP_PD_BB = (uint32_t)DISABLE;
 621              		.loc 1 484 0
 622 0000 0022     		movs	r2, #0
 623 0002 014B     		ldr	r3, .L61
 624 0004 1A60     		str	r2, [r3]
 625 0006 7047     		bx	lr
 626              	.L62:
 627              		.align	2
 628              	.L61:
 629 0008 00042742 		.word	1109853184
 630              		.cfi_endproc
 631              	.LFE132:
 633              		.section	.bss.uwTick,"aw",%nobits
 634              		.align	2
 635              		.set	.LANCHOR0,. + 0
 638              	uwTick:
 639 0000 00000000 		.space	4
 640              		.text
 641              	.Letext0:
 642              		.file 2 "../Drivers/CMSIS/Device/ST/STM32F4xx/Include/stm32f401xe.h"
 643              		.file 3 "/usr/include/newlib/machine/_default_types.h"
 644              		.file 4 "/usr/include/newlib/sys/_stdint.h"
 645              		.file 5 "../Drivers/CMSIS/Include/core_cm4.h"
 646              		.file 6 "../Drivers/CMSIS/Device/ST/STM32F4xx/Include/stm32f4xx.h"
 647              		.file 7 "../Drivers/STM32F4xx_HAL_Driver/Inc/stm32f4xx_hal_def.h"
 648              		.file 8 "../Drivers/STM32F4xx_HAL_Driver/Inc/stm32f4xx_hal_rcc.h"
 649              		.file 9 "../Drivers/STM32F4xx_HAL_Driver/Inc/stm32f4xx_hal_cortex.h"
ARM GAS  /tmp/ccpl2F6O.s 			page 21


DEFINED SYMBOLS
                            *ABS*:0000000000000000 stm32f4xx_hal.c
     /tmp/ccpl2F6O.s:21     .text.HAL_MspInit:0000000000000000 $t
     /tmp/ccpl2F6O.s:26     .text.HAL_MspInit:0000000000000000 HAL_MspInit
     /tmp/ccpl2F6O.s:39     .text.HAL_MspDeInit:0000000000000000 $t
     /tmp/ccpl2F6O.s:44     .text.HAL_MspDeInit:0000000000000000 HAL_MspDeInit
     /tmp/ccpl2F6O.s:56     .text.HAL_DeInit:0000000000000000 $t
     /tmp/ccpl2F6O.s:61     .text.HAL_DeInit:0000000000000000 HAL_DeInit
     /tmp/ccpl2F6O.s:105    .text.HAL_DeInit:0000000000000028 $d
     /tmp/ccpl2F6O.s:110    .text.HAL_InitTick:0000000000000000 $t
     /tmp/ccpl2F6O.s:115    .text.HAL_InitTick:0000000000000000 HAL_InitTick
     /tmp/ccpl2F6O.s:149    .text.HAL_InitTick:0000000000000024 $d
     /tmp/ccpl2F6O.s:154    .text.HAL_Init:0000000000000000 $t
     /tmp/ccpl2F6O.s:159    .text.HAL_Init:0000000000000000 HAL_Init
     /tmp/ccpl2F6O.s:200    .text.HAL_Init:0000000000000030 $d
     /tmp/ccpl2F6O.s:205    .text.HAL_IncTick:0000000000000000 $t
     /tmp/ccpl2F6O.s:210    .text.HAL_IncTick:0000000000000000 HAL_IncTick
     /tmp/ccpl2F6O.s:226    .text.HAL_IncTick:000000000000000c $d
     /tmp/ccpl2F6O.s:231    .text.HAL_GetTick:0000000000000000 $t
     /tmp/ccpl2F6O.s:236    .text.HAL_GetTick:0000000000000000 HAL_GetTick
     /tmp/ccpl2F6O.s:251    .text.HAL_GetTick:0000000000000008 $d
     /tmp/ccpl2F6O.s:256    .text.HAL_Delay:0000000000000000 $t
     /tmp/ccpl2F6O.s:261    .text.HAL_Delay:0000000000000000 HAL_Delay
     /tmp/ccpl2F6O.s:301    .text.HAL_SuspendTick:0000000000000000 $t
     /tmp/ccpl2F6O.s:306    .text.HAL_SuspendTick:0000000000000000 HAL_SuspendTick
     /tmp/ccpl2F6O.s:322    .text.HAL_SuspendTick:000000000000000c $d
     /tmp/ccpl2F6O.s:327    .text.HAL_ResumeTick:0000000000000000 $t
     /tmp/ccpl2F6O.s:332    .text.HAL_ResumeTick:0000000000000000 HAL_ResumeTick
     /tmp/ccpl2F6O.s:348    .text.HAL_ResumeTick:000000000000000c $d
     /tmp/ccpl2F6O.s:353    .text.HAL_GetHalVersion:0000000000000000 $t
     /tmp/ccpl2F6O.s:358    .text.HAL_GetHalVersion:0000000000000000 HAL_GetHalVersion
     /tmp/ccpl2F6O.s:371    .text.HAL_GetHalVersion:0000000000000004 $d
     /tmp/ccpl2F6O.s:376    .text.HAL_GetREVID:0000000000000000 $t
     /tmp/ccpl2F6O.s:381    .text.HAL_GetREVID:0000000000000000 HAL_GetREVID
     /tmp/ccpl2F6O.s:397    .text.HAL_GetREVID:0000000000000008 $d
     /tmp/ccpl2F6O.s:402    .text.HAL_GetDEVID:0000000000000000 $t
     /tmp/ccpl2F6O.s:407    .text.HAL_GetDEVID:0000000000000000 HAL_GetDEVID
     /tmp/ccpl2F6O.s:423    .text.HAL_GetDEVID:000000000000000c $d
     /tmp/ccpl2F6O.s:428    .text.HAL_EnableDBGSleepMode:0000000000000000 $t
     /tmp/ccpl2F6O.s:433    .text.HAL_EnableDBGSleepMode:0000000000000000 HAL_EnableDBGSleepMode
     /tmp/ccpl2F6O.s:449    .text.HAL_EnableDBGSleepMode:000000000000000c $d
     /tmp/ccpl2F6O.s:454    .text.HAL_DisableDBGSleepMode:0000000000000000 $t
     /tmp/ccpl2F6O.s:459    .text.HAL_DisableDBGSleepMode:0000000000000000 HAL_DisableDBGSleepMode
     /tmp/ccpl2F6O.s:475    .text.HAL_DisableDBGSleepMode:000000000000000c $d
     /tmp/ccpl2F6O.s:480    .text.HAL_EnableDBGStopMode:0000000000000000 $t
     /tmp/ccpl2F6O.s:485    .text.HAL_EnableDBGStopMode:0000000000000000 HAL_EnableDBGStopMode
     /tmp/ccpl2F6O.s:501    .text.HAL_EnableDBGStopMode:000000000000000c $d
     /tmp/ccpl2F6O.s:506    .text.HAL_DisableDBGStopMode:0000000000000000 $t
     /tmp/ccpl2F6O.s:511    .text.HAL_DisableDBGStopMode:0000000000000000 HAL_DisableDBGStopMode
     /tmp/ccpl2F6O.s:527    .text.HAL_DisableDBGStopMode:000000000000000c $d
     /tmp/ccpl2F6O.s:532    .text.HAL_EnableDBGStandbyMode:0000000000000000 $t
     /tmp/ccpl2F6O.s:537    .text.HAL_EnableDBGStandbyMode:0000000000000000 HAL_EnableDBGStandbyMode
     /tmp/ccpl2F6O.s:553    .text.HAL_EnableDBGStandbyMode:000000000000000c $d
     /tmp/ccpl2F6O.s:558    .text.HAL_DisableDBGStandbyMode:0000000000000000 $t
     /tmp/ccpl2F6O.s:563    .text.HAL_DisableDBGStandbyMode:0000000000000000 HAL_DisableDBGStandbyMode
     /tmp/ccpl2F6O.s:579    .text.HAL_DisableDBGStandbyMode:000000000000000c $d
     /tmp/ccpl2F6O.s:584    .text.HAL_EnableCompensationCell:0000000000000000 $t
ARM GAS  /tmp/ccpl2F6O.s 			page 22


     /tmp/ccpl2F6O.s:589    .text.HAL_EnableCompensationCell:0000000000000000 HAL_EnableCompensationCell
     /tmp/ccpl2F6O.s:604    .text.HAL_EnableCompensationCell:0000000000000008 $d
     /tmp/ccpl2F6O.s:609    .text.HAL_DisableCompensationCell:0000000000000000 $t
     /tmp/ccpl2F6O.s:614    .text.HAL_DisableCompensationCell:0000000000000000 HAL_DisableCompensationCell
     /tmp/ccpl2F6O.s:629    .text.HAL_DisableCompensationCell:0000000000000008 $d
     /tmp/ccpl2F6O.s:634    .bss.uwTick:0000000000000000 $d
     /tmp/ccpl2F6O.s:638    .bss.uwTick:0000000000000000 uwTick
                     .debug_frame:0000000000000010 $d

UNDEFINED SYMBOLS
HAL_RCC_GetHCLKFreq
HAL_SYSTICK_Config
HAL_NVIC_SetPriority
HAL_NVIC_SetPriorityGrouping
