ARM GAS  /tmp/ccES7U9F.s 			page 1


   1              		.syntax unified
   2              		.cpu cortex-m4
   3              		.eabi_attribute 27, 1
   4              		.eabi_attribute 28, 1
   5              		.fpu fpv4-sp-d16
   6              		.eabi_attribute 20, 1
   7              		.eabi_attribute 21, 1
   8              		.eabi_attribute 23, 3
   9              		.eabi_attribute 24, 1
  10              		.eabi_attribute 25, 1
  11              		.eabi_attribute 26, 1
  12              		.eabi_attribute 30, 1
  13              		.eabi_attribute 34, 1
  14              		.eabi_attribute 18, 4
  15              		.thumb
  16              		.syntax unified
  17              		.file	"stm32f4xx_hal_dma_ex.c"
  18              		.text
  19              	.Ltext0:
  20              		.cfi_sections	.debug_frame
  21              		.section	.text.DMA_MultiBufferSetConfig,"ax",%progbits
  22              		.align	2
  23              		.thumb
  24              		.thumb_func
  26              	DMA_MultiBufferSetConfig:
  27              	.LFB115:
  28              		.file 1 "../Drivers/STM32F4xx_HAL_Driver/Src/stm32f4xx_hal_dma_ex.c"
   1:../Drivers/STM32F4xx_HAL_Driver/Src/stm32f4xx_hal_dma_ex.c **** /**
   2:../Drivers/STM32F4xx_HAL_Driver/Src/stm32f4xx_hal_dma_ex.c ****   ******************************************************************************
   3:../Drivers/STM32F4xx_HAL_Driver/Src/stm32f4xx_hal_dma_ex.c ****   * @file    stm32f4xx_hal_dma_ex.c
   4:../Drivers/STM32F4xx_HAL_Driver/Src/stm32f4xx_hal_dma_ex.c ****   * @author  MCD Application Team
   5:../Drivers/STM32F4xx_HAL_Driver/Src/stm32f4xx_hal_dma_ex.c ****   * @version V1.1.0
   6:../Drivers/STM32F4xx_HAL_Driver/Src/stm32f4xx_hal_dma_ex.c ****   * @date    19-June-2014
   7:../Drivers/STM32F4xx_HAL_Driver/Src/stm32f4xx_hal_dma_ex.c ****   * @brief   DMA Extension HAL module driver
   8:../Drivers/STM32F4xx_HAL_Driver/Src/stm32f4xx_hal_dma_ex.c ****   *         This file provides firmware functions to manage the following 
   9:../Drivers/STM32F4xx_HAL_Driver/Src/stm32f4xx_hal_dma_ex.c ****   *         functionalities of the DMA Extension peripheral:
  10:../Drivers/STM32F4xx_HAL_Driver/Src/stm32f4xx_hal_dma_ex.c ****   *           + Extended features functions
  11:../Drivers/STM32F4xx_HAL_Driver/Src/stm32f4xx_hal_dma_ex.c ****   *
  12:../Drivers/STM32F4xx_HAL_Driver/Src/stm32f4xx_hal_dma_ex.c ****   @verbatim
  13:../Drivers/STM32F4xx_HAL_Driver/Src/stm32f4xx_hal_dma_ex.c ****   ==============================================================================
  14:../Drivers/STM32F4xx_HAL_Driver/Src/stm32f4xx_hal_dma_ex.c ****                         ##### How to use this driver #####
  15:../Drivers/STM32F4xx_HAL_Driver/Src/stm32f4xx_hal_dma_ex.c ****   ==============================================================================
  16:../Drivers/STM32F4xx_HAL_Driver/Src/stm32f4xx_hal_dma_ex.c ****   [..]
  17:../Drivers/STM32F4xx_HAL_Driver/Src/stm32f4xx_hal_dma_ex.c ****   The DMA Extension HAL driver can be used as follows:
  18:../Drivers/STM32F4xx_HAL_Driver/Src/stm32f4xx_hal_dma_ex.c ****    (#) Start a multi buffer transfer using the HAL_DMA_MultiBufferStart() function
  19:../Drivers/STM32F4xx_HAL_Driver/Src/stm32f4xx_hal_dma_ex.c ****        for polling mode or HAL_DMA_MultiBufferStart_IT() for interrupt mode.
  20:../Drivers/STM32F4xx_HAL_Driver/Src/stm32f4xx_hal_dma_ex.c ****                    
  21:../Drivers/STM32F4xx_HAL_Driver/Src/stm32f4xx_hal_dma_ex.c ****      -@-  In Memory-to-Memory transfer mode, Multi (Double) Buffer mode is not allowed.
  22:../Drivers/STM32F4xx_HAL_Driver/Src/stm32f4xx_hal_dma_ex.c ****      -@-  When Multi (Double) Buffer mode is enabled the, transfer is circular by default.
  23:../Drivers/STM32F4xx_HAL_Driver/Src/stm32f4xx_hal_dma_ex.c ****      -@-  In Multi (Double) buffer mode, it is possible to update the base address for 
  24:../Drivers/STM32F4xx_HAL_Driver/Src/stm32f4xx_hal_dma_ex.c ****           the AHB memory port on the fly (DMA_SxM0AR or DMA_SxM1AR) when the stream is enabled. 
  25:../Drivers/STM32F4xx_HAL_Driver/Src/stm32f4xx_hal_dma_ex.c ****   
  26:../Drivers/STM32F4xx_HAL_Driver/Src/stm32f4xx_hal_dma_ex.c ****   @endverbatim
  27:../Drivers/STM32F4xx_HAL_Driver/Src/stm32f4xx_hal_dma_ex.c ****   ******************************************************************************
  28:../Drivers/STM32F4xx_HAL_Driver/Src/stm32f4xx_hal_dma_ex.c ****   * @attention
  29:../Drivers/STM32F4xx_HAL_Driver/Src/stm32f4xx_hal_dma_ex.c ****   *
  30:../Drivers/STM32F4xx_HAL_Driver/Src/stm32f4xx_hal_dma_ex.c ****   * <h2><center>&copy; COPYRIGHT(c) 2014 STMicroelectronics</center></h2>
ARM GAS  /tmp/ccES7U9F.s 			page 2


  31:../Drivers/STM32F4xx_HAL_Driver/Src/stm32f4xx_hal_dma_ex.c ****   *
  32:../Drivers/STM32F4xx_HAL_Driver/Src/stm32f4xx_hal_dma_ex.c ****   * Redistribution and use in source and binary forms, with or without modification,
  33:../Drivers/STM32F4xx_HAL_Driver/Src/stm32f4xx_hal_dma_ex.c ****   * are permitted provided that the following conditions are met:
  34:../Drivers/STM32F4xx_HAL_Driver/Src/stm32f4xx_hal_dma_ex.c ****   *   1. Redistributions of source code must retain the above copyright notice,
  35:../Drivers/STM32F4xx_HAL_Driver/Src/stm32f4xx_hal_dma_ex.c ****   *      this list of conditions and the following disclaimer.
  36:../Drivers/STM32F4xx_HAL_Driver/Src/stm32f4xx_hal_dma_ex.c ****   *   2. Redistributions in binary form must reproduce the above copyright notice,
  37:../Drivers/STM32F4xx_HAL_Driver/Src/stm32f4xx_hal_dma_ex.c ****   *      this list of conditions and the following disclaimer in the documentation
  38:../Drivers/STM32F4xx_HAL_Driver/Src/stm32f4xx_hal_dma_ex.c ****   *      and/or other materials provided with the distribution.
  39:../Drivers/STM32F4xx_HAL_Driver/Src/stm32f4xx_hal_dma_ex.c ****   *   3. Neither the name of STMicroelectronics nor the names of its contributors
  40:../Drivers/STM32F4xx_HAL_Driver/Src/stm32f4xx_hal_dma_ex.c ****   *      may be used to endorse or promote products derived from this software
  41:../Drivers/STM32F4xx_HAL_Driver/Src/stm32f4xx_hal_dma_ex.c ****   *      without specific prior written permission.
  42:../Drivers/STM32F4xx_HAL_Driver/Src/stm32f4xx_hal_dma_ex.c ****   *
  43:../Drivers/STM32F4xx_HAL_Driver/Src/stm32f4xx_hal_dma_ex.c ****   * THIS SOFTWARE IS PROVIDED BY THE COPYRIGHT HOLDERS AND CONTRIBUTORS "AS IS"
  44:../Drivers/STM32F4xx_HAL_Driver/Src/stm32f4xx_hal_dma_ex.c ****   * AND ANY EXPRESS OR IMPLIED WARRANTIES, INCLUDING, BUT NOT LIMITED TO, THE
  45:../Drivers/STM32F4xx_HAL_Driver/Src/stm32f4xx_hal_dma_ex.c ****   * IMPLIED WARRANTIES OF MERCHANTABILITY AND FITNESS FOR A PARTICULAR PURPOSE ARE
  46:../Drivers/STM32F4xx_HAL_Driver/Src/stm32f4xx_hal_dma_ex.c ****   * DISCLAIMED. IN NO EVENT SHALL THE COPYRIGHT HOLDER OR CONTRIBUTORS BE LIABLE
  47:../Drivers/STM32F4xx_HAL_Driver/Src/stm32f4xx_hal_dma_ex.c ****   * FOR ANY DIRECT, INDIRECT, INCIDENTAL, SPECIAL, EXEMPLARY, OR CONSEQUENTIAL
  48:../Drivers/STM32F4xx_HAL_Driver/Src/stm32f4xx_hal_dma_ex.c ****   * DAMAGES (INCLUDING, BUT NOT LIMITED TO, PROCUREMENT OF SUBSTITUTE GOODS OR
  49:../Drivers/STM32F4xx_HAL_Driver/Src/stm32f4xx_hal_dma_ex.c ****   * SERVICES; LOSS OF USE, DATA, OR PROFITS; OR BUSINESS INTERRUPTION) HOWEVER
  50:../Drivers/STM32F4xx_HAL_Driver/Src/stm32f4xx_hal_dma_ex.c ****   * CAUSED AND ON ANY THEORY OF LIABILITY, WHETHER IN CONTRACT, STRICT LIABILITY,
  51:../Drivers/STM32F4xx_HAL_Driver/Src/stm32f4xx_hal_dma_ex.c ****   * OR TORT (INCLUDING NEGLIGENCE OR OTHERWISE) ARISING IN ANY WAY OUT OF THE USE
  52:../Drivers/STM32F4xx_HAL_Driver/Src/stm32f4xx_hal_dma_ex.c ****   * OF THIS SOFTWARE, EVEN IF ADVISED OF THE POSSIBILITY OF SUCH DAMAGE.
  53:../Drivers/STM32F4xx_HAL_Driver/Src/stm32f4xx_hal_dma_ex.c ****   *
  54:../Drivers/STM32F4xx_HAL_Driver/Src/stm32f4xx_hal_dma_ex.c ****   ******************************************************************************
  55:../Drivers/STM32F4xx_HAL_Driver/Src/stm32f4xx_hal_dma_ex.c ****   */
  56:../Drivers/STM32F4xx_HAL_Driver/Src/stm32f4xx_hal_dma_ex.c **** 
  57:../Drivers/STM32F4xx_HAL_Driver/Src/stm32f4xx_hal_dma_ex.c **** /* Includes ------------------------------------------------------------------*/
  58:../Drivers/STM32F4xx_HAL_Driver/Src/stm32f4xx_hal_dma_ex.c **** #include "stm32f4xx_hal.h"
  59:../Drivers/STM32F4xx_HAL_Driver/Src/stm32f4xx_hal_dma_ex.c **** 
  60:../Drivers/STM32F4xx_HAL_Driver/Src/stm32f4xx_hal_dma_ex.c **** /** @addtogroup STM32F4xx_HAL_Driver
  61:../Drivers/STM32F4xx_HAL_Driver/Src/stm32f4xx_hal_dma_ex.c ****   * @{
  62:../Drivers/STM32F4xx_HAL_Driver/Src/stm32f4xx_hal_dma_ex.c ****   */
  63:../Drivers/STM32F4xx_HAL_Driver/Src/stm32f4xx_hal_dma_ex.c **** 
  64:../Drivers/STM32F4xx_HAL_Driver/Src/stm32f4xx_hal_dma_ex.c **** /** @defgroup DMAEx 
  65:../Drivers/STM32F4xx_HAL_Driver/Src/stm32f4xx_hal_dma_ex.c ****   * @brief DMA Extended HAL module driver
  66:../Drivers/STM32F4xx_HAL_Driver/Src/stm32f4xx_hal_dma_ex.c ****   * @{
  67:../Drivers/STM32F4xx_HAL_Driver/Src/stm32f4xx_hal_dma_ex.c ****   */
  68:../Drivers/STM32F4xx_HAL_Driver/Src/stm32f4xx_hal_dma_ex.c **** 
  69:../Drivers/STM32F4xx_HAL_Driver/Src/stm32f4xx_hal_dma_ex.c **** #ifdef HAL_DMA_MODULE_ENABLED
  70:../Drivers/STM32F4xx_HAL_Driver/Src/stm32f4xx_hal_dma_ex.c **** 
  71:../Drivers/STM32F4xx_HAL_Driver/Src/stm32f4xx_hal_dma_ex.c **** /* Private typedef -----------------------------------------------------------*/
  72:../Drivers/STM32F4xx_HAL_Driver/Src/stm32f4xx_hal_dma_ex.c **** /* Private define ------------------------------------------------------------*/
  73:../Drivers/STM32F4xx_HAL_Driver/Src/stm32f4xx_hal_dma_ex.c **** /* Private macro -------------------------------------------------------------*/
  74:../Drivers/STM32F4xx_HAL_Driver/Src/stm32f4xx_hal_dma_ex.c **** /* Private variables ---------------------------------------------------------*/
  75:../Drivers/STM32F4xx_HAL_Driver/Src/stm32f4xx_hal_dma_ex.c **** /* Private function prototypes -----------------------------------------------*/
  76:../Drivers/STM32F4xx_HAL_Driver/Src/stm32f4xx_hal_dma_ex.c **** static void DMA_MultiBufferSetConfig(DMA_HandleTypeDef *hdma, uint32_t SrcAddress, uint32_t DstAddr
  77:../Drivers/STM32F4xx_HAL_Driver/Src/stm32f4xx_hal_dma_ex.c **** 
  78:../Drivers/STM32F4xx_HAL_Driver/Src/stm32f4xx_hal_dma_ex.c **** /* Private functions ---------------------------------------------------------*/
  79:../Drivers/STM32F4xx_HAL_Driver/Src/stm32f4xx_hal_dma_ex.c **** 
  80:../Drivers/STM32F4xx_HAL_Driver/Src/stm32f4xx_hal_dma_ex.c **** /** @defgroup DMAEx_Private_Functions
  81:../Drivers/STM32F4xx_HAL_Driver/Src/stm32f4xx_hal_dma_ex.c ****   * @{
  82:../Drivers/STM32F4xx_HAL_Driver/Src/stm32f4xx_hal_dma_ex.c ****   */
  83:../Drivers/STM32F4xx_HAL_Driver/Src/stm32f4xx_hal_dma_ex.c **** 
  84:../Drivers/STM32F4xx_HAL_Driver/Src/stm32f4xx_hal_dma_ex.c **** 
  85:../Drivers/STM32F4xx_HAL_Driver/Src/stm32f4xx_hal_dma_ex.c **** /** @defgroup DMAEx_Group1 Extended features functions 
  86:../Drivers/STM32F4xx_HAL_Driver/Src/stm32f4xx_hal_dma_ex.c ****  *  @brief   Extended features functions   
  87:../Drivers/STM32F4xx_HAL_Driver/Src/stm32f4xx_hal_dma_ex.c ****  *
ARM GAS  /tmp/ccES7U9F.s 			page 3


  88:../Drivers/STM32F4xx_HAL_Driver/Src/stm32f4xx_hal_dma_ex.c **** @verbatim   
  89:../Drivers/STM32F4xx_HAL_Driver/Src/stm32f4xx_hal_dma_ex.c ****  ===============================================================================
  90:../Drivers/STM32F4xx_HAL_Driver/Src/stm32f4xx_hal_dma_ex.c ****                 #####  Extended features functions  #####
  91:../Drivers/STM32F4xx_HAL_Driver/Src/stm32f4xx_hal_dma_ex.c ****  ===============================================================================  
  92:../Drivers/STM32F4xx_HAL_Driver/Src/stm32f4xx_hal_dma_ex.c ****     [..]  This section provides functions allowing to:
  93:../Drivers/STM32F4xx_HAL_Driver/Src/stm32f4xx_hal_dma_ex.c ****       (+) Configure the source, destination address and data length and 
  94:../Drivers/STM32F4xx_HAL_Driver/Src/stm32f4xx_hal_dma_ex.c ****           Start MultiBuffer DMA transfer
  95:../Drivers/STM32F4xx_HAL_Driver/Src/stm32f4xx_hal_dma_ex.c ****       (+) Configure the source, destination address and data length and 
  96:../Drivers/STM32F4xx_HAL_Driver/Src/stm32f4xx_hal_dma_ex.c ****           Start MultiBuffer DMA transfer with interrupt
  97:../Drivers/STM32F4xx_HAL_Driver/Src/stm32f4xx_hal_dma_ex.c ****       (+) Change on the fly the memory0 or memory1 address.
  98:../Drivers/STM32F4xx_HAL_Driver/Src/stm32f4xx_hal_dma_ex.c ****       
  99:../Drivers/STM32F4xx_HAL_Driver/Src/stm32f4xx_hal_dma_ex.c **** @endverbatim
 100:../Drivers/STM32F4xx_HAL_Driver/Src/stm32f4xx_hal_dma_ex.c ****   * @{
 101:../Drivers/STM32F4xx_HAL_Driver/Src/stm32f4xx_hal_dma_ex.c ****   */
 102:../Drivers/STM32F4xx_HAL_Driver/Src/stm32f4xx_hal_dma_ex.c **** 
 103:../Drivers/STM32F4xx_HAL_Driver/Src/stm32f4xx_hal_dma_ex.c **** 
 104:../Drivers/STM32F4xx_HAL_Driver/Src/stm32f4xx_hal_dma_ex.c **** /**
 105:../Drivers/STM32F4xx_HAL_Driver/Src/stm32f4xx_hal_dma_ex.c ****   * @brief  Starts the multi_buffer DMA Transfer.
 106:../Drivers/STM32F4xx_HAL_Driver/Src/stm32f4xx_hal_dma_ex.c ****   * @param  hdma      : pointer to a DMA_HandleTypeDef structure that contains
 107:../Drivers/STM32F4xx_HAL_Driver/Src/stm32f4xx_hal_dma_ex.c ****   *                     the configuration information for the specified DMA Stream.  
 108:../Drivers/STM32F4xx_HAL_Driver/Src/stm32f4xx_hal_dma_ex.c ****   * @param  SrcAddress: The source memory Buffer address
 109:../Drivers/STM32F4xx_HAL_Driver/Src/stm32f4xx_hal_dma_ex.c ****   * @param  DstAddress: The destination memory Buffer address
 110:../Drivers/STM32F4xx_HAL_Driver/Src/stm32f4xx_hal_dma_ex.c ****   * @param  SecondMemAddress: The second memory Buffer address in case of multi buffer Transfer  
 111:../Drivers/STM32F4xx_HAL_Driver/Src/stm32f4xx_hal_dma_ex.c ****   * @param  DataLength: The length of data to be transferred from source to destination
 112:../Drivers/STM32F4xx_HAL_Driver/Src/stm32f4xx_hal_dma_ex.c ****   * @retval HAL status
 113:../Drivers/STM32F4xx_HAL_Driver/Src/stm32f4xx_hal_dma_ex.c ****   */
 114:../Drivers/STM32F4xx_HAL_Driver/Src/stm32f4xx_hal_dma_ex.c **** HAL_StatusTypeDef HAL_DMAEx_MultiBufferStart(DMA_HandleTypeDef *hdma, uint32_t SrcAddress, uint32_t
 115:../Drivers/STM32F4xx_HAL_Driver/Src/stm32f4xx_hal_dma_ex.c **** {
 116:../Drivers/STM32F4xx_HAL_Driver/Src/stm32f4xx_hal_dma_ex.c ****   /* Process Locked */
 117:../Drivers/STM32F4xx_HAL_Driver/Src/stm32f4xx_hal_dma_ex.c ****   __HAL_LOCK(hdma);
 118:../Drivers/STM32F4xx_HAL_Driver/Src/stm32f4xx_hal_dma_ex.c **** 
 119:../Drivers/STM32F4xx_HAL_Driver/Src/stm32f4xx_hal_dma_ex.c ****   /* Current memory buffer used is Memory 0 */
 120:../Drivers/STM32F4xx_HAL_Driver/Src/stm32f4xx_hal_dma_ex.c ****   if((hdma->Instance->CR & DMA_SxCR_CT) == 0)
 121:../Drivers/STM32F4xx_HAL_Driver/Src/stm32f4xx_hal_dma_ex.c ****   {
 122:../Drivers/STM32F4xx_HAL_Driver/Src/stm32f4xx_hal_dma_ex.c ****     hdma->State = HAL_DMA_STATE_BUSY_MEM0;
 123:../Drivers/STM32F4xx_HAL_Driver/Src/stm32f4xx_hal_dma_ex.c ****   }
 124:../Drivers/STM32F4xx_HAL_Driver/Src/stm32f4xx_hal_dma_ex.c ****   /* Current memory buffer used is Memory 1 */
 125:../Drivers/STM32F4xx_HAL_Driver/Src/stm32f4xx_hal_dma_ex.c ****   else if((hdma->Instance->CR & DMA_SxCR_CT) != 0)
 126:../Drivers/STM32F4xx_HAL_Driver/Src/stm32f4xx_hal_dma_ex.c ****   {
 127:../Drivers/STM32F4xx_HAL_Driver/Src/stm32f4xx_hal_dma_ex.c ****     hdma->State = HAL_DMA_STATE_BUSY_MEM1;
 128:../Drivers/STM32F4xx_HAL_Driver/Src/stm32f4xx_hal_dma_ex.c ****   }
 129:../Drivers/STM32F4xx_HAL_Driver/Src/stm32f4xx_hal_dma_ex.c **** 
 130:../Drivers/STM32F4xx_HAL_Driver/Src/stm32f4xx_hal_dma_ex.c ****    /* Check the parameters */
 131:../Drivers/STM32F4xx_HAL_Driver/Src/stm32f4xx_hal_dma_ex.c ****   assert_param(IS_DMA_BUFFER_SIZE(DataLength));
 132:../Drivers/STM32F4xx_HAL_Driver/Src/stm32f4xx_hal_dma_ex.c **** 
 133:../Drivers/STM32F4xx_HAL_Driver/Src/stm32f4xx_hal_dma_ex.c ****   /* Disable the peripheral */
 134:../Drivers/STM32F4xx_HAL_Driver/Src/stm32f4xx_hal_dma_ex.c ****   __HAL_DMA_DISABLE(hdma);  
 135:../Drivers/STM32F4xx_HAL_Driver/Src/stm32f4xx_hal_dma_ex.c **** 
 136:../Drivers/STM32F4xx_HAL_Driver/Src/stm32f4xx_hal_dma_ex.c ****   /* Enable the double buffer mode */
 137:../Drivers/STM32F4xx_HAL_Driver/Src/stm32f4xx_hal_dma_ex.c ****   hdma->Instance->CR |= (uint32_t)DMA_SxCR_DBM;
 138:../Drivers/STM32F4xx_HAL_Driver/Src/stm32f4xx_hal_dma_ex.c **** 
 139:../Drivers/STM32F4xx_HAL_Driver/Src/stm32f4xx_hal_dma_ex.c ****   /* Configure DMA Stream destination address */
 140:../Drivers/STM32F4xx_HAL_Driver/Src/stm32f4xx_hal_dma_ex.c ****   hdma->Instance->M1AR = SecondMemAddress;
 141:../Drivers/STM32F4xx_HAL_Driver/Src/stm32f4xx_hal_dma_ex.c **** 
 142:../Drivers/STM32F4xx_HAL_Driver/Src/stm32f4xx_hal_dma_ex.c ****   /* Configure the source, destination address and the data length */
 143:../Drivers/STM32F4xx_HAL_Driver/Src/stm32f4xx_hal_dma_ex.c ****   DMA_MultiBufferSetConfig(hdma, SrcAddress, DstAddress, DataLength);
 144:../Drivers/STM32F4xx_HAL_Driver/Src/stm32f4xx_hal_dma_ex.c **** 
ARM GAS  /tmp/ccES7U9F.s 			page 4


 145:../Drivers/STM32F4xx_HAL_Driver/Src/stm32f4xx_hal_dma_ex.c ****   /* Enable the peripheral */
 146:../Drivers/STM32F4xx_HAL_Driver/Src/stm32f4xx_hal_dma_ex.c ****   __HAL_DMA_ENABLE(hdma);
 147:../Drivers/STM32F4xx_HAL_Driver/Src/stm32f4xx_hal_dma_ex.c **** 
 148:../Drivers/STM32F4xx_HAL_Driver/Src/stm32f4xx_hal_dma_ex.c ****   return HAL_OK;
 149:../Drivers/STM32F4xx_HAL_Driver/Src/stm32f4xx_hal_dma_ex.c **** }
 150:../Drivers/STM32F4xx_HAL_Driver/Src/stm32f4xx_hal_dma_ex.c **** 
 151:../Drivers/STM32F4xx_HAL_Driver/Src/stm32f4xx_hal_dma_ex.c **** /**
 152:../Drivers/STM32F4xx_HAL_Driver/Src/stm32f4xx_hal_dma_ex.c ****   * @brief  Starts the multi_buffer DMA Transfer with interrupt enabled.
 153:../Drivers/STM32F4xx_HAL_Driver/Src/stm32f4xx_hal_dma_ex.c ****   * @param  hdma:       pointer to a DMA_HandleTypeDef structure that contains
 154:../Drivers/STM32F4xx_HAL_Driver/Src/stm32f4xx_hal_dma_ex.c ****   *                     the configuration information for the specified DMA Stream.  
 155:../Drivers/STM32F4xx_HAL_Driver/Src/stm32f4xx_hal_dma_ex.c ****   * @param  SrcAddress: The source memory Buffer address
 156:../Drivers/STM32F4xx_HAL_Driver/Src/stm32f4xx_hal_dma_ex.c ****   * @param  DstAddress: The destination memory Buffer address
 157:../Drivers/STM32F4xx_HAL_Driver/Src/stm32f4xx_hal_dma_ex.c ****   * @param  SecondMemAddress: The second memory Buffer address in case of multi buffer Transfer  
 158:../Drivers/STM32F4xx_HAL_Driver/Src/stm32f4xx_hal_dma_ex.c ****   * @param  DataLength: The length of data to be transferred from source to destination
 159:../Drivers/STM32F4xx_HAL_Driver/Src/stm32f4xx_hal_dma_ex.c ****   * @retval HAL status
 160:../Drivers/STM32F4xx_HAL_Driver/Src/stm32f4xx_hal_dma_ex.c ****   */
 161:../Drivers/STM32F4xx_HAL_Driver/Src/stm32f4xx_hal_dma_ex.c **** HAL_StatusTypeDef HAL_DMAEx_MultiBufferStart_IT(DMA_HandleTypeDef *hdma, uint32_t SrcAddress, uint3
 162:../Drivers/STM32F4xx_HAL_Driver/Src/stm32f4xx_hal_dma_ex.c **** {
 163:../Drivers/STM32F4xx_HAL_Driver/Src/stm32f4xx_hal_dma_ex.c ****   /* Process Locked */
 164:../Drivers/STM32F4xx_HAL_Driver/Src/stm32f4xx_hal_dma_ex.c ****   __HAL_LOCK(hdma);
 165:../Drivers/STM32F4xx_HAL_Driver/Src/stm32f4xx_hal_dma_ex.c **** 
 166:../Drivers/STM32F4xx_HAL_Driver/Src/stm32f4xx_hal_dma_ex.c ****   /* Current memory buffer used is Memory 0 */
 167:../Drivers/STM32F4xx_HAL_Driver/Src/stm32f4xx_hal_dma_ex.c ****   if((hdma->Instance->CR & DMA_SxCR_CT) == 0)
 168:../Drivers/STM32F4xx_HAL_Driver/Src/stm32f4xx_hal_dma_ex.c ****   {
 169:../Drivers/STM32F4xx_HAL_Driver/Src/stm32f4xx_hal_dma_ex.c ****     hdma->State = HAL_DMA_STATE_BUSY_MEM0;
 170:../Drivers/STM32F4xx_HAL_Driver/Src/stm32f4xx_hal_dma_ex.c ****   }
 171:../Drivers/STM32F4xx_HAL_Driver/Src/stm32f4xx_hal_dma_ex.c ****   /* Current memory buffer used is Memory 1 */
 172:../Drivers/STM32F4xx_HAL_Driver/Src/stm32f4xx_hal_dma_ex.c ****   else if((hdma->Instance->CR & DMA_SxCR_CT) != 0)
 173:../Drivers/STM32F4xx_HAL_Driver/Src/stm32f4xx_hal_dma_ex.c ****   {
 174:../Drivers/STM32F4xx_HAL_Driver/Src/stm32f4xx_hal_dma_ex.c ****     hdma->State = HAL_DMA_STATE_BUSY_MEM1;
 175:../Drivers/STM32F4xx_HAL_Driver/Src/stm32f4xx_hal_dma_ex.c ****   }
 176:../Drivers/STM32F4xx_HAL_Driver/Src/stm32f4xx_hal_dma_ex.c **** 
 177:../Drivers/STM32F4xx_HAL_Driver/Src/stm32f4xx_hal_dma_ex.c ****   /* Check the parameters */
 178:../Drivers/STM32F4xx_HAL_Driver/Src/stm32f4xx_hal_dma_ex.c ****   assert_param(IS_DMA_BUFFER_SIZE(DataLength));
 179:../Drivers/STM32F4xx_HAL_Driver/Src/stm32f4xx_hal_dma_ex.c **** 
 180:../Drivers/STM32F4xx_HAL_Driver/Src/stm32f4xx_hal_dma_ex.c ****   /* Disable the peripheral */
 181:../Drivers/STM32F4xx_HAL_Driver/Src/stm32f4xx_hal_dma_ex.c ****   __HAL_DMA_DISABLE(hdma);  
 182:../Drivers/STM32F4xx_HAL_Driver/Src/stm32f4xx_hal_dma_ex.c **** 
 183:../Drivers/STM32F4xx_HAL_Driver/Src/stm32f4xx_hal_dma_ex.c ****   /* Enable the Double buffer mode */
 184:../Drivers/STM32F4xx_HAL_Driver/Src/stm32f4xx_hal_dma_ex.c ****   hdma->Instance->CR |= (uint32_t)DMA_SxCR_DBM;
 185:../Drivers/STM32F4xx_HAL_Driver/Src/stm32f4xx_hal_dma_ex.c **** 
 186:../Drivers/STM32F4xx_HAL_Driver/Src/stm32f4xx_hal_dma_ex.c ****   /* Configure DMA Stream destination address */
 187:../Drivers/STM32F4xx_HAL_Driver/Src/stm32f4xx_hal_dma_ex.c ****   hdma->Instance->M1AR = SecondMemAddress;
 188:../Drivers/STM32F4xx_HAL_Driver/Src/stm32f4xx_hal_dma_ex.c **** 
 189:../Drivers/STM32F4xx_HAL_Driver/Src/stm32f4xx_hal_dma_ex.c ****   /* Configure the source, destination address and the data length */
 190:../Drivers/STM32F4xx_HAL_Driver/Src/stm32f4xx_hal_dma_ex.c ****   DMA_MultiBufferSetConfig(hdma, SrcAddress, DstAddress, DataLength); 
 191:../Drivers/STM32F4xx_HAL_Driver/Src/stm32f4xx_hal_dma_ex.c **** 
 192:../Drivers/STM32F4xx_HAL_Driver/Src/stm32f4xx_hal_dma_ex.c ****   /* Enable the transfer complete interrupt */
 193:../Drivers/STM32F4xx_HAL_Driver/Src/stm32f4xx_hal_dma_ex.c ****   __HAL_DMA_ENABLE_IT(hdma, DMA_IT_TC);
 194:../Drivers/STM32F4xx_HAL_Driver/Src/stm32f4xx_hal_dma_ex.c **** 
 195:../Drivers/STM32F4xx_HAL_Driver/Src/stm32f4xx_hal_dma_ex.c ****   /* Enable the Half transfer interrupt */
 196:../Drivers/STM32F4xx_HAL_Driver/Src/stm32f4xx_hal_dma_ex.c ****   __HAL_DMA_ENABLE_IT(hdma, DMA_IT_HT);
 197:../Drivers/STM32F4xx_HAL_Driver/Src/stm32f4xx_hal_dma_ex.c **** 
 198:../Drivers/STM32F4xx_HAL_Driver/Src/stm32f4xx_hal_dma_ex.c ****   /* Enable the transfer Error interrupt */
 199:../Drivers/STM32F4xx_HAL_Driver/Src/stm32f4xx_hal_dma_ex.c ****   __HAL_DMA_ENABLE_IT(hdma, DMA_IT_TE);
 200:../Drivers/STM32F4xx_HAL_Driver/Src/stm32f4xx_hal_dma_ex.c **** 
 201:../Drivers/STM32F4xx_HAL_Driver/Src/stm32f4xx_hal_dma_ex.c ****   /* Enable the fifo Error interrupt */
ARM GAS  /tmp/ccES7U9F.s 			page 5


 202:../Drivers/STM32F4xx_HAL_Driver/Src/stm32f4xx_hal_dma_ex.c ****   __HAL_DMA_ENABLE_IT(hdma, DMA_IT_FE);  
 203:../Drivers/STM32F4xx_HAL_Driver/Src/stm32f4xx_hal_dma_ex.c **** 
 204:../Drivers/STM32F4xx_HAL_Driver/Src/stm32f4xx_hal_dma_ex.c ****   /* Enable the direct mode Error interrupt */
 205:../Drivers/STM32F4xx_HAL_Driver/Src/stm32f4xx_hal_dma_ex.c ****   __HAL_DMA_ENABLE_IT(hdma, DMA_IT_DME); 
 206:../Drivers/STM32F4xx_HAL_Driver/Src/stm32f4xx_hal_dma_ex.c **** 
 207:../Drivers/STM32F4xx_HAL_Driver/Src/stm32f4xx_hal_dma_ex.c ****   /* Enable the peripheral */
 208:../Drivers/STM32F4xx_HAL_Driver/Src/stm32f4xx_hal_dma_ex.c ****   __HAL_DMA_ENABLE(hdma); 
 209:../Drivers/STM32F4xx_HAL_Driver/Src/stm32f4xx_hal_dma_ex.c **** 
 210:../Drivers/STM32F4xx_HAL_Driver/Src/stm32f4xx_hal_dma_ex.c ****   return HAL_OK; 
 211:../Drivers/STM32F4xx_HAL_Driver/Src/stm32f4xx_hal_dma_ex.c **** }
 212:../Drivers/STM32F4xx_HAL_Driver/Src/stm32f4xx_hal_dma_ex.c **** 
 213:../Drivers/STM32F4xx_HAL_Driver/Src/stm32f4xx_hal_dma_ex.c **** /**
 214:../Drivers/STM32F4xx_HAL_Driver/Src/stm32f4xx_hal_dma_ex.c ****   * @brief  Change the memory0 or memory1 address on the fly.
 215:../Drivers/STM32F4xx_HAL_Driver/Src/stm32f4xx_hal_dma_ex.c ****   * @param  hdma:       pointer to a DMA_HandleTypeDef structure that contains
 216:../Drivers/STM32F4xx_HAL_Driver/Src/stm32f4xx_hal_dma_ex.c ****   *                     the configuration information for the specified DMA Stream.  
 217:../Drivers/STM32F4xx_HAL_Driver/Src/stm32f4xx_hal_dma_ex.c ****   * @param  Address:    The new address
 218:../Drivers/STM32F4xx_HAL_Driver/Src/stm32f4xx_hal_dma_ex.c ****   * @param  memory:     the memory to be changed, This parameter can be one of 
 219:../Drivers/STM32F4xx_HAL_Driver/Src/stm32f4xx_hal_dma_ex.c ****   *                     the following values:
 220:../Drivers/STM32F4xx_HAL_Driver/Src/stm32f4xx_hal_dma_ex.c ****   *                      MEMORY0 /
 221:../Drivers/STM32F4xx_HAL_Driver/Src/stm32f4xx_hal_dma_ex.c ****   *                      MEMORY1
 222:../Drivers/STM32F4xx_HAL_Driver/Src/stm32f4xx_hal_dma_ex.c ****   * @note   The MEMORY0 address can be changed only when the current transfer use
 223:../Drivers/STM32F4xx_HAL_Driver/Src/stm32f4xx_hal_dma_ex.c ****   *         MEMORY1 and the MEMORY1 address can be changed only when the current 
 224:../Drivers/STM32F4xx_HAL_Driver/Src/stm32f4xx_hal_dma_ex.c ****   *         transfer use MEMORY0.
 225:../Drivers/STM32F4xx_HAL_Driver/Src/stm32f4xx_hal_dma_ex.c ****   * @retval HAL status
 226:../Drivers/STM32F4xx_HAL_Driver/Src/stm32f4xx_hal_dma_ex.c ****   */
 227:../Drivers/STM32F4xx_HAL_Driver/Src/stm32f4xx_hal_dma_ex.c **** HAL_StatusTypeDef HAL_DMAEx_ChangeMemory(DMA_HandleTypeDef *hdma, uint32_t Address, HAL_DMA_MemoryT
 228:../Drivers/STM32F4xx_HAL_Driver/Src/stm32f4xx_hal_dma_ex.c **** {
 229:../Drivers/STM32F4xx_HAL_Driver/Src/stm32f4xx_hal_dma_ex.c ****   if(memory == MEMORY0)
 230:../Drivers/STM32F4xx_HAL_Driver/Src/stm32f4xx_hal_dma_ex.c ****   {
 231:../Drivers/STM32F4xx_HAL_Driver/Src/stm32f4xx_hal_dma_ex.c ****     /* change the memory0 address */
 232:../Drivers/STM32F4xx_HAL_Driver/Src/stm32f4xx_hal_dma_ex.c ****     hdma->Instance->M0AR = Address;
 233:../Drivers/STM32F4xx_HAL_Driver/Src/stm32f4xx_hal_dma_ex.c ****   }
 234:../Drivers/STM32F4xx_HAL_Driver/Src/stm32f4xx_hal_dma_ex.c ****   else
 235:../Drivers/STM32F4xx_HAL_Driver/Src/stm32f4xx_hal_dma_ex.c ****   {
 236:../Drivers/STM32F4xx_HAL_Driver/Src/stm32f4xx_hal_dma_ex.c ****     /* change the memory1 address */
 237:../Drivers/STM32F4xx_HAL_Driver/Src/stm32f4xx_hal_dma_ex.c ****     hdma->Instance->M1AR = Address;
 238:../Drivers/STM32F4xx_HAL_Driver/Src/stm32f4xx_hal_dma_ex.c ****   }
 239:../Drivers/STM32F4xx_HAL_Driver/Src/stm32f4xx_hal_dma_ex.c **** 
 240:../Drivers/STM32F4xx_HAL_Driver/Src/stm32f4xx_hal_dma_ex.c ****   return HAL_OK;
 241:../Drivers/STM32F4xx_HAL_Driver/Src/stm32f4xx_hal_dma_ex.c **** }
 242:../Drivers/STM32F4xx_HAL_Driver/Src/stm32f4xx_hal_dma_ex.c **** 
 243:../Drivers/STM32F4xx_HAL_Driver/Src/stm32f4xx_hal_dma_ex.c **** /**
 244:../Drivers/STM32F4xx_HAL_Driver/Src/stm32f4xx_hal_dma_ex.c ****   * @}
 245:../Drivers/STM32F4xx_HAL_Driver/Src/stm32f4xx_hal_dma_ex.c ****   */
 246:../Drivers/STM32F4xx_HAL_Driver/Src/stm32f4xx_hal_dma_ex.c **** 
 247:../Drivers/STM32F4xx_HAL_Driver/Src/stm32f4xx_hal_dma_ex.c **** /**
 248:../Drivers/STM32F4xx_HAL_Driver/Src/stm32f4xx_hal_dma_ex.c ****   * @brief  Set the DMA Transfer parameter.
 249:../Drivers/STM32F4xx_HAL_Driver/Src/stm32f4xx_hal_dma_ex.c ****   * @param  hdma:       pointer to a DMA_HandleTypeDef structure that contains
 250:../Drivers/STM32F4xx_HAL_Driver/Src/stm32f4xx_hal_dma_ex.c ****   *                     the configuration information for the specified DMA Stream.  
 251:../Drivers/STM32F4xx_HAL_Driver/Src/stm32f4xx_hal_dma_ex.c ****   * @param  SrcAddress: The source memory Buffer address
 252:../Drivers/STM32F4xx_HAL_Driver/Src/stm32f4xx_hal_dma_ex.c ****   * @param  DstAddress: The destination memory Buffer address
 253:../Drivers/STM32F4xx_HAL_Driver/Src/stm32f4xx_hal_dma_ex.c ****   * @param  DataLength: The length of data to be transferred from source to destination
 254:../Drivers/STM32F4xx_HAL_Driver/Src/stm32f4xx_hal_dma_ex.c ****   * @retval HAL status
 255:../Drivers/STM32F4xx_HAL_Driver/Src/stm32f4xx_hal_dma_ex.c ****   */
 256:../Drivers/STM32F4xx_HAL_Driver/Src/stm32f4xx_hal_dma_ex.c **** static void DMA_MultiBufferSetConfig(DMA_HandleTypeDef *hdma, uint32_t SrcAddress, uint32_t DstAddr
 257:../Drivers/STM32F4xx_HAL_Driver/Src/stm32f4xx_hal_dma_ex.c **** {  
  29              		.loc 1 257 0
ARM GAS  /tmp/ccES7U9F.s 			page 6


  30              		.cfi_startproc
  31              		@ args = 0, pretend = 0, frame = 0
  32              		@ frame_needed = 0, uses_anonymous_args = 0
  33              		@ link register save eliminated.
  34              	.LVL0:
  35 0000 10B4     		push	{r4}
  36              	.LCFI0:
  37              		.cfi_def_cfa_offset 4
  38              		.cfi_offset 4, -4
 258:../Drivers/STM32F4xx_HAL_Driver/Src/stm32f4xx_hal_dma_ex.c ****   /* Configure DMA Stream data length */
 259:../Drivers/STM32F4xx_HAL_Driver/Src/stm32f4xx_hal_dma_ex.c ****   hdma->Instance->NDTR = DataLength;
  39              		.loc 1 259 0
  40 0002 0468     		ldr	r4, [r0]
  41 0004 6360     		str	r3, [r4, #4]
 260:../Drivers/STM32F4xx_HAL_Driver/Src/stm32f4xx_hal_dma_ex.c ****   
 261:../Drivers/STM32F4xx_HAL_Driver/Src/stm32f4xx_hal_dma_ex.c ****   /* Peripheral to Memory */
 262:../Drivers/STM32F4xx_HAL_Driver/Src/stm32f4xx_hal_dma_ex.c ****   if((hdma->Init.Direction) == DMA_MEMORY_TO_PERIPH)
  42              		.loc 1 262 0
  43 0006 8368     		ldr	r3, [r0, #8]
  44              	.LVL1:
  45 0008 402B     		cmp	r3, #64
  46 000a 04D1     		bne	.L2
 263:../Drivers/STM32F4xx_HAL_Driver/Src/stm32f4xx_hal_dma_ex.c ****   {   
 264:../Drivers/STM32F4xx_HAL_Driver/Src/stm32f4xx_hal_dma_ex.c ****     /* Configure DMA Stream destination address */
 265:../Drivers/STM32F4xx_HAL_Driver/Src/stm32f4xx_hal_dma_ex.c ****     hdma->Instance->PAR = DstAddress;
  47              		.loc 1 265 0
  48 000c 0368     		ldr	r3, [r0]
  49 000e 9A60     		str	r2, [r3, #8]
  50              	.LVL2:
 266:../Drivers/STM32F4xx_HAL_Driver/Src/stm32f4xx_hal_dma_ex.c ****     
 267:../Drivers/STM32F4xx_HAL_Driver/Src/stm32f4xx_hal_dma_ex.c ****     /* Configure DMA Stream source address */
 268:../Drivers/STM32F4xx_HAL_Driver/Src/stm32f4xx_hal_dma_ex.c ****     hdma->Instance->M0AR = SrcAddress;
  51              		.loc 1 268 0
  52 0010 0368     		ldr	r3, [r0]
  53 0012 D960     		str	r1, [r3, #12]
  54 0014 03E0     		b	.L1
  55              	.LVL3:
  56              	.L2:
 269:../Drivers/STM32F4xx_HAL_Driver/Src/stm32f4xx_hal_dma_ex.c ****   }
 270:../Drivers/STM32F4xx_HAL_Driver/Src/stm32f4xx_hal_dma_ex.c ****   /* Memory to Peripheral */
 271:../Drivers/STM32F4xx_HAL_Driver/Src/stm32f4xx_hal_dma_ex.c ****   else
 272:../Drivers/STM32F4xx_HAL_Driver/Src/stm32f4xx_hal_dma_ex.c ****   {
 273:../Drivers/STM32F4xx_HAL_Driver/Src/stm32f4xx_hal_dma_ex.c ****     /* Configure DMA Stream source address */
 274:../Drivers/STM32F4xx_HAL_Driver/Src/stm32f4xx_hal_dma_ex.c ****     hdma->Instance->PAR = SrcAddress;
  57              		.loc 1 274 0
  58 0016 0368     		ldr	r3, [r0]
  59 0018 9960     		str	r1, [r3, #8]
  60              	.LVL4:
 275:../Drivers/STM32F4xx_HAL_Driver/Src/stm32f4xx_hal_dma_ex.c ****     
 276:../Drivers/STM32F4xx_HAL_Driver/Src/stm32f4xx_hal_dma_ex.c ****     /* Configure DMA Stream destination address */
 277:../Drivers/STM32F4xx_HAL_Driver/Src/stm32f4xx_hal_dma_ex.c ****     hdma->Instance->M0AR = DstAddress;
  61              		.loc 1 277 0
  62 001a 0368     		ldr	r3, [r0]
  63 001c DA60     		str	r2, [r3, #12]
  64              	.L1:
 278:../Drivers/STM32F4xx_HAL_Driver/Src/stm32f4xx_hal_dma_ex.c ****   }
 279:../Drivers/STM32F4xx_HAL_Driver/Src/stm32f4xx_hal_dma_ex.c **** }
ARM GAS  /tmp/ccES7U9F.s 			page 7


  65              		.loc 1 279 0
  66 001e 5DF8044B 		ldr	r4, [sp], #4
  67              	.LCFI1:
  68              		.cfi_restore 4
  69              		.cfi_def_cfa_offset 0
  70 0022 7047     		bx	lr
  71              		.cfi_endproc
  72              	.LFE115:
  74              		.section	.text.HAL_DMAEx_MultiBufferStart,"ax",%progbits
  75              		.align	2
  76              		.global	HAL_DMAEx_MultiBufferStart
  77              		.thumb
  78              		.thumb_func
  80              	HAL_DMAEx_MultiBufferStart:
  81              	.LFB112:
 115:../Drivers/STM32F4xx_HAL_Driver/Src/stm32f4xx_hal_dma_ex.c ****   /* Process Locked */
  82              		.loc 1 115 0
  83              		.cfi_startproc
  84              		@ args = 4, pretend = 0, frame = 0
  85              		@ frame_needed = 0, uses_anonymous_args = 0
  86              	.LVL5:
  87 0000 38B5     		push	{r3, r4, r5, lr}
  88              	.LCFI2:
  89              		.cfi_def_cfa_offset 16
  90              		.cfi_offset 3, -16
  91              		.cfi_offset 4, -12
  92              		.cfi_offset 5, -8
  93              		.cfi_offset 14, -4
 117:../Drivers/STM32F4xx_HAL_Driver/Src/stm32f4xx_hal_dma_ex.c **** 
  94              		.loc 1 117 0
  95 0002 90F83440 		ldrb	r4, [r0, #52]	@ zero_extendqisi2
  96 0006 012C     		cmp	r4, #1
  97 0008 29D0     		beq	.L9
 117:../Drivers/STM32F4xx_HAL_Driver/Src/stm32f4xx_hal_dma_ex.c **** 
  98              		.loc 1 117 0 is_stmt 0 discriminator 2
  99 000a 0124     		movs	r4, #1
 100 000c 80F83440 		strb	r4, [r0, #52]
 120:../Drivers/STM32F4xx_HAL_Driver/Src/stm32f4xx_hal_dma_ex.c ****   {
 101              		.loc 1 120 0 is_stmt 1 discriminator 2
 102 0010 0568     		ldr	r5, [r0]
 103 0012 2C68     		ldr	r4, [r5]
 104 0014 14F4002F 		tst	r4, #524288
 105 0018 03D1     		bne	.L7
 122:../Drivers/STM32F4xx_HAL_Driver/Src/stm32f4xx_hal_dma_ex.c ****   }
 106              		.loc 1 122 0
 107 001a 1224     		movs	r4, #18
 108 001c 80F83540 		strb	r4, [r0, #53]
 109 0020 06E0     		b	.L8
 110              	.L7:
 125:../Drivers/STM32F4xx_HAL_Driver/Src/stm32f4xx_hal_dma_ex.c ****   {
 111              		.loc 1 125 0
 112 0022 2C68     		ldr	r4, [r5]
 113 0024 14F4002F 		tst	r4, #524288
 114 0028 02D0     		beq	.L8
 127:../Drivers/STM32F4xx_HAL_Driver/Src/stm32f4xx_hal_dma_ex.c ****   }
 115              		.loc 1 127 0
 116 002a 2224     		movs	r4, #34
ARM GAS  /tmp/ccES7U9F.s 			page 8


 117 002c 80F83540 		strb	r4, [r0, #53]
 118              	.L8:
 119 0030 0446     		mov	r4, r0
 134:../Drivers/STM32F4xx_HAL_Driver/Src/stm32f4xx_hal_dma_ex.c **** 
 120              		.loc 1 134 0
 121 0032 2868     		ldr	r0, [r5]
 122              	.LVL6:
 123 0034 20F00100 		bic	r0, r0, #1
 124 0038 2860     		str	r0, [r5]
 137:../Drivers/STM32F4xx_HAL_Driver/Src/stm32f4xx_hal_dma_ex.c **** 
 125              		.loc 1 137 0
 126 003a 2568     		ldr	r5, [r4]
 127 003c 2868     		ldr	r0, [r5]
 128 003e 40F48020 		orr	r0, r0, #262144
 129 0042 2860     		str	r0, [r5]
 140:../Drivers/STM32F4xx_HAL_Driver/Src/stm32f4xx_hal_dma_ex.c **** 
 130              		.loc 1 140 0
 131 0044 2068     		ldr	r0, [r4]
 132 0046 0361     		str	r3, [r0, #16]
 143:../Drivers/STM32F4xx_HAL_Driver/Src/stm32f4xx_hal_dma_ex.c **** 
 133              		.loc 1 143 0
 134 0048 049B     		ldr	r3, [sp, #16]
 135              	.LVL7:
 136 004a 2046     		mov	r0, r4
 137              	.LVL8:
 138 004c FFF7FEFF 		bl	DMA_MultiBufferSetConfig
 139              	.LVL9:
 146:../Drivers/STM32F4xx_HAL_Driver/Src/stm32f4xx_hal_dma_ex.c **** 
 140              		.loc 1 146 0
 141 0050 2268     		ldr	r2, [r4]
 142 0052 1368     		ldr	r3, [r2]
 143 0054 43F00103 		orr	r3, r3, #1
 144 0058 1360     		str	r3, [r2]
 148:../Drivers/STM32F4xx_HAL_Driver/Src/stm32f4xx_hal_dma_ex.c **** }
 145              		.loc 1 148 0
 146 005a 0020     		movs	r0, #0
 147 005c 38BD     		pop	{r3, r4, r5, pc}
 148              	.LVL10:
 149              	.L9:
 117:../Drivers/STM32F4xx_HAL_Driver/Src/stm32f4xx_hal_dma_ex.c **** 
 150              		.loc 1 117 0
 151 005e 0220     		movs	r0, #2
 152              	.LVL11:
 149:../Drivers/STM32F4xx_HAL_Driver/Src/stm32f4xx_hal_dma_ex.c **** 
 153              		.loc 1 149 0
 154 0060 38BD     		pop	{r3, r4, r5, pc}
 155              		.cfi_endproc
 156              	.LFE112:
 158 0062 00BF     		.section	.text.HAL_DMAEx_MultiBufferStart_IT,"ax",%progbits
 159              		.align	2
 160              		.global	HAL_DMAEx_MultiBufferStart_IT
 161              		.thumb
 162              		.thumb_func
 164              	HAL_DMAEx_MultiBufferStart_IT:
 165              	.LFB113:
 162:../Drivers/STM32F4xx_HAL_Driver/Src/stm32f4xx_hal_dma_ex.c ****   /* Process Locked */
 166              		.loc 1 162 0
ARM GAS  /tmp/ccES7U9F.s 			page 9


 167              		.cfi_startproc
 168              		@ args = 4, pretend = 0, frame = 0
 169              		@ frame_needed = 0, uses_anonymous_args = 0
 170              	.LVL12:
 171 0000 38B5     		push	{r3, r4, r5, lr}
 172              	.LCFI3:
 173              		.cfi_def_cfa_offset 16
 174              		.cfi_offset 3, -16
 175              		.cfi_offset 4, -12
 176              		.cfi_offset 5, -8
 177              		.cfi_offset 14, -4
 164:../Drivers/STM32F4xx_HAL_Driver/Src/stm32f4xx_hal_dma_ex.c **** 
 178              		.loc 1 164 0
 179 0002 90F83440 		ldrb	r4, [r0, #52]	@ zero_extendqisi2
 180 0006 012C     		cmp	r4, #1
 181 0008 42D0     		beq	.L15
 164:../Drivers/STM32F4xx_HAL_Driver/Src/stm32f4xx_hal_dma_ex.c **** 
 182              		.loc 1 164 0 is_stmt 0 discriminator 2
 183 000a 0124     		movs	r4, #1
 184 000c 80F83440 		strb	r4, [r0, #52]
 167:../Drivers/STM32F4xx_HAL_Driver/Src/stm32f4xx_hal_dma_ex.c ****   {
 185              		.loc 1 167 0 is_stmt 1 discriminator 2
 186 0010 0568     		ldr	r5, [r0]
 187 0012 2C68     		ldr	r4, [r5]
 188 0014 14F4002F 		tst	r4, #524288
 189 0018 03D1     		bne	.L13
 169:../Drivers/STM32F4xx_HAL_Driver/Src/stm32f4xx_hal_dma_ex.c ****   }
 190              		.loc 1 169 0
 191 001a 1224     		movs	r4, #18
 192 001c 80F83540 		strb	r4, [r0, #53]
 193 0020 06E0     		b	.L14
 194              	.L13:
 172:../Drivers/STM32F4xx_HAL_Driver/Src/stm32f4xx_hal_dma_ex.c ****   {
 195              		.loc 1 172 0
 196 0022 2C68     		ldr	r4, [r5]
 197 0024 14F4002F 		tst	r4, #524288
 198 0028 02D0     		beq	.L14
 174:../Drivers/STM32F4xx_HAL_Driver/Src/stm32f4xx_hal_dma_ex.c ****   }
 199              		.loc 1 174 0
 200 002a 2224     		movs	r4, #34
 201 002c 80F83540 		strb	r4, [r0, #53]
 202              	.L14:
 203 0030 0446     		mov	r4, r0
 181:../Drivers/STM32F4xx_HAL_Driver/Src/stm32f4xx_hal_dma_ex.c **** 
 204              		.loc 1 181 0
 205 0032 2868     		ldr	r0, [r5]
 206              	.LVL13:
 207 0034 20F00100 		bic	r0, r0, #1
 208 0038 2860     		str	r0, [r5]
 184:../Drivers/STM32F4xx_HAL_Driver/Src/stm32f4xx_hal_dma_ex.c **** 
 209              		.loc 1 184 0
 210 003a 2568     		ldr	r5, [r4]
 211 003c 2868     		ldr	r0, [r5]
 212 003e 40F48020 		orr	r0, r0, #262144
 213 0042 2860     		str	r0, [r5]
 187:../Drivers/STM32F4xx_HAL_Driver/Src/stm32f4xx_hal_dma_ex.c **** 
 214              		.loc 1 187 0
ARM GAS  /tmp/ccES7U9F.s 			page 10


 215 0044 2068     		ldr	r0, [r4]
 216 0046 0361     		str	r3, [r0, #16]
 190:../Drivers/STM32F4xx_HAL_Driver/Src/stm32f4xx_hal_dma_ex.c **** 
 217              		.loc 1 190 0
 218 0048 049B     		ldr	r3, [sp, #16]
 219              	.LVL14:
 220 004a 2046     		mov	r0, r4
 221              	.LVL15:
 222 004c FFF7FEFF 		bl	DMA_MultiBufferSetConfig
 223              	.LVL16:
 193:../Drivers/STM32F4xx_HAL_Driver/Src/stm32f4xx_hal_dma_ex.c **** 
 224              		.loc 1 193 0
 225 0050 2268     		ldr	r2, [r4]
 226 0052 1368     		ldr	r3, [r2]
 227 0054 43F01003 		orr	r3, r3, #16
 228 0058 1360     		str	r3, [r2]
 196:../Drivers/STM32F4xx_HAL_Driver/Src/stm32f4xx_hal_dma_ex.c **** 
 229              		.loc 1 196 0
 230 005a 2268     		ldr	r2, [r4]
 231 005c 1368     		ldr	r3, [r2]
 232 005e 43F00803 		orr	r3, r3, #8
 233 0062 1360     		str	r3, [r2]
 199:../Drivers/STM32F4xx_HAL_Driver/Src/stm32f4xx_hal_dma_ex.c **** 
 234              		.loc 1 199 0
 235 0064 2268     		ldr	r2, [r4]
 236 0066 1368     		ldr	r3, [r2]
 237 0068 43F00403 		orr	r3, r3, #4
 238 006c 1360     		str	r3, [r2]
 202:../Drivers/STM32F4xx_HAL_Driver/Src/stm32f4xx_hal_dma_ex.c **** 
 239              		.loc 1 202 0
 240 006e 2268     		ldr	r2, [r4]
 241 0070 5369     		ldr	r3, [r2, #20]
 242 0072 43F08003 		orr	r3, r3, #128
 243 0076 5361     		str	r3, [r2, #20]
 205:../Drivers/STM32F4xx_HAL_Driver/Src/stm32f4xx_hal_dma_ex.c **** 
 244              		.loc 1 205 0
 245 0078 2268     		ldr	r2, [r4]
 246 007a 1368     		ldr	r3, [r2]
 247 007c 43F00203 		orr	r3, r3, #2
 248 0080 1360     		str	r3, [r2]
 208:../Drivers/STM32F4xx_HAL_Driver/Src/stm32f4xx_hal_dma_ex.c **** 
 249              		.loc 1 208 0
 250 0082 2268     		ldr	r2, [r4]
 251 0084 1368     		ldr	r3, [r2]
 252 0086 43F00103 		orr	r3, r3, #1
 253 008a 1360     		str	r3, [r2]
 210:../Drivers/STM32F4xx_HAL_Driver/Src/stm32f4xx_hal_dma_ex.c **** }
 254              		.loc 1 210 0
 255 008c 0020     		movs	r0, #0
 256 008e 38BD     		pop	{r3, r4, r5, pc}
 257              	.LVL17:
 258              	.L15:
 164:../Drivers/STM32F4xx_HAL_Driver/Src/stm32f4xx_hal_dma_ex.c **** 
 259              		.loc 1 164 0
 260 0090 0220     		movs	r0, #2
 261              	.LVL18:
 211:../Drivers/STM32F4xx_HAL_Driver/Src/stm32f4xx_hal_dma_ex.c **** 
ARM GAS  /tmp/ccES7U9F.s 			page 11


 262              		.loc 1 211 0
 263 0092 38BD     		pop	{r3, r4, r5, pc}
 264              		.cfi_endproc
 265              	.LFE113:
 267              		.section	.text.HAL_DMAEx_ChangeMemory,"ax",%progbits
 268              		.align	2
 269              		.global	HAL_DMAEx_ChangeMemory
 270              		.thumb
 271              		.thumb_func
 273              	HAL_DMAEx_ChangeMemory:
 274              	.LFB114:
 228:../Drivers/STM32F4xx_HAL_Driver/Src/stm32f4xx_hal_dma_ex.c ****   if(memory == MEMORY0)
 275              		.loc 1 228 0
 276              		.cfi_startproc
 277              		@ args = 0, pretend = 0, frame = 0
 278              		@ frame_needed = 0, uses_anonymous_args = 0
 279              		@ link register save eliminated.
 280              	.LVL19:
 229:../Drivers/STM32F4xx_HAL_Driver/Src/stm32f4xx_hal_dma_ex.c ****   {
 281              		.loc 1 229 0
 282 0000 12B9     		cbnz	r2, .L18
 232:../Drivers/STM32F4xx_HAL_Driver/Src/stm32f4xx_hal_dma_ex.c ****   }
 283              		.loc 1 232 0
 284 0002 0368     		ldr	r3, [r0]
 285 0004 D960     		str	r1, [r3, #12]
 286 0006 01E0     		b	.L19
 287              	.L18:
 237:../Drivers/STM32F4xx_HAL_Driver/Src/stm32f4xx_hal_dma_ex.c ****   }
 288              		.loc 1 237 0
 289 0008 0368     		ldr	r3, [r0]
 290 000a 1961     		str	r1, [r3, #16]
 291              	.L19:
 241:../Drivers/STM32F4xx_HAL_Driver/Src/stm32f4xx_hal_dma_ex.c **** 
 292              		.loc 1 241 0
 293 000c 0020     		movs	r0, #0
 294              	.LVL20:
 295 000e 7047     		bx	lr
 296              		.cfi_endproc
 297              	.LFE114:
 299              		.text
 300              	.Letext0:
 301              		.file 2 "/usr/include/newlib/machine/_default_types.h"
 302              		.file 3 "/usr/include/newlib/sys/_stdint.h"
 303              		.file 4 "../Drivers/CMSIS/Device/ST/STM32F4xx/Include/stm32f401xe.h"
 304              		.file 5 "../Drivers/STM32F4xx_HAL_Driver/Inc/stm32f4xx_hal_def.h"
 305              		.file 6 "../Drivers/STM32F4xx_HAL_Driver/Inc/stm32f4xx_hal_dma.h"
 306              		.file 7 "../Drivers/STM32F4xx_HAL_Driver/Inc/stm32f4xx_hal_dma_ex.h"
 307              		.file 8 "../Drivers/CMSIS/Include/core_cm4.h"
ARM GAS  /tmp/ccES7U9F.s 			page 12


DEFINED SYMBOLS
                            *ABS*:00000000 stm32f4xx_hal_dma_ex.c
     /tmp/ccES7U9F.s:22     .text.DMA_MultiBufferSetConfig:00000000 $t
     /tmp/ccES7U9F.s:26     .text.DMA_MultiBufferSetConfig:00000000 DMA_MultiBufferSetConfig
     /tmp/ccES7U9F.s:75     .text.HAL_DMAEx_MultiBufferStart:00000000 $t
     /tmp/ccES7U9F.s:80     .text.HAL_DMAEx_MultiBufferStart:00000000 HAL_DMAEx_MultiBufferStart
     /tmp/ccES7U9F.s:159    .text.HAL_DMAEx_MultiBufferStart_IT:00000000 $t
     /tmp/ccES7U9F.s:164    .text.HAL_DMAEx_MultiBufferStart_IT:00000000 HAL_DMAEx_MultiBufferStart_IT
     /tmp/ccES7U9F.s:268    .text.HAL_DMAEx_ChangeMemory:00000000 $t
     /tmp/ccES7U9F.s:273    .text.HAL_DMAEx_ChangeMemory:00000000 HAL_DMAEx_ChangeMemory
                     .debug_frame:00000010 $d

NO UNDEFINED SYMBOLS
