ARM GAS  /tmp/ccnvDxsT.s 			page 1


   1              		.syntax unified
   2              		.cpu cortex-m4
   3              		.eabi_attribute 27, 1
   4              		.eabi_attribute 28, 1
   5              		.fpu fpv4-sp-d16
   6              		.eabi_attribute 20, 1
   7              		.eabi_attribute 21, 1
   8              		.eabi_attribute 23, 3
   9              		.eabi_attribute 24, 1
  10              		.eabi_attribute 25, 1
  11              		.eabi_attribute 26, 1
  12              		.eabi_attribute 30, 1
  13              		.eabi_attribute 34, 1
  14              		.eabi_attribute 18, 4
  15              		.thumb
  16              		.syntax unified
  17              		.file	"stm32f4xx_hal.c"
  18              		.text
  19              	.Ltext0:
  20              		.cfi_sections	.debug_frame
  21              		.section	.text.HAL_MspInit,"ax",%progbits
  22              		.align	2
  23              		.weak	HAL_MspInit
  24              		.thumb
  25              		.thumb_func
  27              	HAL_MspInit:
  28              	.LFB114:
  29              		.file 1 "../Drivers/STM32F4xx_HAL_Driver/Src/stm32f4xx_hal.c"
   1:../Drivers/STM32F4xx_HAL_Driver/Src/stm32f4xx_hal.c **** /**
   2:../Drivers/STM32F4xx_HAL_Driver/Src/stm32f4xx_hal.c ****   ******************************************************************************
   3:../Drivers/STM32F4xx_HAL_Driver/Src/stm32f4xx_hal.c ****   * @file    stm32f4xx_hal.c
   4:../Drivers/STM32F4xx_HAL_Driver/Src/stm32f4xx_hal.c ****   * @author  MCD Application Team
   5:../Drivers/STM32F4xx_HAL_Driver/Src/stm32f4xx_hal.c ****   * @version V1.1.0
   6:../Drivers/STM32F4xx_HAL_Driver/Src/stm32f4xx_hal.c ****   * @date    19-June-2014
   7:../Drivers/STM32F4xx_HAL_Driver/Src/stm32f4xx_hal.c ****   * @brief   HAL module driver.
   8:../Drivers/STM32F4xx_HAL_Driver/Src/stm32f4xx_hal.c ****   *          This is the common part of the HAL initialization
   9:../Drivers/STM32F4xx_HAL_Driver/Src/stm32f4xx_hal.c ****   *
  10:../Drivers/STM32F4xx_HAL_Driver/Src/stm32f4xx_hal.c ****   @verbatim
  11:../Drivers/STM32F4xx_HAL_Driver/Src/stm32f4xx_hal.c ****   ==============================================================================
  12:../Drivers/STM32F4xx_HAL_Driver/Src/stm32f4xx_hal.c ****                      ##### How to use this driver #####
  13:../Drivers/STM32F4xx_HAL_Driver/Src/stm32f4xx_hal.c ****   ==============================================================================
  14:../Drivers/STM32F4xx_HAL_Driver/Src/stm32f4xx_hal.c ****     [..]
  15:../Drivers/STM32F4xx_HAL_Driver/Src/stm32f4xx_hal.c ****     The common HAL driver contains a set of generic and common APIs that can be
  16:../Drivers/STM32F4xx_HAL_Driver/Src/stm32f4xx_hal.c ****     used by the PPP peripheral drivers and the user to start using the HAL. 
  17:../Drivers/STM32F4xx_HAL_Driver/Src/stm32f4xx_hal.c ****     [..]
  18:../Drivers/STM32F4xx_HAL_Driver/Src/stm32f4xx_hal.c ****     The HAL contains two APIs' categories: 
  19:../Drivers/STM32F4xx_HAL_Driver/Src/stm32f4xx_hal.c ****          (+) Common HAL APIs
  20:../Drivers/STM32F4xx_HAL_Driver/Src/stm32f4xx_hal.c ****          (+) Services HAL APIs
  21:../Drivers/STM32F4xx_HAL_Driver/Src/stm32f4xx_hal.c **** 
  22:../Drivers/STM32F4xx_HAL_Driver/Src/stm32f4xx_hal.c ****   @endverbatim
  23:../Drivers/STM32F4xx_HAL_Driver/Src/stm32f4xx_hal.c ****   ******************************************************************************
  24:../Drivers/STM32F4xx_HAL_Driver/Src/stm32f4xx_hal.c ****   * @attention
  25:../Drivers/STM32F4xx_HAL_Driver/Src/stm32f4xx_hal.c ****   *
  26:../Drivers/STM32F4xx_HAL_Driver/Src/stm32f4xx_hal.c ****   * <h2><center>&copy; COPYRIGHT(c) 2014 STMicroelectronics</center></h2>
  27:../Drivers/STM32F4xx_HAL_Driver/Src/stm32f4xx_hal.c ****   *
  28:../Drivers/STM32F4xx_HAL_Driver/Src/stm32f4xx_hal.c ****   * Redistribution and use in source and binary forms, with or without modification,
  29:../Drivers/STM32F4xx_HAL_Driver/Src/stm32f4xx_hal.c ****   * are permitted provided that the following conditions are met:
ARM GAS  /tmp/ccnvDxsT.s 			page 2


  30:../Drivers/STM32F4xx_HAL_Driver/Src/stm32f4xx_hal.c ****   *   1. Redistributions of source code must retain the above copyright notice,
  31:../Drivers/STM32F4xx_HAL_Driver/Src/stm32f4xx_hal.c ****   *      this list of conditions and the following disclaimer.
  32:../Drivers/STM32F4xx_HAL_Driver/Src/stm32f4xx_hal.c ****   *   2. Redistributions in binary form must reproduce the above copyright notice,
  33:../Drivers/STM32F4xx_HAL_Driver/Src/stm32f4xx_hal.c ****   *      this list of conditions and the following disclaimer in the documentation
  34:../Drivers/STM32F4xx_HAL_Driver/Src/stm32f4xx_hal.c ****   *      and/or other materials provided with the distribution.
  35:../Drivers/STM32F4xx_HAL_Driver/Src/stm32f4xx_hal.c ****   *   3. Neither the name of STMicroelectronics nor the names of its contributors
  36:../Drivers/STM32F4xx_HAL_Driver/Src/stm32f4xx_hal.c ****   *      may be used to endorse or promote products derived from this software
  37:../Drivers/STM32F4xx_HAL_Driver/Src/stm32f4xx_hal.c ****   *      without specific prior written permission.
  38:../Drivers/STM32F4xx_HAL_Driver/Src/stm32f4xx_hal.c ****   *
  39:../Drivers/STM32F4xx_HAL_Driver/Src/stm32f4xx_hal.c ****   * THIS SOFTWARE IS PROVIDED BY THE COPYRIGHT HOLDERS AND CONTRIBUTORS "AS IS"
  40:../Drivers/STM32F4xx_HAL_Driver/Src/stm32f4xx_hal.c ****   * AND ANY EXPRESS OR IMPLIED WARRANTIES, INCLUDING, BUT NOT LIMITED TO, THE
  41:../Drivers/STM32F4xx_HAL_Driver/Src/stm32f4xx_hal.c ****   * IMPLIED WARRANTIES OF MERCHANTABILITY AND FITNESS FOR A PARTICULAR PURPOSE ARE
  42:../Drivers/STM32F4xx_HAL_Driver/Src/stm32f4xx_hal.c ****   * DISCLAIMED. IN NO EVENT SHALL THE COPYRIGHT HOLDER OR CONTRIBUTORS BE LIABLE
  43:../Drivers/STM32F4xx_HAL_Driver/Src/stm32f4xx_hal.c ****   * FOR ANY DIRECT, INDIRECT, INCIDENTAL, SPECIAL, EXEMPLARY, OR CONSEQUENTIAL
  44:../Drivers/STM32F4xx_HAL_Driver/Src/stm32f4xx_hal.c ****   * DAMAGES (INCLUDING, BUT NOT LIMITED TO, PROCUREMENT OF SUBSTITUTE GOODS OR
  45:../Drivers/STM32F4xx_HAL_Driver/Src/stm32f4xx_hal.c ****   * SERVICES; LOSS OF USE, DATA, OR PROFITS; OR BUSINESS INTERRUPTION) HOWEVER
  46:../Drivers/STM32F4xx_HAL_Driver/Src/stm32f4xx_hal.c ****   * CAUSED AND ON ANY THEORY OF LIABILITY, WHETHER IN CONTRACT, STRICT LIABILITY,
  47:../Drivers/STM32F4xx_HAL_Driver/Src/stm32f4xx_hal.c ****   * OR TORT (INCLUDING NEGLIGENCE OR OTHERWISE) ARISING IN ANY WAY OUT OF THE USE
  48:../Drivers/STM32F4xx_HAL_Driver/Src/stm32f4xx_hal.c ****   * OF THIS SOFTWARE, EVEN IF ADVISED OF THE POSSIBILITY OF SUCH DAMAGE.
  49:../Drivers/STM32F4xx_HAL_Driver/Src/stm32f4xx_hal.c ****   *
  50:../Drivers/STM32F4xx_HAL_Driver/Src/stm32f4xx_hal.c ****   ******************************************************************************
  51:../Drivers/STM32F4xx_HAL_Driver/Src/stm32f4xx_hal.c ****   */ 
  52:../Drivers/STM32F4xx_HAL_Driver/Src/stm32f4xx_hal.c **** 
  53:../Drivers/STM32F4xx_HAL_Driver/Src/stm32f4xx_hal.c **** /* Includes ------------------------------------------------------------------*/
  54:../Drivers/STM32F4xx_HAL_Driver/Src/stm32f4xx_hal.c **** #include "stm32f4xx_hal.h"
  55:../Drivers/STM32F4xx_HAL_Driver/Src/stm32f4xx_hal.c **** 
  56:../Drivers/STM32F4xx_HAL_Driver/Src/stm32f4xx_hal.c **** /** @addtogroup STM32F4xx_HAL_Driver
  57:../Drivers/STM32F4xx_HAL_Driver/Src/stm32f4xx_hal.c ****   * @{
  58:../Drivers/STM32F4xx_HAL_Driver/Src/stm32f4xx_hal.c ****   */
  59:../Drivers/STM32F4xx_HAL_Driver/Src/stm32f4xx_hal.c **** 
  60:../Drivers/STM32F4xx_HAL_Driver/Src/stm32f4xx_hal.c **** /** @defgroup HAL 
  61:../Drivers/STM32F4xx_HAL_Driver/Src/stm32f4xx_hal.c ****   * @brief HAL module driver.
  62:../Drivers/STM32F4xx_HAL_Driver/Src/stm32f4xx_hal.c ****   * @{
  63:../Drivers/STM32F4xx_HAL_Driver/Src/stm32f4xx_hal.c ****   */
  64:../Drivers/STM32F4xx_HAL_Driver/Src/stm32f4xx_hal.c **** 
  65:../Drivers/STM32F4xx_HAL_Driver/Src/stm32f4xx_hal.c **** /* Private typedef -----------------------------------------------------------*/
  66:../Drivers/STM32F4xx_HAL_Driver/Src/stm32f4xx_hal.c **** /* Private define ------------------------------------------------------------*/
  67:../Drivers/STM32F4xx_HAL_Driver/Src/stm32f4xx_hal.c **** /**
  68:../Drivers/STM32F4xx_HAL_Driver/Src/stm32f4xx_hal.c ****  * @brief STM32F4xx HAL Driver version number V1.1.0
  69:../Drivers/STM32F4xx_HAL_Driver/Src/stm32f4xx_hal.c ****    */
  70:../Drivers/STM32F4xx_HAL_Driver/Src/stm32f4xx_hal.c **** #define __STM32F4xx_HAL_VERSION_MAIN   (0x01) /*!< [31:24] main version */
  71:../Drivers/STM32F4xx_HAL_Driver/Src/stm32f4xx_hal.c **** #define __STM32F4xx_HAL_VERSION_SUB1   (0x01) /*!< [23:16] sub1 version */
  72:../Drivers/STM32F4xx_HAL_Driver/Src/stm32f4xx_hal.c **** #define __STM32F4xx_HAL_VERSION_SUB2   (0x00) /*!< [15:8]  sub2 version */
  73:../Drivers/STM32F4xx_HAL_Driver/Src/stm32f4xx_hal.c **** #define __STM32F4xx_HAL_VERSION_RC     (0x00) /*!< [7:0]  release candidate */ 
  74:../Drivers/STM32F4xx_HAL_Driver/Src/stm32f4xx_hal.c **** #define __STM32F4xx_HAL_VERSION         ((__STM32F4xx_HAL_VERSION_MAIN << 24)\
  75:../Drivers/STM32F4xx_HAL_Driver/Src/stm32f4xx_hal.c ****                                         |(__STM32F4xx_HAL_VERSION_SUB1 << 16)\
  76:../Drivers/STM32F4xx_HAL_Driver/Src/stm32f4xx_hal.c ****                                         |(__STM32F4xx_HAL_VERSION_SUB2 << 8 )\
  77:../Drivers/STM32F4xx_HAL_Driver/Src/stm32f4xx_hal.c ****                                         |(__STM32F4xx_HAL_VERSION_RC))
  78:../Drivers/STM32F4xx_HAL_Driver/Src/stm32f4xx_hal.c ****                                         
  79:../Drivers/STM32F4xx_HAL_Driver/Src/stm32f4xx_hal.c **** #define IDCODE_DEVID_MASK    ((uint32_t)0x00000FFF)
  80:../Drivers/STM32F4xx_HAL_Driver/Src/stm32f4xx_hal.c **** 
  81:../Drivers/STM32F4xx_HAL_Driver/Src/stm32f4xx_hal.c **** /* ------------ RCC registers bit address in the alias region ----------- */
  82:../Drivers/STM32F4xx_HAL_Driver/Src/stm32f4xx_hal.c **** #define SYSCFG_OFFSET             (SYSCFG_BASE - PERIPH_BASE)
  83:../Drivers/STM32F4xx_HAL_Driver/Src/stm32f4xx_hal.c **** /* ---  MEMRMP Register ---*/ 
  84:../Drivers/STM32F4xx_HAL_Driver/Src/stm32f4xx_hal.c **** /* Alias word address of UFB_MODE bit */ 
  85:../Drivers/STM32F4xx_HAL_Driver/Src/stm32f4xx_hal.c **** #define MEMRMP_OFFSET             SYSCFG_OFFSET 
  86:../Drivers/STM32F4xx_HAL_Driver/Src/stm32f4xx_hal.c **** #define UFB_MODE_BitNumber        ((uint8_t)0x8) 
ARM GAS  /tmp/ccnvDxsT.s 			page 3


  87:../Drivers/STM32F4xx_HAL_Driver/Src/stm32f4xx_hal.c **** #define UFB_MODE_BB               (PERIPH_BB_BASE + (MEMRMP_OFFSET * 32) + (UFB_MODE_BitNumber * 4)
  88:../Drivers/STM32F4xx_HAL_Driver/Src/stm32f4xx_hal.c **** 
  89:../Drivers/STM32F4xx_HAL_Driver/Src/stm32f4xx_hal.c **** /* ---  CMPCR Register ---*/ 
  90:../Drivers/STM32F4xx_HAL_Driver/Src/stm32f4xx_hal.c **** /* Alias word address of CMP_PD bit */ 
  91:../Drivers/STM32F4xx_HAL_Driver/Src/stm32f4xx_hal.c **** #define CMPCR_OFFSET              (SYSCFG_OFFSET + 0x20) 
  92:../Drivers/STM32F4xx_HAL_Driver/Src/stm32f4xx_hal.c **** #define CMP_PD_BitNumber          ((uint8_t)0x00) 
  93:../Drivers/STM32F4xx_HAL_Driver/Src/stm32f4xx_hal.c **** #define CMPCR_CMP_PD_BB           (PERIPH_BB_BASE + (CMPCR_OFFSET * 32) + (CMP_PD_BitNumber * 4))
  94:../Drivers/STM32F4xx_HAL_Driver/Src/stm32f4xx_hal.c **** /* Private macro -------------------------------------------------------------*/
  95:../Drivers/STM32F4xx_HAL_Driver/Src/stm32f4xx_hal.c **** /* Private variables ---------------------------------------------------------*/
  96:../Drivers/STM32F4xx_HAL_Driver/Src/stm32f4xx_hal.c **** static __IO uint32_t uwTick;
  97:../Drivers/STM32F4xx_HAL_Driver/Src/stm32f4xx_hal.c **** 
  98:../Drivers/STM32F4xx_HAL_Driver/Src/stm32f4xx_hal.c **** /* Private function prototypes -----------------------------------------------*/
  99:../Drivers/STM32F4xx_HAL_Driver/Src/stm32f4xx_hal.c **** /* Private functions ---------------------------------------------------------*/
 100:../Drivers/STM32F4xx_HAL_Driver/Src/stm32f4xx_hal.c **** 
 101:../Drivers/STM32F4xx_HAL_Driver/Src/stm32f4xx_hal.c **** /** @defgroup HAL_Private_Functions
 102:../Drivers/STM32F4xx_HAL_Driver/Src/stm32f4xx_hal.c ****   * @{
 103:../Drivers/STM32F4xx_HAL_Driver/Src/stm32f4xx_hal.c ****   */
 104:../Drivers/STM32F4xx_HAL_Driver/Src/stm32f4xx_hal.c **** 
 105:../Drivers/STM32F4xx_HAL_Driver/Src/stm32f4xx_hal.c **** /** @defgroup HAL_Group1 Initialization and de-initialization Functions 
 106:../Drivers/STM32F4xx_HAL_Driver/Src/stm32f4xx_hal.c ****  *  @brief    Initialization and de-initialization functions
 107:../Drivers/STM32F4xx_HAL_Driver/Src/stm32f4xx_hal.c ****  *
 108:../Drivers/STM32F4xx_HAL_Driver/Src/stm32f4xx_hal.c **** @verbatim    
 109:../Drivers/STM32F4xx_HAL_Driver/Src/stm32f4xx_hal.c ****  ===============================================================================
 110:../Drivers/STM32F4xx_HAL_Driver/Src/stm32f4xx_hal.c ****               ##### Initialization and de-initialization functions #####
 111:../Drivers/STM32F4xx_HAL_Driver/Src/stm32f4xx_hal.c ****  ===============================================================================
 112:../Drivers/STM32F4xx_HAL_Driver/Src/stm32f4xx_hal.c ****     [..]  This section provides functions allowing to:
 113:../Drivers/STM32F4xx_HAL_Driver/Src/stm32f4xx_hal.c ****       (+) Initializes the Flash interface the NVIC allocation and initial clock 
 114:../Drivers/STM32F4xx_HAL_Driver/Src/stm32f4xx_hal.c ****           configuration. It initializes the systick also when timeout is needed 
 115:../Drivers/STM32F4xx_HAL_Driver/Src/stm32f4xx_hal.c ****           and the backup domain when enabled.
 116:../Drivers/STM32F4xx_HAL_Driver/Src/stm32f4xx_hal.c ****       (+) de-Initializes common part of the HAL
 117:../Drivers/STM32F4xx_HAL_Driver/Src/stm32f4xx_hal.c ****       (+) Configure The time base source to have 1ms time base with a dedicated 
 118:../Drivers/STM32F4xx_HAL_Driver/Src/stm32f4xx_hal.c ****           Tick interrupt priority. 
 119:../Drivers/STM32F4xx_HAL_Driver/Src/stm32f4xx_hal.c ****         (++) Systick timer is used by default as source of time base, but user 
 120:../Drivers/STM32F4xx_HAL_Driver/Src/stm32f4xx_hal.c ****              can eventually implement his proper time base source (a general purpose 
 121:../Drivers/STM32F4xx_HAL_Driver/Src/stm32f4xx_hal.c ****              timer for example or other time source), keeping in mind that Time base 
 122:../Drivers/STM32F4xx_HAL_Driver/Src/stm32f4xx_hal.c ****              duration should be kept 1ms since PPP_TIMEOUT_VALUEs are defined and 
 123:../Drivers/STM32F4xx_HAL_Driver/Src/stm32f4xx_hal.c ****              handled in milliseconds basis.
 124:../Drivers/STM32F4xx_HAL_Driver/Src/stm32f4xx_hal.c ****         (++) Time base configuration function (HAL_InitTick ()) is called automatically 
 125:../Drivers/STM32F4xx_HAL_Driver/Src/stm32f4xx_hal.c ****              at the beginning of the program after reset by HAL_Init() or at any time 
 126:../Drivers/STM32F4xx_HAL_Driver/Src/stm32f4xx_hal.c ****              when clock is configured, by HAL_RCC_ClockConfig(). 
 127:../Drivers/STM32F4xx_HAL_Driver/Src/stm32f4xx_hal.c ****         (++) Source of time base is configured  to generate interrupts at regular 
 128:../Drivers/STM32F4xx_HAL_Driver/Src/stm32f4xx_hal.c ****              time intervals. Care must be taken if HAL_Delay() is called from a 
 129:../Drivers/STM32F4xx_HAL_Driver/Src/stm32f4xx_hal.c ****              peripheral ISR process, the Tick interrupt line must have higher priority 
 130:../Drivers/STM32F4xx_HAL_Driver/Src/stm32f4xx_hal.c ****             (numerically lower) than the peripheral interrupt. Otherwise the caller 
 131:../Drivers/STM32F4xx_HAL_Driver/Src/stm32f4xx_hal.c ****             ISR process will be blocked. 
 132:../Drivers/STM32F4xx_HAL_Driver/Src/stm32f4xx_hal.c ****        (++) functions affecting time base configurations are declared as __weak  
 133:../Drivers/STM32F4xx_HAL_Driver/Src/stm32f4xx_hal.c ****              to make  override possible  in case of other  implementations in user file.
 134:../Drivers/STM32F4xx_HAL_Driver/Src/stm32f4xx_hal.c **** @endverbatim
 135:../Drivers/STM32F4xx_HAL_Driver/Src/stm32f4xx_hal.c ****   * @{
 136:../Drivers/STM32F4xx_HAL_Driver/Src/stm32f4xx_hal.c ****   */
 137:../Drivers/STM32F4xx_HAL_Driver/Src/stm32f4xx_hal.c **** 
 138:../Drivers/STM32F4xx_HAL_Driver/Src/stm32f4xx_hal.c **** /**
 139:../Drivers/STM32F4xx_HAL_Driver/Src/stm32f4xx_hal.c ****   * @brief  This function is used to initialize the HAL Library; it must be the first 
 140:../Drivers/STM32F4xx_HAL_Driver/Src/stm32f4xx_hal.c ****   *         instruction to be executed in the main program (before to call any other
 141:../Drivers/STM32F4xx_HAL_Driver/Src/stm32f4xx_hal.c ****   *         HAL function), it performs the following:
 142:../Drivers/STM32F4xx_HAL_Driver/Src/stm32f4xx_hal.c ****   *           Configure the Flash prefetch, instruction and Data caches.
 143:../Drivers/STM32F4xx_HAL_Driver/Src/stm32f4xx_hal.c ****   *           Configures the SysTick to generate an interrupt each 1 millisecond,
ARM GAS  /tmp/ccnvDxsT.s 			page 4


 144:../Drivers/STM32F4xx_HAL_Driver/Src/stm32f4xx_hal.c ****   *           which is clocked by the HSI (at this stage, the clock is not yet
 145:../Drivers/STM32F4xx_HAL_Driver/Src/stm32f4xx_hal.c ****   *           configured and thus the system is running from the internal HSI at 16 MHz).
 146:../Drivers/STM32F4xx_HAL_Driver/Src/stm32f4xx_hal.c ****   *           Set NVIC Group Priority to 4.
 147:../Drivers/STM32F4xx_HAL_Driver/Src/stm32f4xx_hal.c ****   *           Calls the HAL_MspInit() callback function defined in user file 
 148:../Drivers/STM32F4xx_HAL_Driver/Src/stm32f4xx_hal.c ****   *           "stm32f4xx_hal_msp.c" to do the global low level hardware initialization 
 149:../Drivers/STM32F4xx_HAL_Driver/Src/stm32f4xx_hal.c ****   *            
 150:../Drivers/STM32F4xx_HAL_Driver/Src/stm32f4xx_hal.c ****   * @note   SysTick is used as time base for the HAL_Delay() function, the application
 151:../Drivers/STM32F4xx_HAL_Driver/Src/stm32f4xx_hal.c ****   *         need to ensure that the SysTick time base is always set to 1 millisecond
 152:../Drivers/STM32F4xx_HAL_Driver/Src/stm32f4xx_hal.c ****   *         to have correct HAL operation.
 153:../Drivers/STM32F4xx_HAL_Driver/Src/stm32f4xx_hal.c ****   * @param  None
 154:../Drivers/STM32F4xx_HAL_Driver/Src/stm32f4xx_hal.c ****   * @retval HAL status
 155:../Drivers/STM32F4xx_HAL_Driver/Src/stm32f4xx_hal.c ****   */
 156:../Drivers/STM32F4xx_HAL_Driver/Src/stm32f4xx_hal.c **** HAL_StatusTypeDef HAL_Init(void)
 157:../Drivers/STM32F4xx_HAL_Driver/Src/stm32f4xx_hal.c **** {
 158:../Drivers/STM32F4xx_HAL_Driver/Src/stm32f4xx_hal.c ****   /* Configure Flash prefetch, Instruction cache, Data cache */ 
 159:../Drivers/STM32F4xx_HAL_Driver/Src/stm32f4xx_hal.c **** #if (INSTRUCTION_CACHE_ENABLE != 0)
 160:../Drivers/STM32F4xx_HAL_Driver/Src/stm32f4xx_hal.c ****    __HAL_FLASH_INSTRUCTION_CACHE_ENABLE();
 161:../Drivers/STM32F4xx_HAL_Driver/Src/stm32f4xx_hal.c **** #endif /* INSTRUCTION_CACHE_ENABLE */
 162:../Drivers/STM32F4xx_HAL_Driver/Src/stm32f4xx_hal.c **** 
 163:../Drivers/STM32F4xx_HAL_Driver/Src/stm32f4xx_hal.c **** #if (DATA_CACHE_ENABLE != 0)
 164:../Drivers/STM32F4xx_HAL_Driver/Src/stm32f4xx_hal.c ****    __HAL_FLASH_DATA_CACHE_ENABLE();
 165:../Drivers/STM32F4xx_HAL_Driver/Src/stm32f4xx_hal.c **** #endif /* DATA_CACHE_ENABLE */
 166:../Drivers/STM32F4xx_HAL_Driver/Src/stm32f4xx_hal.c **** 
 167:../Drivers/STM32F4xx_HAL_Driver/Src/stm32f4xx_hal.c **** #if (PREFETCH_ENABLE != 0)
 168:../Drivers/STM32F4xx_HAL_Driver/Src/stm32f4xx_hal.c ****   __HAL_FLASH_PREFETCH_BUFFER_ENABLE();
 169:../Drivers/STM32F4xx_HAL_Driver/Src/stm32f4xx_hal.c **** #endif /* PREFETCH_ENABLE */
 170:../Drivers/STM32F4xx_HAL_Driver/Src/stm32f4xx_hal.c **** 
 171:../Drivers/STM32F4xx_HAL_Driver/Src/stm32f4xx_hal.c ****   /* Set Interrupt Group Priority */
 172:../Drivers/STM32F4xx_HAL_Driver/Src/stm32f4xx_hal.c ****   HAL_NVIC_SetPriorityGrouping(NVIC_PRIORITYGROUP_4);
 173:../Drivers/STM32F4xx_HAL_Driver/Src/stm32f4xx_hal.c **** 
 174:../Drivers/STM32F4xx_HAL_Driver/Src/stm32f4xx_hal.c ****   /* Use systick as time base source and configure 1ms tick (default clock after Reset is HSI) */
 175:../Drivers/STM32F4xx_HAL_Driver/Src/stm32f4xx_hal.c ****   HAL_InitTick(TICK_INT_PRIORITY);
 176:../Drivers/STM32F4xx_HAL_Driver/Src/stm32f4xx_hal.c ****   
 177:../Drivers/STM32F4xx_HAL_Driver/Src/stm32f4xx_hal.c ****   /* Init the low level hardware */
 178:../Drivers/STM32F4xx_HAL_Driver/Src/stm32f4xx_hal.c ****   HAL_MspInit();
 179:../Drivers/STM32F4xx_HAL_Driver/Src/stm32f4xx_hal.c ****   
 180:../Drivers/STM32F4xx_HAL_Driver/Src/stm32f4xx_hal.c ****   /* Return function status */
 181:../Drivers/STM32F4xx_HAL_Driver/Src/stm32f4xx_hal.c ****   return HAL_OK;
 182:../Drivers/STM32F4xx_HAL_Driver/Src/stm32f4xx_hal.c **** }
 183:../Drivers/STM32F4xx_HAL_Driver/Src/stm32f4xx_hal.c **** 
 184:../Drivers/STM32F4xx_HAL_Driver/Src/stm32f4xx_hal.c **** /**
 185:../Drivers/STM32F4xx_HAL_Driver/Src/stm32f4xx_hal.c ****   * @brief  This function de-Initializes common part of the HAL and stops the systick.
 186:../Drivers/STM32F4xx_HAL_Driver/Src/stm32f4xx_hal.c ****   *         This function is optional.   
 187:../Drivers/STM32F4xx_HAL_Driver/Src/stm32f4xx_hal.c ****   * @param  None
 188:../Drivers/STM32F4xx_HAL_Driver/Src/stm32f4xx_hal.c ****   * @retval HAL status
 189:../Drivers/STM32F4xx_HAL_Driver/Src/stm32f4xx_hal.c ****   */
 190:../Drivers/STM32F4xx_HAL_Driver/Src/stm32f4xx_hal.c **** HAL_StatusTypeDef HAL_DeInit(void)
 191:../Drivers/STM32F4xx_HAL_Driver/Src/stm32f4xx_hal.c **** {
 192:../Drivers/STM32F4xx_HAL_Driver/Src/stm32f4xx_hal.c ****   /* Reset of all peripherals */
 193:../Drivers/STM32F4xx_HAL_Driver/Src/stm32f4xx_hal.c ****   __APB1_FORCE_RESET();
 194:../Drivers/STM32F4xx_HAL_Driver/Src/stm32f4xx_hal.c ****   __APB1_RELEASE_RESET();
 195:../Drivers/STM32F4xx_HAL_Driver/Src/stm32f4xx_hal.c **** 
 196:../Drivers/STM32F4xx_HAL_Driver/Src/stm32f4xx_hal.c ****   __APB2_FORCE_RESET();
 197:../Drivers/STM32F4xx_HAL_Driver/Src/stm32f4xx_hal.c ****   __APB2_RELEASE_RESET();
 198:../Drivers/STM32F4xx_HAL_Driver/Src/stm32f4xx_hal.c **** 
 199:../Drivers/STM32F4xx_HAL_Driver/Src/stm32f4xx_hal.c ****   __AHB1_FORCE_RESET();
 200:../Drivers/STM32F4xx_HAL_Driver/Src/stm32f4xx_hal.c ****   __AHB1_RELEASE_RESET();
ARM GAS  /tmp/ccnvDxsT.s 			page 5


 201:../Drivers/STM32F4xx_HAL_Driver/Src/stm32f4xx_hal.c **** 
 202:../Drivers/STM32F4xx_HAL_Driver/Src/stm32f4xx_hal.c ****   __AHB2_FORCE_RESET();
 203:../Drivers/STM32F4xx_HAL_Driver/Src/stm32f4xx_hal.c ****   __AHB2_RELEASE_RESET();
 204:../Drivers/STM32F4xx_HAL_Driver/Src/stm32f4xx_hal.c **** 
 205:../Drivers/STM32F4xx_HAL_Driver/Src/stm32f4xx_hal.c ****   __AHB3_FORCE_RESET();
 206:../Drivers/STM32F4xx_HAL_Driver/Src/stm32f4xx_hal.c ****   __AHB3_RELEASE_RESET();
 207:../Drivers/STM32F4xx_HAL_Driver/Src/stm32f4xx_hal.c **** 
 208:../Drivers/STM32F4xx_HAL_Driver/Src/stm32f4xx_hal.c ****   /* De-Init the low level hardware */
 209:../Drivers/STM32F4xx_HAL_Driver/Src/stm32f4xx_hal.c ****   HAL_MspDeInit();
 210:../Drivers/STM32F4xx_HAL_Driver/Src/stm32f4xx_hal.c ****     
 211:../Drivers/STM32F4xx_HAL_Driver/Src/stm32f4xx_hal.c ****   /* Return function status */
 212:../Drivers/STM32F4xx_HAL_Driver/Src/stm32f4xx_hal.c ****   return HAL_OK;
 213:../Drivers/STM32F4xx_HAL_Driver/Src/stm32f4xx_hal.c **** }
 214:../Drivers/STM32F4xx_HAL_Driver/Src/stm32f4xx_hal.c **** 
 215:../Drivers/STM32F4xx_HAL_Driver/Src/stm32f4xx_hal.c **** /**
 216:../Drivers/STM32F4xx_HAL_Driver/Src/stm32f4xx_hal.c ****   * @brief  Initializes the MSP.
 217:../Drivers/STM32F4xx_HAL_Driver/Src/stm32f4xx_hal.c ****   * @param  None
 218:../Drivers/STM32F4xx_HAL_Driver/Src/stm32f4xx_hal.c ****   * @retval None
 219:../Drivers/STM32F4xx_HAL_Driver/Src/stm32f4xx_hal.c ****   */
 220:../Drivers/STM32F4xx_HAL_Driver/Src/stm32f4xx_hal.c **** __weak void HAL_MspInit(void)
 221:../Drivers/STM32F4xx_HAL_Driver/Src/stm32f4xx_hal.c **** {
  30              		.loc 1 221 0
  31              		.cfi_startproc
  32              		@ args = 0, pretend = 0, frame = 0
  33              		@ frame_needed = 0, uses_anonymous_args = 0
  34              		@ link register save eliminated.
  35 0000 7047     		bx	lr
  36              		.cfi_endproc
  37              	.LFE114:
  39 0002 00BF     		.section	.text.HAL_MspDeInit,"ax",%progbits
  40              		.align	2
  41              		.weak	HAL_MspDeInit
  42              		.thumb
  43              		.thumb_func
  45              	HAL_MspDeInit:
  46              	.LFB115:
 222:../Drivers/STM32F4xx_HAL_Driver/Src/stm32f4xx_hal.c ****   /* NOTE : This function Should not be modified, when the callback is needed,
 223:../Drivers/STM32F4xx_HAL_Driver/Src/stm32f4xx_hal.c ****             the HAL_MspInit could be implemented in the user file
 224:../Drivers/STM32F4xx_HAL_Driver/Src/stm32f4xx_hal.c ****    */
 225:../Drivers/STM32F4xx_HAL_Driver/Src/stm32f4xx_hal.c **** }
 226:../Drivers/STM32F4xx_HAL_Driver/Src/stm32f4xx_hal.c **** 
 227:../Drivers/STM32F4xx_HAL_Driver/Src/stm32f4xx_hal.c **** /**
 228:../Drivers/STM32F4xx_HAL_Driver/Src/stm32f4xx_hal.c ****   * @brief  DeInitializes the MSP.
 229:../Drivers/STM32F4xx_HAL_Driver/Src/stm32f4xx_hal.c ****   * @param  None  
 230:../Drivers/STM32F4xx_HAL_Driver/Src/stm32f4xx_hal.c ****   * @retval None
 231:../Drivers/STM32F4xx_HAL_Driver/Src/stm32f4xx_hal.c ****   */
 232:../Drivers/STM32F4xx_HAL_Driver/Src/stm32f4xx_hal.c **** __weak void HAL_MspDeInit(void)
 233:../Drivers/STM32F4xx_HAL_Driver/Src/stm32f4xx_hal.c **** {
  47              		.loc 1 233 0
  48              		.cfi_startproc
  49              		@ args = 0, pretend = 0, frame = 0
  50              		@ frame_needed = 0, uses_anonymous_args = 0
  51              		@ link register save eliminated.
  52 0000 7047     		bx	lr
  53              		.cfi_endproc
  54              	.LFE115:
  56 0002 00BF     		.section	.text.HAL_DeInit,"ax",%progbits
ARM GAS  /tmp/ccnvDxsT.s 			page 6


  57              		.align	2
  58              		.global	HAL_DeInit
  59              		.thumb
  60              		.thumb_func
  62              	HAL_DeInit:
  63              	.LFB113:
 191:../Drivers/STM32F4xx_HAL_Driver/Src/stm32f4xx_hal.c ****   /* Reset of all peripherals */
  64              		.loc 1 191 0
  65              		.cfi_startproc
  66              		@ args = 0, pretend = 0, frame = 0
  67              		@ frame_needed = 0, uses_anonymous_args = 0
 191:../Drivers/STM32F4xx_HAL_Driver/Src/stm32f4xx_hal.c ****   /* Reset of all peripherals */
  68              		.loc 1 191 0
  69 0000 10B5     		push	{r4, lr}
  70              	.LCFI0:
  71              		.cfi_def_cfa_offset 8
  72              		.cfi_offset 4, -8
  73              		.cfi_offset 14, -4
 193:../Drivers/STM32F4xx_HAL_Driver/Src/stm32f4xx_hal.c ****   __APB1_RELEASE_RESET();
  74              		.loc 1 193 0
  75 0002 094B     		ldr	r3, .L5
  76 0004 4FF0FF32 		mov	r2, #-1
  77 0008 1A62     		str	r2, [r3, #32]
 194:../Drivers/STM32F4xx_HAL_Driver/Src/stm32f4xx_hal.c **** 
  78              		.loc 1 194 0
  79 000a 0024     		movs	r4, #0
  80 000c 1C62     		str	r4, [r3, #32]
 196:../Drivers/STM32F4xx_HAL_Driver/Src/stm32f4xx_hal.c ****   __APB2_RELEASE_RESET();
  81              		.loc 1 196 0
  82 000e 5A62     		str	r2, [r3, #36]
 197:../Drivers/STM32F4xx_HAL_Driver/Src/stm32f4xx_hal.c **** 
  83              		.loc 1 197 0
  84 0010 5C62     		str	r4, [r3, #36]
 199:../Drivers/STM32F4xx_HAL_Driver/Src/stm32f4xx_hal.c ****   __AHB1_RELEASE_RESET();
  85              		.loc 1 199 0
  86 0012 1A61     		str	r2, [r3, #16]
 200:../Drivers/STM32F4xx_HAL_Driver/Src/stm32f4xx_hal.c **** 
  87              		.loc 1 200 0
  88 0014 1C61     		str	r4, [r3, #16]
 202:../Drivers/STM32F4xx_HAL_Driver/Src/stm32f4xx_hal.c ****   __AHB2_RELEASE_RESET();
  89              		.loc 1 202 0
  90 0016 5A61     		str	r2, [r3, #20]
 203:../Drivers/STM32F4xx_HAL_Driver/Src/stm32f4xx_hal.c **** 
  91              		.loc 1 203 0
  92 0018 5C61     		str	r4, [r3, #20]
 205:../Drivers/STM32F4xx_HAL_Driver/Src/stm32f4xx_hal.c ****   __AHB3_RELEASE_RESET();
  93              		.loc 1 205 0
  94 001a 9A61     		str	r2, [r3, #24]
 206:../Drivers/STM32F4xx_HAL_Driver/Src/stm32f4xx_hal.c **** 
  95              		.loc 1 206 0
  96 001c 9C61     		str	r4, [r3, #24]
 209:../Drivers/STM32F4xx_HAL_Driver/Src/stm32f4xx_hal.c ****     
  97              		.loc 1 209 0
  98 001e FFF7FEFF 		bl	HAL_MspDeInit
  99              	.LVL0:
 213:../Drivers/STM32F4xx_HAL_Driver/Src/stm32f4xx_hal.c **** 
 100              		.loc 1 213 0
ARM GAS  /tmp/ccnvDxsT.s 			page 7


 101 0022 2046     		mov	r0, r4
 102 0024 10BD     		pop	{r4, pc}
 103              	.L6:
 104 0026 00BF     		.align	2
 105              	.L5:
 106 0028 00380240 		.word	1073887232
 107              		.cfi_endproc
 108              	.LFE113:
 110              		.section	.text.HAL_InitTick,"ax",%progbits
 111              		.align	2
 112              		.weak	HAL_InitTick
 113              		.thumb
 114              		.thumb_func
 116              	HAL_InitTick:
 117              	.LFB116:
 234:../Drivers/STM32F4xx_HAL_Driver/Src/stm32f4xx_hal.c ****   /* NOTE : This function Should not be modified, when the callback is needed,
 235:../Drivers/STM32F4xx_HAL_Driver/Src/stm32f4xx_hal.c ****             the HAL_MspDeInit could be implemented in the user file
 236:../Drivers/STM32F4xx_HAL_Driver/Src/stm32f4xx_hal.c ****    */ 
 237:../Drivers/STM32F4xx_HAL_Driver/Src/stm32f4xx_hal.c **** }
 238:../Drivers/STM32F4xx_HAL_Driver/Src/stm32f4xx_hal.c **** 
 239:../Drivers/STM32F4xx_HAL_Driver/Src/stm32f4xx_hal.c **** /**
 240:../Drivers/STM32F4xx_HAL_Driver/Src/stm32f4xx_hal.c ****   * @brief This function configures the source of the time base.
 241:../Drivers/STM32F4xx_HAL_Driver/Src/stm32f4xx_hal.c ****   *        The time source is configured  to have 1ms time base with a dedicated 
 242:../Drivers/STM32F4xx_HAL_Driver/Src/stm32f4xx_hal.c ****   *        Tick interrupt priority.
 243:../Drivers/STM32F4xx_HAL_Driver/Src/stm32f4xx_hal.c ****   * @note This function is called  automatically at the beginning of program after
 244:../Drivers/STM32F4xx_HAL_Driver/Src/stm32f4xx_hal.c ****   *       reset by HAL_Init() or at any time when clock is reconfigured  by HAL_RCC_ClockConfig().
 245:../Drivers/STM32F4xx_HAL_Driver/Src/stm32f4xx_hal.c ****   * @note In the default implementation, SysTick timer is the source of time base. 
 246:../Drivers/STM32F4xx_HAL_Driver/Src/stm32f4xx_hal.c ****   *       It is used to generate interrupts at regular time intervals. 
 247:../Drivers/STM32F4xx_HAL_Driver/Src/stm32f4xx_hal.c ****   *       Care must be taken if HAL_Delay() is called from a peripheral ISR process, 
 248:../Drivers/STM32F4xx_HAL_Driver/Src/stm32f4xx_hal.c ****   *       The the SysTick interrupt must have higher priority (numerically lower) 
 249:../Drivers/STM32F4xx_HAL_Driver/Src/stm32f4xx_hal.c ****   *       than the peripheral interrupt. Otherwise the caller ISR process will be blocked.
 250:../Drivers/STM32F4xx_HAL_Driver/Src/stm32f4xx_hal.c ****   *       The function is declared as __weak  to be overwritten  in case of other
 251:../Drivers/STM32F4xx_HAL_Driver/Src/stm32f4xx_hal.c ****   *       implementation  in user file.
 252:../Drivers/STM32F4xx_HAL_Driver/Src/stm32f4xx_hal.c ****   * @param TickPriority: Tick interrupt priority.
 253:../Drivers/STM32F4xx_HAL_Driver/Src/stm32f4xx_hal.c ****   * @retval HAL status
 254:../Drivers/STM32F4xx_HAL_Driver/Src/stm32f4xx_hal.c ****   */
 255:../Drivers/STM32F4xx_HAL_Driver/Src/stm32f4xx_hal.c **** __weak HAL_StatusTypeDef HAL_InitTick(uint32_t TickPriority)
 256:../Drivers/STM32F4xx_HAL_Driver/Src/stm32f4xx_hal.c **** {
 118              		.loc 1 256 0
 119              		.cfi_startproc
 120              		@ args = 0, pretend = 0, frame = 0
 121              		@ frame_needed = 0, uses_anonymous_args = 0
 122              	.LVL1:
 123 0000 10B5     		push	{r4, lr}
 124              	.LCFI1:
 125              		.cfi_def_cfa_offset 8
 126              		.cfi_offset 4, -8
 127              		.cfi_offset 14, -4
 128 0002 0446     		mov	r4, r0
 257:../Drivers/STM32F4xx_HAL_Driver/Src/stm32f4xx_hal.c ****   /*Configure the SysTick to have interrupt in 1ms time basis*/
 258:../Drivers/STM32F4xx_HAL_Driver/Src/stm32f4xx_hal.c ****   HAL_SYSTICK_Config(HAL_RCC_GetHCLKFreq()/1000);
 129              		.loc 1 258 0
 130 0004 FFF7FEFF 		bl	HAL_RCC_GetHCLKFreq
 131              	.LVL2:
 132 0008 064B     		ldr	r3, .L9
 133 000a A3FB0030 		umull	r3, r0, r3, r0
 134 000e 8009     		lsrs	r0, r0, #6
ARM GAS  /tmp/ccnvDxsT.s 			page 8


 135 0010 FFF7FEFF 		bl	HAL_SYSTICK_Config
 136              	.LVL3:
 259:../Drivers/STM32F4xx_HAL_Driver/Src/stm32f4xx_hal.c **** 
 260:../Drivers/STM32F4xx_HAL_Driver/Src/stm32f4xx_hal.c ****   /*Configure the SysTick IRQ priority */
 261:../Drivers/STM32F4xx_HAL_Driver/Src/stm32f4xx_hal.c ****   HAL_NVIC_SetPriority(SysTick_IRQn, TickPriority ,0);
 137              		.loc 1 261 0
 138 0014 0022     		movs	r2, #0
 139 0016 2146     		mov	r1, r4
 140 0018 4FF0FF30 		mov	r0, #-1
 141 001c FFF7FEFF 		bl	HAL_NVIC_SetPriority
 142              	.LVL4:
 262:../Drivers/STM32F4xx_HAL_Driver/Src/stm32f4xx_hal.c **** 
 263:../Drivers/STM32F4xx_HAL_Driver/Src/stm32f4xx_hal.c ****   /* Return function status */
 264:../Drivers/STM32F4xx_HAL_Driver/Src/stm32f4xx_hal.c ****   return HAL_OK;
 265:../Drivers/STM32F4xx_HAL_Driver/Src/stm32f4xx_hal.c **** }
 143              		.loc 1 265 0
 144 0020 0020     		movs	r0, #0
 145 0022 10BD     		pop	{r4, pc}
 146              	.LVL5:
 147              	.L10:
 148              		.align	2
 149              	.L9:
 150 0024 D34D6210 		.word	274877907
 151              		.cfi_endproc
 152              	.LFE116:
 154              		.section	.text.HAL_Init,"ax",%progbits
 155              		.align	2
 156              		.global	HAL_Init
 157              		.thumb
 158              		.thumb_func
 160              	HAL_Init:
 161              	.LFB112:
 157:../Drivers/STM32F4xx_HAL_Driver/Src/stm32f4xx_hal.c ****   /* Configure Flash prefetch, Instruction cache, Data cache */ 
 162              		.loc 1 157 0
 163              		.cfi_startproc
 164              		@ args = 0, pretend = 0, frame = 0
 165              		@ frame_needed = 0, uses_anonymous_args = 0
 166 0000 08B5     		push	{r3, lr}
 167              	.LCFI2:
 168              		.cfi_def_cfa_offset 8
 169              		.cfi_offset 3, -8
 170              		.cfi_offset 14, -4
 160:../Drivers/STM32F4xx_HAL_Driver/Src/stm32f4xx_hal.c **** #endif /* INSTRUCTION_CACHE_ENABLE */
 171              		.loc 1 160 0
 172 0002 0B4B     		ldr	r3, .L13
 173 0004 1A68     		ldr	r2, [r3]
 174 0006 42F40072 		orr	r2, r2, #512
 175 000a 1A60     		str	r2, [r3]
 164:../Drivers/STM32F4xx_HAL_Driver/Src/stm32f4xx_hal.c **** #endif /* DATA_CACHE_ENABLE */
 176              		.loc 1 164 0
 177 000c 1A68     		ldr	r2, [r3]
 178 000e 42F48062 		orr	r2, r2, #1024
 179 0012 1A60     		str	r2, [r3]
 168:../Drivers/STM32F4xx_HAL_Driver/Src/stm32f4xx_hal.c **** #endif /* PREFETCH_ENABLE */
 180              		.loc 1 168 0
 181 0014 1A68     		ldr	r2, [r3]
 182 0016 42F48072 		orr	r2, r2, #256
ARM GAS  /tmp/ccnvDxsT.s 			page 9


 183 001a 1A60     		str	r2, [r3]
 172:../Drivers/STM32F4xx_HAL_Driver/Src/stm32f4xx_hal.c **** 
 184              		.loc 1 172 0
 185 001c 0320     		movs	r0, #3
 186 001e FFF7FEFF 		bl	HAL_NVIC_SetPriorityGrouping
 187              	.LVL6:
 175:../Drivers/STM32F4xx_HAL_Driver/Src/stm32f4xx_hal.c ****   
 188              		.loc 1 175 0
 189 0022 0020     		movs	r0, #0
 190 0024 FFF7FEFF 		bl	HAL_InitTick
 191              	.LVL7:
 178:../Drivers/STM32F4xx_HAL_Driver/Src/stm32f4xx_hal.c ****   
 192              		.loc 1 178 0
 193 0028 FFF7FEFF 		bl	HAL_MspInit
 194              	.LVL8:
 182:../Drivers/STM32F4xx_HAL_Driver/Src/stm32f4xx_hal.c **** 
 195              		.loc 1 182 0
 196 002c 0020     		movs	r0, #0
 197 002e 08BD     		pop	{r3, pc}
 198              	.L14:
 199              		.align	2
 200              	.L13:
 201 0030 003C0240 		.word	1073888256
 202              		.cfi_endproc
 203              	.LFE112:
 205              		.section	.text.HAL_IncTick,"ax",%progbits
 206              		.align	2
 207              		.weak	HAL_IncTick
 208              		.thumb
 209              		.thumb_func
 211              	HAL_IncTick:
 212              	.LFB117:
 266:../Drivers/STM32F4xx_HAL_Driver/Src/stm32f4xx_hal.c **** 
 267:../Drivers/STM32F4xx_HAL_Driver/Src/stm32f4xx_hal.c **** /**
 268:../Drivers/STM32F4xx_HAL_Driver/Src/stm32f4xx_hal.c ****   * @}
 269:../Drivers/STM32F4xx_HAL_Driver/Src/stm32f4xx_hal.c ****   */
 270:../Drivers/STM32F4xx_HAL_Driver/Src/stm32f4xx_hal.c **** 
 271:../Drivers/STM32F4xx_HAL_Driver/Src/stm32f4xx_hal.c **** /** @defgroup HAL_Group2 HAL Control functions 
 272:../Drivers/STM32F4xx_HAL_Driver/Src/stm32f4xx_hal.c ****  *  @brief    HAL Control functions
 273:../Drivers/STM32F4xx_HAL_Driver/Src/stm32f4xx_hal.c ****  *
 274:../Drivers/STM32F4xx_HAL_Driver/Src/stm32f4xx_hal.c **** @verbatim
 275:../Drivers/STM32F4xx_HAL_Driver/Src/stm32f4xx_hal.c ****  ===============================================================================
 276:../Drivers/STM32F4xx_HAL_Driver/Src/stm32f4xx_hal.c ****                       ##### HAL Control functions #####
 277:../Drivers/STM32F4xx_HAL_Driver/Src/stm32f4xx_hal.c ****  ===============================================================================
 278:../Drivers/STM32F4xx_HAL_Driver/Src/stm32f4xx_hal.c ****     [..]  This section provides functions allowing to:
 279:../Drivers/STM32F4xx_HAL_Driver/Src/stm32f4xx_hal.c ****       (+) Provide a tick value in millisecond
 280:../Drivers/STM32F4xx_HAL_Driver/Src/stm32f4xx_hal.c ****       (+) Provide a blocking delay in millisecond
 281:../Drivers/STM32F4xx_HAL_Driver/Src/stm32f4xx_hal.c ****       (+) Suspend the time base source interrupt
 282:../Drivers/STM32F4xx_HAL_Driver/Src/stm32f4xx_hal.c ****       (+) Resume the time base source interrupt
 283:../Drivers/STM32F4xx_HAL_Driver/Src/stm32f4xx_hal.c ****       (+) Get the HAL API driver version
 284:../Drivers/STM32F4xx_HAL_Driver/Src/stm32f4xx_hal.c ****       (+) Get the device identifier
 285:../Drivers/STM32F4xx_HAL_Driver/Src/stm32f4xx_hal.c ****       (+) Get the device revision identifier
 286:../Drivers/STM32F4xx_HAL_Driver/Src/stm32f4xx_hal.c ****       (+) Enable/Disable Debug module during SLEEP mode
 287:../Drivers/STM32F4xx_HAL_Driver/Src/stm32f4xx_hal.c ****       (+) Enable/Disable Debug module during STOP mode
 288:../Drivers/STM32F4xx_HAL_Driver/Src/stm32f4xx_hal.c ****       (+) Enable/Disable Debug module during STANDBY mode
 289:../Drivers/STM32F4xx_HAL_Driver/Src/stm32f4xx_hal.c **** 
 290:../Drivers/STM32F4xx_HAL_Driver/Src/stm32f4xx_hal.c **** @endverbatim
ARM GAS  /tmp/ccnvDxsT.s 			page 10


 291:../Drivers/STM32F4xx_HAL_Driver/Src/stm32f4xx_hal.c ****   * @{
 292:../Drivers/STM32F4xx_HAL_Driver/Src/stm32f4xx_hal.c ****   */
 293:../Drivers/STM32F4xx_HAL_Driver/Src/stm32f4xx_hal.c **** 
 294:../Drivers/STM32F4xx_HAL_Driver/Src/stm32f4xx_hal.c **** /**
 295:../Drivers/STM32F4xx_HAL_Driver/Src/stm32f4xx_hal.c ****   * @brief This function is called to increment  a global variable "uwTick"
 296:../Drivers/STM32F4xx_HAL_Driver/Src/stm32f4xx_hal.c ****   *        used as application time base.
 297:../Drivers/STM32F4xx_HAL_Driver/Src/stm32f4xx_hal.c ****   * @note In the default implementation, this variable is incremented each 1ms
 298:../Drivers/STM32F4xx_HAL_Driver/Src/stm32f4xx_hal.c ****   *       in Systick ISR.
 299:../Drivers/STM32F4xx_HAL_Driver/Src/stm32f4xx_hal.c ****  * @note This function is declared as __weak to be overwritten in case of other 
 300:../Drivers/STM32F4xx_HAL_Driver/Src/stm32f4xx_hal.c ****   *      implementations in user file.
 301:../Drivers/STM32F4xx_HAL_Driver/Src/stm32f4xx_hal.c ****   * @param None
 302:../Drivers/STM32F4xx_HAL_Driver/Src/stm32f4xx_hal.c ****   * @retval None
 303:../Drivers/STM32F4xx_HAL_Driver/Src/stm32f4xx_hal.c ****   */
 304:../Drivers/STM32F4xx_HAL_Driver/Src/stm32f4xx_hal.c **** __weak void HAL_IncTick(void)
 305:../Drivers/STM32F4xx_HAL_Driver/Src/stm32f4xx_hal.c **** {
 213              		.loc 1 305 0
 214              		.cfi_startproc
 215              		@ args = 0, pretend = 0, frame = 0
 216              		@ frame_needed = 0, uses_anonymous_args = 0
 217              		@ link register save eliminated.
 306:../Drivers/STM32F4xx_HAL_Driver/Src/stm32f4xx_hal.c ****   uwTick++;
 218              		.loc 1 306 0
 219 0000 024A     		ldr	r2, .L16
 220 0002 1368     		ldr	r3, [r2]
 221 0004 0133     		adds	r3, r3, #1
 222 0006 1360     		str	r3, [r2]
 223 0008 7047     		bx	lr
 224              	.L17:
 225 000a 00BF     		.align	2
 226              	.L16:
 227 000c 00000000 		.word	.LANCHOR0
 228              		.cfi_endproc
 229              	.LFE117:
 231              		.section	.text.HAL_GetTick,"ax",%progbits
 232              		.align	2
 233              		.weak	HAL_GetTick
 234              		.thumb
 235              		.thumb_func
 237              	HAL_GetTick:
 238              	.LFB118:
 307:../Drivers/STM32F4xx_HAL_Driver/Src/stm32f4xx_hal.c **** }
 308:../Drivers/STM32F4xx_HAL_Driver/Src/stm32f4xx_hal.c **** 
 309:../Drivers/STM32F4xx_HAL_Driver/Src/stm32f4xx_hal.c **** /**
 310:../Drivers/STM32F4xx_HAL_Driver/Src/stm32f4xx_hal.c ****   * @brief Provides a tick value in millisecond.
 311:../Drivers/STM32F4xx_HAL_Driver/Src/stm32f4xx_hal.c ****   * @note This function is declared as __weak to be overwritten in case of other 
 312:../Drivers/STM32F4xx_HAL_Driver/Src/stm32f4xx_hal.c ****   *       implementations in user file.
 313:../Drivers/STM32F4xx_HAL_Driver/Src/stm32f4xx_hal.c ****   * @param None
 314:../Drivers/STM32F4xx_HAL_Driver/Src/stm32f4xx_hal.c ****   * @retval tick value
 315:../Drivers/STM32F4xx_HAL_Driver/Src/stm32f4xx_hal.c ****   */
 316:../Drivers/STM32F4xx_HAL_Driver/Src/stm32f4xx_hal.c **** __weak uint32_t HAL_GetTick(void)
 317:../Drivers/STM32F4xx_HAL_Driver/Src/stm32f4xx_hal.c **** {
 239              		.loc 1 317 0
 240              		.cfi_startproc
 241              		@ args = 0, pretend = 0, frame = 0
 242              		@ frame_needed = 0, uses_anonymous_args = 0
 243              		@ link register save eliminated.
 318:../Drivers/STM32F4xx_HAL_Driver/Src/stm32f4xx_hal.c ****   return uwTick;
ARM GAS  /tmp/ccnvDxsT.s 			page 11


 244              		.loc 1 318 0
 245 0000 014B     		ldr	r3, .L19
 246 0002 1868     		ldr	r0, [r3]
 319:../Drivers/STM32F4xx_HAL_Driver/Src/stm32f4xx_hal.c **** }
 247              		.loc 1 319 0
 248 0004 7047     		bx	lr
 249              	.L20:
 250 0006 00BF     		.align	2
 251              	.L19:
 252 0008 00000000 		.word	.LANCHOR0
 253              		.cfi_endproc
 254              	.LFE118:
 256              		.section	.text.HAL_Delay,"ax",%progbits
 257              		.align	2
 258              		.weak	HAL_Delay
 259              		.thumb
 260              		.thumb_func
 262              	HAL_Delay:
 263              	.LFB119:
 320:../Drivers/STM32F4xx_HAL_Driver/Src/stm32f4xx_hal.c **** 
 321:../Drivers/STM32F4xx_HAL_Driver/Src/stm32f4xx_hal.c **** /**
 322:../Drivers/STM32F4xx_HAL_Driver/Src/stm32f4xx_hal.c ****   * @brief This function provides accurate delay (in milliseconds) based 
 323:../Drivers/STM32F4xx_HAL_Driver/Src/stm32f4xx_hal.c ****   *        on variable incremented.
 324:../Drivers/STM32F4xx_HAL_Driver/Src/stm32f4xx_hal.c ****   * @note In the default implementation , SysTick timer is the source of time base.
 325:../Drivers/STM32F4xx_HAL_Driver/Src/stm32f4xx_hal.c ****   *       It is used to generate interrupts at regular time intervals where uwTick
 326:../Drivers/STM32F4xx_HAL_Driver/Src/stm32f4xx_hal.c ****   *       is incremented.
 327:../Drivers/STM32F4xx_HAL_Driver/Src/stm32f4xx_hal.c ****   * @note ThiS function is declared as __weak to be overwritten in case of other
 328:../Drivers/STM32F4xx_HAL_Driver/Src/stm32f4xx_hal.c ****   *       implementations in user file.
 329:../Drivers/STM32F4xx_HAL_Driver/Src/stm32f4xx_hal.c ****   * @param Delay: specifies the delay time length, in milliseconds.
 330:../Drivers/STM32F4xx_HAL_Driver/Src/stm32f4xx_hal.c ****   * @retval None
 331:../Drivers/STM32F4xx_HAL_Driver/Src/stm32f4xx_hal.c ****   */
 332:../Drivers/STM32F4xx_HAL_Driver/Src/stm32f4xx_hal.c **** __weak void HAL_Delay(__IO uint32_t Delay)
 333:../Drivers/STM32F4xx_HAL_Driver/Src/stm32f4xx_hal.c **** {
 264              		.loc 1 333 0
 265              		.cfi_startproc
 266              		@ args = 0, pretend = 0, frame = 8
 267              		@ frame_needed = 0, uses_anonymous_args = 0
 268              	.LVL9:
 269 0000 10B5     		push	{r4, lr}
 270              	.LCFI3:
 271              		.cfi_def_cfa_offset 8
 272              		.cfi_offset 4, -8
 273              		.cfi_offset 14, -4
 274 0002 82B0     		sub	sp, sp, #8
 275              	.LCFI4:
 276              		.cfi_def_cfa_offset 16
 277 0004 0190     		str	r0, [sp, #4]
 278              	.LVL10:
 334:../Drivers/STM32F4xx_HAL_Driver/Src/stm32f4xx_hal.c ****   uint32_t tickstart = 0;
 335:../Drivers/STM32F4xx_HAL_Driver/Src/stm32f4xx_hal.c ****   tickstart = HAL_GetTick();
 279              		.loc 1 335 0
 280 0006 FFF7FEFF 		bl	HAL_GetTick
 281              	.LVL11:
 282 000a 0446     		mov	r4, r0
 283              	.LVL12:
 284              	.L22:
 336:../Drivers/STM32F4xx_HAL_Driver/Src/stm32f4xx_hal.c ****   while((HAL_GetTick() - tickstart) < Delay)
ARM GAS  /tmp/ccnvDxsT.s 			page 12


 285              		.loc 1 336 0 discriminator 1
 286 000c FFF7FEFF 		bl	HAL_GetTick
 287              	.LVL13:
 288 0010 001B     		subs	r0, r0, r4
 289 0012 019B     		ldr	r3, [sp, #4]
 290 0014 9842     		cmp	r0, r3
 291 0016 F9D3     		bcc	.L22
 337:../Drivers/STM32F4xx_HAL_Driver/Src/stm32f4xx_hal.c ****   {
 338:../Drivers/STM32F4xx_HAL_Driver/Src/stm32f4xx_hal.c ****   }
 339:../Drivers/STM32F4xx_HAL_Driver/Src/stm32f4xx_hal.c **** }
 292              		.loc 1 339 0
 293 0018 02B0     		add	sp, sp, #8
 294              	.LCFI5:
 295              		.cfi_def_cfa_offset 8
 296              		@ sp needed
 297 001a 10BD     		pop	{r4, pc}
 298              		.cfi_endproc
 299              	.LFE119:
 301              		.section	.text.HAL_SuspendTick,"ax",%progbits
 302              		.align	2
 303              		.weak	HAL_SuspendTick
 304              		.thumb
 305              		.thumb_func
 307              	HAL_SuspendTick:
 308              	.LFB120:
 340:../Drivers/STM32F4xx_HAL_Driver/Src/stm32f4xx_hal.c **** 
 341:../Drivers/STM32F4xx_HAL_Driver/Src/stm32f4xx_hal.c **** /**
 342:../Drivers/STM32F4xx_HAL_Driver/Src/stm32f4xx_hal.c ****   * @brief Suspend Tick increment.
 343:../Drivers/STM32F4xx_HAL_Driver/Src/stm32f4xx_hal.c ****   * @note In the default implementation , SysTick timer is the source of time base. It is
 344:../Drivers/STM32F4xx_HAL_Driver/Src/stm32f4xx_hal.c ****   *       used to generate interrupts at regular time intervals. Once HAL_SuspendTick()
 345:../Drivers/STM32F4xx_HAL_Driver/Src/stm32f4xx_hal.c ****   *       is called, the the SysTick interrupt will be disabled and so Tick increment 
 346:../Drivers/STM32F4xx_HAL_Driver/Src/stm32f4xx_hal.c ****   *       is suspended.
 347:../Drivers/STM32F4xx_HAL_Driver/Src/stm32f4xx_hal.c ****   * @note This function is declared as __weak to be overwritten in case of other
 348:../Drivers/STM32F4xx_HAL_Driver/Src/stm32f4xx_hal.c ****   *       implementations in user file.
 349:../Drivers/STM32F4xx_HAL_Driver/Src/stm32f4xx_hal.c ****   * @param None
 350:../Drivers/STM32F4xx_HAL_Driver/Src/stm32f4xx_hal.c ****   * @retval None
 351:../Drivers/STM32F4xx_HAL_Driver/Src/stm32f4xx_hal.c ****   */
 352:../Drivers/STM32F4xx_HAL_Driver/Src/stm32f4xx_hal.c **** __weak void HAL_SuspendTick(void)
 353:../Drivers/STM32F4xx_HAL_Driver/Src/stm32f4xx_hal.c **** {
 309              		.loc 1 353 0
 310              		.cfi_startproc
 311              		@ args = 0, pretend = 0, frame = 0
 312              		@ frame_needed = 0, uses_anonymous_args = 0
 313              		@ link register save eliminated.
 354:../Drivers/STM32F4xx_HAL_Driver/Src/stm32f4xx_hal.c ****   /* Disable SysTick Interrupt */
 355:../Drivers/STM32F4xx_HAL_Driver/Src/stm32f4xx_hal.c ****   SysTick->CTRL &= ~SysTick_CTRL_TICKINT_Msk;
 314              		.loc 1 355 0
 315 0000 024A     		ldr	r2, .L25
 316 0002 1368     		ldr	r3, [r2]
 317 0004 23F00203 		bic	r3, r3, #2
 318 0008 1360     		str	r3, [r2]
 319 000a 7047     		bx	lr
 320              	.L26:
 321              		.align	2
 322              	.L25:
 323 000c 10E000E0 		.word	-536813552
 324              		.cfi_endproc
ARM GAS  /tmp/ccnvDxsT.s 			page 13


 325              	.LFE120:
 327              		.section	.text.HAL_ResumeTick,"ax",%progbits
 328              		.align	2
 329              		.weak	HAL_ResumeTick
 330              		.thumb
 331              		.thumb_func
 333              	HAL_ResumeTick:
 334              	.LFB121:
 356:../Drivers/STM32F4xx_HAL_Driver/Src/stm32f4xx_hal.c **** }
 357:../Drivers/STM32F4xx_HAL_Driver/Src/stm32f4xx_hal.c **** 
 358:../Drivers/STM32F4xx_HAL_Driver/Src/stm32f4xx_hal.c **** /**
 359:../Drivers/STM32F4xx_HAL_Driver/Src/stm32f4xx_hal.c ****   * @brief Resume Tick increment.
 360:../Drivers/STM32F4xx_HAL_Driver/Src/stm32f4xx_hal.c ****   * @note In the default implementation , SysTick timer is the source of time base. It is
 361:../Drivers/STM32F4xx_HAL_Driver/Src/stm32f4xx_hal.c ****   *       used to generate interrupts at regular time intervals. Once HAL_ResumeTick()
 362:../Drivers/STM32F4xx_HAL_Driver/Src/stm32f4xx_hal.c ****   *       is called, the the SysTick interrupt will be enabled and so Tick increment 
 363:../Drivers/STM32F4xx_HAL_Driver/Src/stm32f4xx_hal.c ****   *       is resumed.
 364:../Drivers/STM32F4xx_HAL_Driver/Src/stm32f4xx_hal.c ****   * @note This function is declared as __weak to be overwritten in case of other
 365:../Drivers/STM32F4xx_HAL_Driver/Src/stm32f4xx_hal.c ****   *       implementations in user file.
 366:../Drivers/STM32F4xx_HAL_Driver/Src/stm32f4xx_hal.c ****   * @param None
 367:../Drivers/STM32F4xx_HAL_Driver/Src/stm32f4xx_hal.c ****   * @retval None
 368:../Drivers/STM32F4xx_HAL_Driver/Src/stm32f4xx_hal.c ****   */
 369:../Drivers/STM32F4xx_HAL_Driver/Src/stm32f4xx_hal.c **** __weak void HAL_ResumeTick(void)
 370:../Drivers/STM32F4xx_HAL_Driver/Src/stm32f4xx_hal.c **** {
 335              		.loc 1 370 0
 336              		.cfi_startproc
 337              		@ args = 0, pretend = 0, frame = 0
 338              		@ frame_needed = 0, uses_anonymous_args = 0
 339              		@ link register save eliminated.
 371:../Drivers/STM32F4xx_HAL_Driver/Src/stm32f4xx_hal.c ****   /* Enable SysTick Interrupt */
 372:../Drivers/STM32F4xx_HAL_Driver/Src/stm32f4xx_hal.c ****   SysTick->CTRL  |= SysTick_CTRL_TICKINT_Msk;
 340              		.loc 1 372 0
 341 0000 024A     		ldr	r2, .L28
 342 0002 1368     		ldr	r3, [r2]
 343 0004 43F00203 		orr	r3, r3, #2
 344 0008 1360     		str	r3, [r2]
 345 000a 7047     		bx	lr
 346              	.L29:
 347              		.align	2
 348              	.L28:
 349 000c 10E000E0 		.word	-536813552
 350              		.cfi_endproc
 351              	.LFE121:
 353              		.section	.text.HAL_GetHalVersion,"ax",%progbits
 354              		.align	2
 355              		.global	HAL_GetHalVersion
 356              		.thumb
 357              		.thumb_func
 359              	HAL_GetHalVersion:
 360              	.LFB122:
 373:../Drivers/STM32F4xx_HAL_Driver/Src/stm32f4xx_hal.c **** }
 374:../Drivers/STM32F4xx_HAL_Driver/Src/stm32f4xx_hal.c **** 
 375:../Drivers/STM32F4xx_HAL_Driver/Src/stm32f4xx_hal.c **** /**
 376:../Drivers/STM32F4xx_HAL_Driver/Src/stm32f4xx_hal.c ****   * @brief  Returns the HAL revision
 377:../Drivers/STM32F4xx_HAL_Driver/Src/stm32f4xx_hal.c ****   * @param  None
 378:../Drivers/STM32F4xx_HAL_Driver/Src/stm32f4xx_hal.c ****   * @retval version : 0xXYZR (8bits for each decimal, R for RC)
 379:../Drivers/STM32F4xx_HAL_Driver/Src/stm32f4xx_hal.c ****   */
 380:../Drivers/STM32F4xx_HAL_Driver/Src/stm32f4xx_hal.c **** uint32_t HAL_GetHalVersion(void)
ARM GAS  /tmp/ccnvDxsT.s 			page 14


 381:../Drivers/STM32F4xx_HAL_Driver/Src/stm32f4xx_hal.c **** {
 361              		.loc 1 381 0
 362              		.cfi_startproc
 363              		@ args = 0, pretend = 0, frame = 0
 364              		@ frame_needed = 0, uses_anonymous_args = 0
 365              		@ link register save eliminated.
 382:../Drivers/STM32F4xx_HAL_Driver/Src/stm32f4xx_hal.c ****  return __STM32F4xx_HAL_VERSION;
 383:../Drivers/STM32F4xx_HAL_Driver/Src/stm32f4xx_hal.c **** }
 366              		.loc 1 383 0
 367 0000 0048     		ldr	r0, .L31
 368 0002 7047     		bx	lr
 369              	.L32:
 370              		.align	2
 371              	.L31:
 372 0004 00000101 		.word	16842752
 373              		.cfi_endproc
 374              	.LFE122:
 376              		.section	.text.HAL_GetREVID,"ax",%progbits
 377              		.align	2
 378              		.global	HAL_GetREVID
 379              		.thumb
 380              		.thumb_func
 382              	HAL_GetREVID:
 383              	.LFB123:
 384:../Drivers/STM32F4xx_HAL_Driver/Src/stm32f4xx_hal.c **** 
 385:../Drivers/STM32F4xx_HAL_Driver/Src/stm32f4xx_hal.c **** /**
 386:../Drivers/STM32F4xx_HAL_Driver/Src/stm32f4xx_hal.c ****   * @brief  Returns the device revision identifier.
 387:../Drivers/STM32F4xx_HAL_Driver/Src/stm32f4xx_hal.c ****   * @param  None
 388:../Drivers/STM32F4xx_HAL_Driver/Src/stm32f4xx_hal.c ****   * @retval Device revision identifier
 389:../Drivers/STM32F4xx_HAL_Driver/Src/stm32f4xx_hal.c ****   */
 390:../Drivers/STM32F4xx_HAL_Driver/Src/stm32f4xx_hal.c **** uint32_t HAL_GetREVID(void)
 391:../Drivers/STM32F4xx_HAL_Driver/Src/stm32f4xx_hal.c **** {
 384              		.loc 1 391 0
 385              		.cfi_startproc
 386              		@ args = 0, pretend = 0, frame = 0
 387              		@ frame_needed = 0, uses_anonymous_args = 0
 388              		@ link register save eliminated.
 392:../Drivers/STM32F4xx_HAL_Driver/Src/stm32f4xx_hal.c ****    return((DBGMCU->IDCODE) >> 16);
 389              		.loc 1 392 0
 390 0000 014B     		ldr	r3, .L34
 391 0002 1868     		ldr	r0, [r3]
 393:../Drivers/STM32F4xx_HAL_Driver/Src/stm32f4xx_hal.c **** }
 392              		.loc 1 393 0
 393 0004 000C     		lsrs	r0, r0, #16
 394 0006 7047     		bx	lr
 395              	.L35:
 396              		.align	2
 397              	.L34:
 398 0008 002004E0 		.word	-536600576
 399              		.cfi_endproc
 400              	.LFE123:
 402              		.section	.text.HAL_GetDEVID,"ax",%progbits
 403              		.align	2
 404              		.global	HAL_GetDEVID
 405              		.thumb
 406              		.thumb_func
 408              	HAL_GetDEVID:
ARM GAS  /tmp/ccnvDxsT.s 			page 15


 409              	.LFB124:
 394:../Drivers/STM32F4xx_HAL_Driver/Src/stm32f4xx_hal.c **** 
 395:../Drivers/STM32F4xx_HAL_Driver/Src/stm32f4xx_hal.c **** /**
 396:../Drivers/STM32F4xx_HAL_Driver/Src/stm32f4xx_hal.c ****   * @brief  Returns the device identifier.
 397:../Drivers/STM32F4xx_HAL_Driver/Src/stm32f4xx_hal.c ****   * @param  None
 398:../Drivers/STM32F4xx_HAL_Driver/Src/stm32f4xx_hal.c ****   * @retval Device identifier
 399:../Drivers/STM32F4xx_HAL_Driver/Src/stm32f4xx_hal.c ****   */
 400:../Drivers/STM32F4xx_HAL_Driver/Src/stm32f4xx_hal.c **** uint32_t HAL_GetDEVID(void)
 401:../Drivers/STM32F4xx_HAL_Driver/Src/stm32f4xx_hal.c **** {
 410              		.loc 1 401 0
 411              		.cfi_startproc
 412              		@ args = 0, pretend = 0, frame = 0
 413              		@ frame_needed = 0, uses_anonymous_args = 0
 414              		@ link register save eliminated.
 402:../Drivers/STM32F4xx_HAL_Driver/Src/stm32f4xx_hal.c ****    return((DBGMCU->IDCODE) & IDCODE_DEVID_MASK);
 415              		.loc 1 402 0
 416 0000 024B     		ldr	r3, .L37
 417 0002 1868     		ldr	r0, [r3]
 403:../Drivers/STM32F4xx_HAL_Driver/Src/stm32f4xx_hal.c **** }
 418              		.loc 1 403 0
 419 0004 C0F30B00 		ubfx	r0, r0, #0, #12
 420 0008 7047     		bx	lr
 421              	.L38:
 422 000a 00BF     		.align	2
 423              	.L37:
 424 000c 002004E0 		.word	-536600576
 425              		.cfi_endproc
 426              	.LFE124:
 428              		.section	.text.HAL_EnableDBGSleepMode,"ax",%progbits
 429              		.align	2
 430              		.global	HAL_EnableDBGSleepMode
 431              		.thumb
 432              		.thumb_func
 434              	HAL_EnableDBGSleepMode:
 435              	.LFB125:
 404:../Drivers/STM32F4xx_HAL_Driver/Src/stm32f4xx_hal.c **** 
 405:../Drivers/STM32F4xx_HAL_Driver/Src/stm32f4xx_hal.c **** /**
 406:../Drivers/STM32F4xx_HAL_Driver/Src/stm32f4xx_hal.c ****   * @brief  Enable the Debug Module during SLEEP mode
 407:../Drivers/STM32F4xx_HAL_Driver/Src/stm32f4xx_hal.c ****   * @param  None
 408:../Drivers/STM32F4xx_HAL_Driver/Src/stm32f4xx_hal.c ****   * @retval None
 409:../Drivers/STM32F4xx_HAL_Driver/Src/stm32f4xx_hal.c ****   */
 410:../Drivers/STM32F4xx_HAL_Driver/Src/stm32f4xx_hal.c **** void HAL_EnableDBGSleepMode(void)
 411:../Drivers/STM32F4xx_HAL_Driver/Src/stm32f4xx_hal.c **** {
 436              		.loc 1 411 0
 437              		.cfi_startproc
 438              		@ args = 0, pretend = 0, frame = 0
 439              		@ frame_needed = 0, uses_anonymous_args = 0
 440              		@ link register save eliminated.
 412:../Drivers/STM32F4xx_HAL_Driver/Src/stm32f4xx_hal.c ****   SET_BIT(DBGMCU->CR, DBGMCU_CR_DBG_SLEEP);
 441              		.loc 1 412 0
 442 0000 024A     		ldr	r2, .L40
 443 0002 5368     		ldr	r3, [r2, #4]
 444 0004 43F00103 		orr	r3, r3, #1
 445 0008 5360     		str	r3, [r2, #4]
 446 000a 7047     		bx	lr
 447              	.L41:
 448              		.align	2
ARM GAS  /tmp/ccnvDxsT.s 			page 16


 449              	.L40:
 450 000c 002004E0 		.word	-536600576
 451              		.cfi_endproc
 452              	.LFE125:
 454              		.section	.text.HAL_DisableDBGSleepMode,"ax",%progbits
 455              		.align	2
 456              		.global	HAL_DisableDBGSleepMode
 457              		.thumb
 458              		.thumb_func
 460              	HAL_DisableDBGSleepMode:
 461              	.LFB126:
 413:../Drivers/STM32F4xx_HAL_Driver/Src/stm32f4xx_hal.c **** }
 414:../Drivers/STM32F4xx_HAL_Driver/Src/stm32f4xx_hal.c **** 
 415:../Drivers/STM32F4xx_HAL_Driver/Src/stm32f4xx_hal.c **** /**
 416:../Drivers/STM32F4xx_HAL_Driver/Src/stm32f4xx_hal.c ****   * @brief  Disable the Debug Module during SLEEP mode
 417:../Drivers/STM32F4xx_HAL_Driver/Src/stm32f4xx_hal.c ****   * @param  None
 418:../Drivers/STM32F4xx_HAL_Driver/Src/stm32f4xx_hal.c ****   * @retval None
 419:../Drivers/STM32F4xx_HAL_Driver/Src/stm32f4xx_hal.c ****   */
 420:../Drivers/STM32F4xx_HAL_Driver/Src/stm32f4xx_hal.c **** void HAL_DisableDBGSleepMode(void)
 421:../Drivers/STM32F4xx_HAL_Driver/Src/stm32f4xx_hal.c **** {
 462              		.loc 1 421 0
 463              		.cfi_startproc
 464              		@ args = 0, pretend = 0, frame = 0
 465              		@ frame_needed = 0, uses_anonymous_args = 0
 466              		@ link register save eliminated.
 422:../Drivers/STM32F4xx_HAL_Driver/Src/stm32f4xx_hal.c ****   CLEAR_BIT(DBGMCU->CR, DBGMCU_CR_DBG_SLEEP);
 467              		.loc 1 422 0
 468 0000 024A     		ldr	r2, .L43
 469 0002 5368     		ldr	r3, [r2, #4]
 470 0004 23F00103 		bic	r3, r3, #1
 471 0008 5360     		str	r3, [r2, #4]
 472 000a 7047     		bx	lr
 473              	.L44:
 474              		.align	2
 475              	.L43:
 476 000c 002004E0 		.word	-536600576
 477              		.cfi_endproc
 478              	.LFE126:
 480              		.section	.text.HAL_EnableDBGStopMode,"ax",%progbits
 481              		.align	2
 482              		.global	HAL_EnableDBGStopMode
 483              		.thumb
 484              		.thumb_func
 486              	HAL_EnableDBGStopMode:
 487              	.LFB127:
 423:../Drivers/STM32F4xx_HAL_Driver/Src/stm32f4xx_hal.c **** }
 424:../Drivers/STM32F4xx_HAL_Driver/Src/stm32f4xx_hal.c **** 
 425:../Drivers/STM32F4xx_HAL_Driver/Src/stm32f4xx_hal.c **** /**
 426:../Drivers/STM32F4xx_HAL_Driver/Src/stm32f4xx_hal.c ****   * @brief  Enable the Debug Module during STOP mode
 427:../Drivers/STM32F4xx_HAL_Driver/Src/stm32f4xx_hal.c ****   * @param  None
 428:../Drivers/STM32F4xx_HAL_Driver/Src/stm32f4xx_hal.c ****   * @retval None
 429:../Drivers/STM32F4xx_HAL_Driver/Src/stm32f4xx_hal.c ****   */
 430:../Drivers/STM32F4xx_HAL_Driver/Src/stm32f4xx_hal.c **** void HAL_EnableDBGStopMode(void)
 431:../Drivers/STM32F4xx_HAL_Driver/Src/stm32f4xx_hal.c **** {
 488              		.loc 1 431 0
 489              		.cfi_startproc
 490              		@ args = 0, pretend = 0, frame = 0
ARM GAS  /tmp/ccnvDxsT.s 			page 17


 491              		@ frame_needed = 0, uses_anonymous_args = 0
 492              		@ link register save eliminated.
 432:../Drivers/STM32F4xx_HAL_Driver/Src/stm32f4xx_hal.c ****   SET_BIT(DBGMCU->CR, DBGMCU_CR_DBG_STOP);
 493              		.loc 1 432 0
 494 0000 024A     		ldr	r2, .L46
 495 0002 5368     		ldr	r3, [r2, #4]
 496 0004 43F00203 		orr	r3, r3, #2
 497 0008 5360     		str	r3, [r2, #4]
 498 000a 7047     		bx	lr
 499              	.L47:
 500              		.align	2
 501              	.L46:
 502 000c 002004E0 		.word	-536600576
 503              		.cfi_endproc
 504              	.LFE127:
 506              		.section	.text.HAL_DisableDBGStopMode,"ax",%progbits
 507              		.align	2
 508              		.global	HAL_DisableDBGStopMode
 509              		.thumb
 510              		.thumb_func
 512              	HAL_DisableDBGStopMode:
 513              	.LFB128:
 433:../Drivers/STM32F4xx_HAL_Driver/Src/stm32f4xx_hal.c **** }
 434:../Drivers/STM32F4xx_HAL_Driver/Src/stm32f4xx_hal.c **** 
 435:../Drivers/STM32F4xx_HAL_Driver/Src/stm32f4xx_hal.c **** /**
 436:../Drivers/STM32F4xx_HAL_Driver/Src/stm32f4xx_hal.c ****   * @brief  Disable the Debug Module during STOP mode
 437:../Drivers/STM32F4xx_HAL_Driver/Src/stm32f4xx_hal.c ****   * @param  None
 438:../Drivers/STM32F4xx_HAL_Driver/Src/stm32f4xx_hal.c ****   * @retval None
 439:../Drivers/STM32F4xx_HAL_Driver/Src/stm32f4xx_hal.c ****   */
 440:../Drivers/STM32F4xx_HAL_Driver/Src/stm32f4xx_hal.c **** void HAL_DisableDBGStopMode(void)
 441:../Drivers/STM32F4xx_HAL_Driver/Src/stm32f4xx_hal.c **** {
 514              		.loc 1 441 0
 515              		.cfi_startproc
 516              		@ args = 0, pretend = 0, frame = 0
 517              		@ frame_needed = 0, uses_anonymous_args = 0
 518              		@ link register save eliminated.
 442:../Drivers/STM32F4xx_HAL_Driver/Src/stm32f4xx_hal.c ****   CLEAR_BIT(DBGMCU->CR, DBGMCU_CR_DBG_STOP);
 519              		.loc 1 442 0
 520 0000 024A     		ldr	r2, .L49
 521 0002 5368     		ldr	r3, [r2, #4]
 522 0004 23F00203 		bic	r3, r3, #2
 523 0008 5360     		str	r3, [r2, #4]
 524 000a 7047     		bx	lr
 525              	.L50:
 526              		.align	2
 527              	.L49:
 528 000c 002004E0 		.word	-536600576
 529              		.cfi_endproc
 530              	.LFE128:
 532              		.section	.text.HAL_EnableDBGStandbyMode,"ax",%progbits
 533              		.align	2
 534              		.global	HAL_EnableDBGStandbyMode
 535              		.thumb
 536              		.thumb_func
 538              	HAL_EnableDBGStandbyMode:
 539              	.LFB129:
 443:../Drivers/STM32F4xx_HAL_Driver/Src/stm32f4xx_hal.c **** }
ARM GAS  /tmp/ccnvDxsT.s 			page 18


 444:../Drivers/STM32F4xx_HAL_Driver/Src/stm32f4xx_hal.c **** 
 445:../Drivers/STM32F4xx_HAL_Driver/Src/stm32f4xx_hal.c **** /**
 446:../Drivers/STM32F4xx_HAL_Driver/Src/stm32f4xx_hal.c ****   * @brief  Enable the Debug Module during STANDBY mode
 447:../Drivers/STM32F4xx_HAL_Driver/Src/stm32f4xx_hal.c ****   * @param  None
 448:../Drivers/STM32F4xx_HAL_Driver/Src/stm32f4xx_hal.c ****   * @retval None
 449:../Drivers/STM32F4xx_HAL_Driver/Src/stm32f4xx_hal.c ****   */
 450:../Drivers/STM32F4xx_HAL_Driver/Src/stm32f4xx_hal.c **** void HAL_EnableDBGStandbyMode(void)
 451:../Drivers/STM32F4xx_HAL_Driver/Src/stm32f4xx_hal.c **** {
 540              		.loc 1 451 0
 541              		.cfi_startproc
 542              		@ args = 0, pretend = 0, frame = 0
 543              		@ frame_needed = 0, uses_anonymous_args = 0
 544              		@ link register save eliminated.
 452:../Drivers/STM32F4xx_HAL_Driver/Src/stm32f4xx_hal.c ****   SET_BIT(DBGMCU->CR, DBGMCU_CR_DBG_STANDBY);
 545              		.loc 1 452 0
 546 0000 024A     		ldr	r2, .L52
 547 0002 5368     		ldr	r3, [r2, #4]
 548 0004 43F00403 		orr	r3, r3, #4
 549 0008 5360     		str	r3, [r2, #4]
 550 000a 7047     		bx	lr
 551              	.L53:
 552              		.align	2
 553              	.L52:
 554 000c 002004E0 		.word	-536600576
 555              		.cfi_endproc
 556              	.LFE129:
 558              		.section	.text.HAL_DisableDBGStandbyMode,"ax",%progbits
 559              		.align	2
 560              		.global	HAL_DisableDBGStandbyMode
 561              		.thumb
 562              		.thumb_func
 564              	HAL_DisableDBGStandbyMode:
 565              	.LFB130:
 453:../Drivers/STM32F4xx_HAL_Driver/Src/stm32f4xx_hal.c **** }
 454:../Drivers/STM32F4xx_HAL_Driver/Src/stm32f4xx_hal.c **** 
 455:../Drivers/STM32F4xx_HAL_Driver/Src/stm32f4xx_hal.c **** /**
 456:../Drivers/STM32F4xx_HAL_Driver/Src/stm32f4xx_hal.c ****   * @brief  Disable the Debug Module during STANDBY mode
 457:../Drivers/STM32F4xx_HAL_Driver/Src/stm32f4xx_hal.c ****   * @param  None
 458:../Drivers/STM32F4xx_HAL_Driver/Src/stm32f4xx_hal.c ****   * @retval None
 459:../Drivers/STM32F4xx_HAL_Driver/Src/stm32f4xx_hal.c ****   */
 460:../Drivers/STM32F4xx_HAL_Driver/Src/stm32f4xx_hal.c **** void HAL_DisableDBGStandbyMode(void)
 461:../Drivers/STM32F4xx_HAL_Driver/Src/stm32f4xx_hal.c **** {
 566              		.loc 1 461 0
 567              		.cfi_startproc
 568              		@ args = 0, pretend = 0, frame = 0
 569              		@ frame_needed = 0, uses_anonymous_args = 0
 570              		@ link register save eliminated.
 462:../Drivers/STM32F4xx_HAL_Driver/Src/stm32f4xx_hal.c ****   CLEAR_BIT(DBGMCU->CR, DBGMCU_CR_DBG_STANDBY);
 571              		.loc 1 462 0
 572 0000 024A     		ldr	r2, .L55
 573 0002 5368     		ldr	r3, [r2, #4]
 574 0004 23F00403 		bic	r3, r3, #4
 575 0008 5360     		str	r3, [r2, #4]
 576 000a 7047     		bx	lr
 577              	.L56:
 578              		.align	2
 579              	.L55:
ARM GAS  /tmp/ccnvDxsT.s 			page 19


 580 000c 002004E0 		.word	-536600576
 581              		.cfi_endproc
 582              	.LFE130:
 584              		.section	.text.HAL_EnableCompensationCell,"ax",%progbits
 585              		.align	2
 586              		.global	HAL_EnableCompensationCell
 587              		.thumb
 588              		.thumb_func
 590              	HAL_EnableCompensationCell:
 591              	.LFB131:
 463:../Drivers/STM32F4xx_HAL_Driver/Src/stm32f4xx_hal.c **** }
 464:../Drivers/STM32F4xx_HAL_Driver/Src/stm32f4xx_hal.c **** 
 465:../Drivers/STM32F4xx_HAL_Driver/Src/stm32f4xx_hal.c **** /**
 466:../Drivers/STM32F4xx_HAL_Driver/Src/stm32f4xx_hal.c ****   * @brief  Enables the I/O Compensation Cell.
 467:../Drivers/STM32F4xx_HAL_Driver/Src/stm32f4xx_hal.c ****   * @note   The I/O compensation cell can be used only when the device supply
 468:../Drivers/STM32F4xx_HAL_Driver/Src/stm32f4xx_hal.c ****   *         voltage ranges from 2.4 to 3.6 V.  
 469:../Drivers/STM32F4xx_HAL_Driver/Src/stm32f4xx_hal.c ****   * @retval None
 470:../Drivers/STM32F4xx_HAL_Driver/Src/stm32f4xx_hal.c ****   */
 471:../Drivers/STM32F4xx_HAL_Driver/Src/stm32f4xx_hal.c **** void HAL_EnableCompensationCell(void)
 472:../Drivers/STM32F4xx_HAL_Driver/Src/stm32f4xx_hal.c **** {
 592              		.loc 1 472 0
 593              		.cfi_startproc
 594              		@ args = 0, pretend = 0, frame = 0
 595              		@ frame_needed = 0, uses_anonymous_args = 0
 596              		@ link register save eliminated.
 473:../Drivers/STM32F4xx_HAL_Driver/Src/stm32f4xx_hal.c ****   *(__IO uint32_t *)CMPCR_CMP_PD_BB = (uint32_t)ENABLE;
 597              		.loc 1 473 0
 598 0000 0122     		movs	r2, #1
 599 0002 014B     		ldr	r3, .L58
 600 0004 1A60     		str	r2, [r3]
 601 0006 7047     		bx	lr
 602              	.L59:
 603              		.align	2
 604              	.L58:
 605 0008 00042742 		.word	1109853184
 606              		.cfi_endproc
 607              	.LFE131:
 609              		.section	.text.HAL_DisableCompensationCell,"ax",%progbits
 610              		.align	2
 611              		.global	HAL_DisableCompensationCell
 612              		.thumb
 613              		.thumb_func
 615              	HAL_DisableCompensationCell:
 616              	.LFB132:
 474:../Drivers/STM32F4xx_HAL_Driver/Src/stm32f4xx_hal.c **** }
 475:../Drivers/STM32F4xx_HAL_Driver/Src/stm32f4xx_hal.c **** 
 476:../Drivers/STM32F4xx_HAL_Driver/Src/stm32f4xx_hal.c **** /**
 477:../Drivers/STM32F4xx_HAL_Driver/Src/stm32f4xx_hal.c ****   * @brief  Power-down the I/O Compensation Cell.
 478:../Drivers/STM32F4xx_HAL_Driver/Src/stm32f4xx_hal.c ****   * @note   The I/O compensation cell can be used only when the device supply
 479:../Drivers/STM32F4xx_HAL_Driver/Src/stm32f4xx_hal.c ****   *         voltage ranges from 2.4 to 3.6 V.  
 480:../Drivers/STM32F4xx_HAL_Driver/Src/stm32f4xx_hal.c ****   * @retval None
 481:../Drivers/STM32F4xx_HAL_Driver/Src/stm32f4xx_hal.c ****   */
 482:../Drivers/STM32F4xx_HAL_Driver/Src/stm32f4xx_hal.c **** void HAL_DisableCompensationCell(void)
 483:../Drivers/STM32F4xx_HAL_Driver/Src/stm32f4xx_hal.c **** {
 617              		.loc 1 483 0
 618              		.cfi_startproc
 619              		@ args = 0, pretend = 0, frame = 0
ARM GAS  /tmp/ccnvDxsT.s 			page 20


 620              		@ frame_needed = 0, uses_anonymous_args = 0
 621              		@ link register save eliminated.
 484:../Drivers/STM32F4xx_HAL_Driver/Src/stm32f4xx_hal.c ****   *(__IO uint32_t *)CMPCR_CMP_PD_BB = (uint32_t)DISABLE;
 622              		.loc 1 484 0
 623 0000 0022     		movs	r2, #0
 624 0002 014B     		ldr	r3, .L61
 625 0004 1A60     		str	r2, [r3]
 626 0006 7047     		bx	lr
 627              	.L62:
 628              		.align	2
 629              	.L61:
 630 0008 00042742 		.word	1109853184
 631              		.cfi_endproc
 632              	.LFE132:
 634              		.section	.bss.uwTick,"aw",%nobits
 635              		.align	2
 636              		.set	.LANCHOR0,. + 0
 639              	uwTick:
 640 0000 00000000 		.space	4
 641              		.text
 642              	.Letext0:
 643              		.file 2 "/usr/include/newlib/machine/_default_types.h"
 644              		.file 3 "/usr/include/newlib/sys/_stdint.h"
 645              		.file 4 "../Drivers/CMSIS/Include/core_cm4.h"
 646              		.file 5 "../Drivers/CMSIS/Device/ST/STM32F4xx/Include/stm32f401xe.h"
 647              		.file 6 "../Drivers/CMSIS/Device/ST/STM32F4xx/Include/stm32f4xx.h"
 648              		.file 7 "../Drivers/STM32F4xx_HAL_Driver/Inc/stm32f4xx_hal_def.h"
 649              		.file 8 "../Drivers/STM32F4xx_HAL_Driver/Inc/stm32f4xx_hal_rcc.h"
 650              		.file 9 "../Drivers/STM32F4xx_HAL_Driver/Inc/stm32f4xx_hal_cortex.h"
ARM GAS  /tmp/ccnvDxsT.s 			page 21


DEFINED SYMBOLS
                            *ABS*:00000000 stm32f4xx_hal.c
     /tmp/ccnvDxsT.s:22     .text.HAL_MspInit:00000000 $t
     /tmp/ccnvDxsT.s:27     .text.HAL_MspInit:00000000 HAL_MspInit
     /tmp/ccnvDxsT.s:40     .text.HAL_MspDeInit:00000000 $t
     /tmp/ccnvDxsT.s:45     .text.HAL_MspDeInit:00000000 HAL_MspDeInit
     /tmp/ccnvDxsT.s:57     .text.HAL_DeInit:00000000 $t
     /tmp/ccnvDxsT.s:62     .text.HAL_DeInit:00000000 HAL_DeInit
     /tmp/ccnvDxsT.s:106    .text.HAL_DeInit:00000028 $d
     /tmp/ccnvDxsT.s:111    .text.HAL_InitTick:00000000 $t
     /tmp/ccnvDxsT.s:116    .text.HAL_InitTick:00000000 HAL_InitTick
     /tmp/ccnvDxsT.s:150    .text.HAL_InitTick:00000024 $d
     /tmp/ccnvDxsT.s:155    .text.HAL_Init:00000000 $t
     /tmp/ccnvDxsT.s:160    .text.HAL_Init:00000000 HAL_Init
     /tmp/ccnvDxsT.s:201    .text.HAL_Init:00000030 $d
     /tmp/ccnvDxsT.s:206    .text.HAL_IncTick:00000000 $t
     /tmp/ccnvDxsT.s:211    .text.HAL_IncTick:00000000 HAL_IncTick
     /tmp/ccnvDxsT.s:227    .text.HAL_IncTick:0000000c $d
     /tmp/ccnvDxsT.s:232    .text.HAL_GetTick:00000000 $t
     /tmp/ccnvDxsT.s:237    .text.HAL_GetTick:00000000 HAL_GetTick
     /tmp/ccnvDxsT.s:252    .text.HAL_GetTick:00000008 $d
     /tmp/ccnvDxsT.s:257    .text.HAL_Delay:00000000 $t
     /tmp/ccnvDxsT.s:262    .text.HAL_Delay:00000000 HAL_Delay
     /tmp/ccnvDxsT.s:302    .text.HAL_SuspendTick:00000000 $t
     /tmp/ccnvDxsT.s:307    .text.HAL_SuspendTick:00000000 HAL_SuspendTick
     /tmp/ccnvDxsT.s:323    .text.HAL_SuspendTick:0000000c $d
     /tmp/ccnvDxsT.s:328    .text.HAL_ResumeTick:00000000 $t
     /tmp/ccnvDxsT.s:333    .text.HAL_ResumeTick:00000000 HAL_ResumeTick
     /tmp/ccnvDxsT.s:349    .text.HAL_ResumeTick:0000000c $d
     /tmp/ccnvDxsT.s:354    .text.HAL_GetHalVersion:00000000 $t
     /tmp/ccnvDxsT.s:359    .text.HAL_GetHalVersion:00000000 HAL_GetHalVersion
     /tmp/ccnvDxsT.s:372    .text.HAL_GetHalVersion:00000004 $d
     /tmp/ccnvDxsT.s:377    .text.HAL_GetREVID:00000000 $t
     /tmp/ccnvDxsT.s:382    .text.HAL_GetREVID:00000000 HAL_GetREVID
     /tmp/ccnvDxsT.s:398    .text.HAL_GetREVID:00000008 $d
     /tmp/ccnvDxsT.s:403    .text.HAL_GetDEVID:00000000 $t
     /tmp/ccnvDxsT.s:408    .text.HAL_GetDEVID:00000000 HAL_GetDEVID
     /tmp/ccnvDxsT.s:424    .text.HAL_GetDEVID:0000000c $d
     /tmp/ccnvDxsT.s:429    .text.HAL_EnableDBGSleepMode:00000000 $t
     /tmp/ccnvDxsT.s:434    .text.HAL_EnableDBGSleepMode:00000000 HAL_EnableDBGSleepMode
     /tmp/ccnvDxsT.s:450    .text.HAL_EnableDBGSleepMode:0000000c $d
     /tmp/ccnvDxsT.s:455    .text.HAL_DisableDBGSleepMode:00000000 $t
     /tmp/ccnvDxsT.s:460    .text.HAL_DisableDBGSleepMode:00000000 HAL_DisableDBGSleepMode
     /tmp/ccnvDxsT.s:476    .text.HAL_DisableDBGSleepMode:0000000c $d
     /tmp/ccnvDxsT.s:481    .text.HAL_EnableDBGStopMode:00000000 $t
     /tmp/ccnvDxsT.s:486    .text.HAL_EnableDBGStopMode:00000000 HAL_EnableDBGStopMode
     /tmp/ccnvDxsT.s:502    .text.HAL_EnableDBGStopMode:0000000c $d
     /tmp/ccnvDxsT.s:507    .text.HAL_DisableDBGStopMode:00000000 $t
     /tmp/ccnvDxsT.s:512    .text.HAL_DisableDBGStopMode:00000000 HAL_DisableDBGStopMode
     /tmp/ccnvDxsT.s:528    .text.HAL_DisableDBGStopMode:0000000c $d
     /tmp/ccnvDxsT.s:533    .text.HAL_EnableDBGStandbyMode:00000000 $t
     /tmp/ccnvDxsT.s:538    .text.HAL_EnableDBGStandbyMode:00000000 HAL_EnableDBGStandbyMode
     /tmp/ccnvDxsT.s:554    .text.HAL_EnableDBGStandbyMode:0000000c $d
     /tmp/ccnvDxsT.s:559    .text.HAL_DisableDBGStandbyMode:00000000 $t
     /tmp/ccnvDxsT.s:564    .text.HAL_DisableDBGStandbyMode:00000000 HAL_DisableDBGStandbyMode
     /tmp/ccnvDxsT.s:580    .text.HAL_DisableDBGStandbyMode:0000000c $d
     /tmp/ccnvDxsT.s:585    .text.HAL_EnableCompensationCell:00000000 $t
ARM GAS  /tmp/ccnvDxsT.s 			page 22


     /tmp/ccnvDxsT.s:590    .text.HAL_EnableCompensationCell:00000000 HAL_EnableCompensationCell
     /tmp/ccnvDxsT.s:605    .text.HAL_EnableCompensationCell:00000008 $d
     /tmp/ccnvDxsT.s:610    .text.HAL_DisableCompensationCell:00000000 $t
     /tmp/ccnvDxsT.s:615    .text.HAL_DisableCompensationCell:00000000 HAL_DisableCompensationCell
     /tmp/ccnvDxsT.s:630    .text.HAL_DisableCompensationCell:00000008 $d
     /tmp/ccnvDxsT.s:635    .bss.uwTick:00000000 $d
     /tmp/ccnvDxsT.s:639    .bss.uwTick:00000000 uwTick
                     .debug_frame:00000010 $d

UNDEFINED SYMBOLS
HAL_RCC_GetHCLKFreq
HAL_SYSTICK_Config
HAL_NVIC_SetPriority
HAL_NVIC_SetPriorityGrouping
