ARM GAS  /tmp/ccwnKVw5.s 			page 1


   1              		.syntax unified
   2              		.cpu cortex-m4
   3              		.eabi_attribute 27, 1
   4              		.eabi_attribute 28, 1
   5              		.fpu fpv4-sp-d16
   6              		.eabi_attribute 20, 1
   7              		.eabi_attribute 21, 1
   8              		.eabi_attribute 23, 3
   9              		.eabi_attribute 24, 1
  10              		.eabi_attribute 25, 1
  11              		.eabi_attribute 26, 1
  12              		.eabi_attribute 30, 1
  13              		.eabi_attribute 34, 1
  14              		.eabi_attribute 18, 4
  15              		.thumb
  16              		.syntax unified
  17              		.file	"vl53l0x_platform_log.c"
  18              		.text
  19              	.Ltext0:
  20              		.cfi_sections	.debug_frame
  21              		.global	_trace_functions
  22              		.global	_trace_modules
  23              		.global	_trace_level
  24              		.section	.data._trace_level,"aw",%progbits
  25              		.align	2
  28              	_trace_level:
  29 0000 02000000 		.word	2
  30              		.section	.bss._trace_modules,"aw",%nobits
  31              		.align	2
  34              	_trace_modules:
  35 0000 00000000 		.space	4
  36              		.section	.bss._trace_functions,"aw",%nobits
  37              		.align	2
  40              	_trace_functions:
  41 0000 00000000 		.space	4
  42              		.text
  43              	.Letext0:
  44              		.file 1 "/usr/include/newlib/machine/_default_types.h"
  45              		.file 2 "/usr/include/newlib/sys/_stdint.h"
  46              		.file 3 "../Drivers/BSP/Components/vl53l0x/vl53l0x_platform_log.h"
  47              		.file 4 "../Drivers/BSP/Components/vl53l0x/vl53l0x_platform_log.c"
ARM GAS  /tmp/ccwnKVw5.s 			page 2


DEFINED SYMBOLS
                            *ABS*:00000000 vl53l0x_platform_log.c
     /tmp/ccwnKVw5.s:40     .bss._trace_functions:00000000 _trace_functions
     /tmp/ccwnKVw5.s:34     .bss._trace_modules:00000000 _trace_modules
     /tmp/ccwnKVw5.s:28     .data._trace_level:00000000 _trace_level
     /tmp/ccwnKVw5.s:25     .data._trace_level:00000000 $d
     /tmp/ccwnKVw5.s:31     .bss._trace_modules:00000000 $d
     /tmp/ccwnKVw5.s:37     .bss._trace_functions:00000000 $d

NO UNDEFINED SYMBOLS
